# config=thompson problem=e1_easy horizon=250 budget=145.0s n_seeds=30
# columns: seed | reward | steps | time_s | timed_out
  0    792.00   250    0.521  0
  1    806.00   250    0.486  0
  2    772.00   250    0.537  0
  3    769.00   250    0.584  0
  4    756.00   250    0.507  0
  5    808.00   250    0.504  0
  6    793.00   250    0.584  0
  7    810.00   250    0.498  0
  8    824.00   250    0.522  0
  9    768.00   250    0.488  0
 10    763.00   250    0.524  0
 11    812.00   250    0.493  0
 12    824.00   250    0.468  0
 13    784.00   250    0.502  0
 14    810.00   250    0.489  0
 15    756.00   250    0.530  0
 16    771.00   250    0.514  0
 17    787.00   250    0.492  0
 18    762.00   250    0.546  0
 19    796.00   250    0.554  0
 20    774.00   250    0.543  0
 21    784.00   250    0.517  0
 22    791.00   250    0.544  0
 23    797.00   250    0.541  0
 24    800.00   250    0.525  0
 25    771.00   250    0.488  0
 26    782.00   250    0.542  0
 27    768.00   250    0.531  0
 28    782.00   250    0.562  0
 29    778.00   250    0.549  0
# avg=786.333  timeouts=0  total_time=15.7s bailed=0
