# config=thompson problem=e1_hard horizon=500 budget=270.0s n_seeds=30
# columns: seed | reward | steps | time_s | timed_out
  0   1499.00   500    1.010  0
  1   1543.00   500    1.028  0
  2   1482.00   500    1.121  0
  3   1523.00   500    1.044  0
  4   1502.00   500    1.067  0
  5   1543.00   500    1.076  0
  6   1532.00   500    1.083  0
  7   1563.00   500    1.122  0
  8   1565.00   500    0.981  0
  9   1564.00   500    1.072  0
 10   1493.00   500    1.017  0
 11   1520.00   500    0.967  0
 12   1545.00   500    1.040  0
 13   1476.00   500    1.066  0
 14   1518.00   500    1.031  0
 15   1462.00   500    1.036  0
 16   1492.00   500    0.994  0
 17   1549.00   500    1.040  0
 18   1554.00   500    1.062  0
 19   1539.00   500    0.984  0
 20   1506.00   500    1.060  0
 21   1529.00   500    0.995  0
 22   1590.00   500    0.987  0
 23   1512.00   500    1.081  0
 24   1577.00   500    1.020  0
 25   1492.00   500    1.057  0
 26   1490.00   500    1.035  0
 27   1554.00   500    1.063  0
 28   1486.00   500    1.046  0
 29   1506.00   500    0.949  0
# avg=1523.533  timeouts=0  total_time=31.1s bailed=0
