# config=thompson problem=e1_med horizon=375 budget=207.5s n_seeds=30
# columns: seed | reward | steps | time_s | timed_out
  0   1097.00   375    0.805  0
  1   1129.00   375    0.812  0
  2   1096.00   375    0.824  0
  3   1140.00   375    0.798  0
  4   1108.00   375    0.833  0
  5   1192.00   375    0.785  0
  6   1179.00   375    0.810  0
  7   1168.00   375    0.720  0
  8   1159.00   375    0.750  0
  9   1136.00   375    0.811  0
 10   1128.00   375    0.713  0
 11   1164.00   375    0.783  0
 12   1114.00   375    0.762  0
 13   1160.00   375    0.821  0
 14   1173.00   375    0.733  0
 15   1114.00   375    0.756  0
 16   1130.00   375    0.793  0
 17   1108.00   375    0.717  0
 18   1136.00   375    0.860  0
 19   1158.00   375    0.727  0
 20   1116.00   375    0.818  0
 21   1146.00   375    0.705  0
 22   1130.00   375    0.809  0
 23   1134.00   375    0.835  0
 24   1179.00   375    0.765  0
 25   1113.00   375    0.798  0
 26   1129.00   375    0.714  0
 27   1139.00   375    0.798  0
 28   1103.00   375    0.795  0
 29   1138.00   375    0.778  0
# avg=1137.200  timeouts=0  total_time=23.4s bailed=0
