# config=thompson problem=e2_easy horizon=250 budget=145.0s n_seeds=30
# columns: seed | reward | steps | time_s | timed_out
  0    612.00   250    0.096  0
  1    605.00   250    0.097  0
  2    644.00   250    0.081  0
  3    662.00   250    0.087  0
  4    659.00   250    0.092  0
  5    649.00   250    0.096  0
  6    659.00   250    0.094  0
  7    637.00   250    0.101  0
  8    662.00   250    0.089  0
  9    650.00   250    0.085  0
 10    633.00   250    0.090  0
 11    673.00   250    0.094  0
 12    681.00   250    0.093  0
 13    619.00   250    0.106  0
 14    641.00   250    0.091  0
 15    617.00   250    0.103  0
 16    623.00   250    0.097  0
 17    654.00   250    0.094  0
 18    635.00   250    0.092  0
 19    625.00   250    0.105  0
 20    664.00   250    0.092  0
 21    652.00   250    0.097  0
 22    665.00   250    0.098  0
 23    619.00   250    0.095  0
 24    650.00   250    0.093  0
 25    674.00   250    0.092  0
 26    642.00   250    0.096  0
 27    657.00   250    0.098  0
 28    629.00   250    0.090  0
 29    629.00   250    0.098  0
# avg=644.033  timeouts=0  total_time=2.8s bailed=0
