# config=thompson problem=e2_hard horizon=500 budget=270.0s n_seeds=30
# columns: seed | reward | steps | time_s | timed_out
  0    940.00   500    0.137  0
  1    882.00   500    0.146  0
  2    950.00   500    0.144  0
  3    977.00   500    0.144  0
  4    917.00   500    0.144  0
  5    964.00   500    0.147  0
  6    938.00   500    0.150  0
  7    900.00   500    0.155  0
  8    917.00   500    0.144  0
  9    937.00   500    0.138  0
 10    965.00   500    0.152  0
 11    990.00   500    0.152  0
 12    941.00   500    0.153  0
 13    893.00   500    0.131  0
 14    903.00   500    0.142  0
 15    861.00   500    0.134  0
 16    890.00   500    0.148  0
 17    946.00   500    0.132  0
 18    998.00   500    0.158  0
 19    960.00   500    0.130  0
 20    932.00   500    0.133  0
 21   1002.00   500    0.160  0
 22    910.00   500    0.138  0
 23    905.00   500    0.141  0
 24    901.00   500    0.139  0
 25    777.00   500    0.131  0
 26    924.00   500    0.159  0
 27    872.00   500    0.146  0
 28    893.00   500    0.139  0
 29    892.00   500    0.144  0
# avg=922.567  timeouts=0  total_time=4.3s bailed=0
