# config=thompson problem=e2_med horizon=375 budget=207.5s n_seeds=30
# columns: seed | reward | steps | time_s | timed_out
  0    885.00   375    0.160  0
  1    939.00   375    0.137  0
  2    963.00   375    0.124  0
  3    963.00   375    0.128  0
  4    881.00   375    0.118  0
  5    937.00   375    0.155  0
  6    985.00   375    0.134  0
  7    949.00   375    0.146  0
  8    941.00   375    0.129  0
  9    969.00   375    0.131  0
 10    932.00   375    0.137  0
 11    915.00   375    0.138  0
 12    933.00   375    0.125  0
 13    906.00   375    0.136  0
 14    968.00   375    0.128  0
 15    923.00   375    0.150  0
 16    952.00   375    0.132  0
 17    956.00   375    0.143  0
 18    932.00   375    0.139  0
 19    935.00   375    0.133  0
 20    892.00   375    0.137  0
 21    922.00   375    0.127  0
 22    964.00   375    0.132  0
 23    886.00   375    0.137  0
 24    938.00   375    0.137  0
 25    912.00   375    0.128  0
 26    922.00   375    0.146  0
 27    952.00   375    0.139  0
 28    933.00   375    0.143  0
 29    921.00   375    0.135  0
# avg=933.533  timeouts=0  total_time=4.1s bailed=0
