# config=thompson problem=e3_easy horizon=250 budget=145.0s n_seeds=30
# columns: seed | reward | steps | time_s | timed_out
  0    644.00   250    1.617  0
  1    658.00   250    1.608  0
  2    639.00   250    1.606  0
  3    655.00   250    1.524  0
  4    622.00   250    1.437  0
  5    591.00   250    1.545  0
  6    649.00   250    1.521  0
  7    666.00   250    1.514  0
  8    600.00   250    1.492  0
  9    629.00   250    1.457  0
 10    558.00   250    1.686  0
 11    620.00   250    1.570  0
 12    653.00   250    1.535  0
 13    600.00   250    1.527  0
 14    674.00   250    1.608  0
 15    688.00   250    1.433  0
 16    626.00   250    1.514  0
 17    669.00   250    1.536  0
 18    613.00   250    1.396  0
 19    677.00   250    1.649  0
 20    617.00   250    1.597  0
 21    637.00   250    1.429  0
 22    626.00   250    1.613  0
 23    671.00   250    1.859  0
 24    696.00   250    1.582  0
 25    657.00   250    1.512  0
 26    660.00   250    1.790  0
 27    586.00   250    1.624  0
 28    639.00   250    1.432  0
 29    641.00   250    1.671  0
# avg=638.700  timeouts=0  total_time=46.9s bailed=0
