# config=thompson problem=e3_hard horizon=500 budget=270.0s n_seeds=30
# columns: seed | reward | steps | time_s | timed_out
  0    923.00   500    2.998  0
  1    944.00   500    2.668  0
  2    916.00   500    2.917  0
  3    985.00   500    3.165  0
  4    950.00   500    3.636  0
  5    930.00   500    2.962  0
  6    968.00   500    3.306  0
  7    944.00   500    3.069  0
  8    960.00   500    2.897  0
  9    939.00   500    3.008  0
 10    959.00   500    2.926  0
 11    975.00   500    2.756  0
 12   1008.00   500    3.326  0
 13   1006.00   500    3.307  0
 14   1000.00   500    3.044  0
 15    956.00   500    3.119  0
 16   1003.00   500    2.839  0
 17    968.00   500    3.136  0
 18    954.00   500    3.434  0
 19   1030.00   500    3.154  0
 20    949.00   500    2.997  0
 21    975.00   500    3.403  0
 22    997.00   500    3.017  0
 23    938.00   500    3.149  0
 24   1058.00   500    2.942  0
 25   1023.00   500    3.389  0
 26    998.00   500    3.586  0
 27    973.00   500    2.839  0
 28    968.00   500    3.258  0
 29    913.00   500    3.295  0
# avg=970.333  timeouts=0  total_time=93.5s bailed=0
