# config=thompson problem=e3_med horizon=375 budget=207.5s n_seeds=30
# columns: seed | reward | steps | time_s | timed_out
  0    893.00   375    2.263  0
  1    888.00   375    2.413  0
  2    918.00   375    2.141  0
  3    928.00   375    2.395  0
  4    880.00   375    2.958  0
  5    923.00   375    2.215  0
  6    917.00   375    2.320  0
  7    940.00   375    2.154  0
  8    953.00   375    2.353  0
  9    938.00   375    2.213  0
 10    878.00   375    2.144  0
 11    955.00   375    2.331  0
 12    920.00   375    2.750  0
 13    891.00   375    2.545  0
 14    894.00   375    2.287  0
 15    901.00   375    2.620  0
 16    966.00   375    2.157  0
 17    925.00   375    2.043  0
 18    934.00   375    2.502  0
 19    920.00   375    2.714  0
 20    880.00   375    2.155  0
 21    865.00   375    2.021  0
 22    905.00   375    2.350  0
 23    898.00   375    2.720  0
 24    900.00   375    2.047  0
 25    923.00   375    2.070  0
 26    869.00   375    2.739  0
 27    928.00   375    2.506  0
 28    878.00   375    2.385  0
 29    859.00   375    2.449  0
# avg=908.900  timeouts=0  total_time=71.0s bailed=0
