# config=thompson problem=e4_easy horizon=250 budget=145.0s n_seeds=30
# columns: seed | reward | steps | time_s | timed_out
  0    852.00   250    0.120  0
  1    862.00   250    0.126  0
  2    904.00   250    0.115  0
  3    922.00   250    0.126  0
  4    876.00   250    0.131  0
  5    914.00   250    0.115  0
  6    882.00   250    0.127  0
  7    888.00   250    0.131  0
  8    904.00   250    0.126  0
  9    942.00   250    0.121  0
 10    872.00   250    0.130  0
 11    912.00   250    0.116  0
 12    926.00   250    0.118  0
 13    974.00   250    0.122  0
 14    902.00   250    0.122  0
 15    880.00   250    0.125  0
 16    878.00   250    0.121  0
 17    898.00   250    0.118  0
 18    916.00   250    0.130  0
 19    862.00   250    0.135  0
 20    900.00   250    0.116  0
 21    886.00   250    0.128  0
 22    930.00   250    0.120  0
 23    906.00   250    0.127  0
 24    882.00   250    0.126  0
 25    886.00   250    0.125  0
 26    866.00   250    0.117  0
 27    870.00   250    0.122  0
 28    886.00   250    0.128  0
 29    908.00   250    0.136  0
# avg=896.200  timeouts=0  total_time=3.7s bailed=0
