# config=thompson problem=e4_hard horizon=500 budget=270.0s n_seeds=30
# columns: seed | reward | steps | time_s | timed_out
  0   1732.00   500    0.258  0
  1   1778.00   500    0.246  0
  2   1688.00   500    0.256  0
  3   1790.00   500    0.241  0
  4   1696.00   500    0.262  0
  5   1748.00   500    0.239  0
  6   1738.00   500    0.231  0
  7   1790.00   500    0.245  0
  8   1794.00   500    0.246  0
  9   1782.00   500    0.243  0
 10   1686.00   500    0.247  0
 11   1746.00   500    0.249  0
 12   1664.00   500    0.241  0
 13   1730.00   500    0.280  0
 14   1756.00   500    0.242  0
 15   1732.00   500    0.265  0
 16   1692.00   500    0.268  0
 17   1702.00   500    0.259  0
 18   1802.00   500    0.264  0
 19   1746.00   500    0.238  0
 20   1710.00   500    0.249  0
 21   1720.00   500    0.253  0
 22   1774.00   500    0.248  0
 23   1708.00   500    0.244  0
 24   1830.00   500    0.259  0
 25   1720.00   500    0.258  0
 26   1694.00   500    0.246  0
 27   1710.00   500    0.278  0
 28   1632.00   500    0.241  0
 29   1690.00   500    0.243  0
# avg=1732.667  timeouts=0  total_time=7.6s bailed=0
