# config=thompson problem=e4_med horizon=375 budget=207.5s n_seeds=30
# columns: seed | reward | steps | time_s | timed_out
  0   1322.00   375    0.178  0
  1   1278.00   375    0.181  0
  2   1304.00   375    0.192  0
  3   1320.00   375    0.182  0
  4   1238.00   375    0.196  0
  5   1310.00   375    0.171  0
  6   1292.00   375    0.174  0
  7   1332.00   375    0.200  0
  8   1350.00   375    0.187  0
  9   1314.00   375    0.174  0
 10   1316.00   375    0.195  0
 11   1354.00   375    0.171  0
 12   1300.00   375    0.176  0
 13   1270.00   375    0.193  0
 14   1362.00   375    0.187  0
 15   1294.00   375    0.184  0
 16   1230.00   375    0.176  0
 17   1276.00   375    0.193  0
 18   1330.00   375    0.201  0
 19   1318.00   375    0.182  0
 20   1312.00   375    0.175  0
 21   1330.00   375    0.186  0
 22   1358.00   375    0.181  0
 23   1276.00   375    0.182  0
 24   1326.00   375    0.171  0
 25   1234.00   375    0.178  0
 26   1276.00   375    0.201  0
 27   1266.00   375    0.205  0
 28   1274.00   375    0.178  0
 29   1296.00   375    0.197  0
# avg=1301.933  timeouts=0  total_time=5.5s bailed=0
