# config=thompson problem=e5_easy horizon=250 budget=145.0s n_seeds=30
# columns: seed | reward | steps | time_s | timed_out
  0    730.00   250    0.219  0
  1    754.00   250    0.217  0
  2    705.00   250    0.236  0
  3    739.00   250    0.254  0
  4    699.00   250    0.267  0
  5    754.00   250    0.226  0
  6    687.00   250    0.224  0
  7    749.00   250    0.206  0
  8    756.00   250    0.223  0
  9    712.00   250    0.234  0
 10    691.00   250    0.282  0
 11    722.00   250    0.225  0
 12    758.00   250    0.244  0
 13    716.00   250    0.215  0
 14    734.00   250    0.241  0
 15    712.00   250    0.269  0
 16    709.00   250    0.224  0
 17    742.00   250    0.213  0
 18    715.00   250    0.235  0
 19    675.00   250    0.221  0
 20    748.00   250    0.229  0
 21    740.00   250    0.225  0
 22    684.00   250    0.246  0
 23    696.00   250    0.211  0
 24    746.00   250    0.212  0
 25    738.00   250    0.216  0
 26    711.00   250    0.272  0
 27    718.00   250    0.236  0
 28    722.00   250    0.231  0
 29    712.00   250    0.229  0
# avg=722.467  timeouts=0  total_time=7.0s bailed=0
