# config=thompson problem=e5_hard horizon=500 budget=270.0s n_seeds=30
# columns: seed | reward | steps | time_s | timed_out
  0    963.00   500    0.391  0
  1    992.00   500    0.352  0
  2   1086.00   500    0.408  0
  3    980.00   500    0.353  0
  4    964.00   500    0.439  0
  5    976.00   500    0.374  0
  6   1024.00   500    0.357  0
  7   1006.00   500    0.398  0
  8   1030.00   500    0.426  0
  9   1002.00   500    0.421  0
 10   1045.00   500    0.395  0
 11   1040.00   500    0.430  0
 12   1070.00   500    0.395  0
 13    994.00   500    0.392  0
 14   1028.00   500    0.392  0
 15    958.00   500    0.381  0
 16    995.00   500    0.395  0
 17   1037.00   500    0.346  0
 18   1104.00   500    0.398  0
 19    983.00   500    0.338  0
 20   1036.00   500    0.414  0
 21   1013.00   500    0.372  0
 22    991.00   500    0.392  0
 23    938.00   500    0.345  0
 24    986.00   500    0.375  0
 25    950.00   500    0.367  0
 26   1030.00   500    0.378  0
 27   1026.00   500    0.377  0
 28    966.00   500    0.370  0
 29    986.00   500    0.442  0
# avg=1006.633  timeouts=0  total_time=11.6s bailed=0
