# config=thompson problem=e5_med horizon=375 budget=207.5s n_seeds=30
# columns: seed | reward | steps | time_s | timed_out
  0   1032.00   375    0.301  0
  1   1090.00   375    0.378  0
  2   1096.00   375    0.338  0
  3   1070.00   375    0.343  0
  4    998.00   375    0.365  0
  5   1052.00   375    0.323  0
  6   1057.00   375    0.363  0
  7   1078.00   375    0.323  0
  8   1095.00   375    0.326  0
  9   1060.00   375    0.342  0
 10   1017.00   375    0.381  0
 11   1085.00   375    0.340  0
 12   1039.00   375    0.355  0
 13   1040.00   375    0.369  0
 14   1029.00   375    0.339  0
 15   1018.00   375    0.338  0
 16    970.00   375    0.303  0
 17   1042.00   375    0.329  0
 18   1012.00   375    0.346  0
 19   1057.00   375    0.354  0
 20   1058.00   375    0.321  0
 21    995.00   375    0.386  0
 22   1080.00   375    0.335  0
 23   1068.00   375    0.345  0
 24   1056.00   375    0.328  0
 25   1001.00   375    0.362  0
 26   1024.00   375    0.357  0
 27   1032.00   375    0.340  0
 28   1006.00   375    0.350  0
 29   1066.00   375    0.317  0
# avg=1044.100  timeouts=0  total_time=10.3s bailed=0
