# config=thompson problem=m1_easy horizon=250 budget=145.0s n_seeds=30
# columns: seed | reward | steps | time_s | timed_out
  0    560.00   250    8.308  0
  1    550.00   250    9.064  0
  2    544.00   250    8.294  0
  3    560.00   250    9.238  0
  4    543.00   250    8.946  0
  5    558.00   250    9.431  0
  6    582.00   250    8.735  0
  7    584.00   250    7.865  0
  8    522.00   250    9.581  0
  9    506.00   250   10.220  0
 10    536.00   250   11.103  0
 11    566.00   250    9.268  0
 12    570.00   250    8.432  0
 13    556.00   250    8.800  0
 14    567.00   250   10.506  0
 15    565.00   250    7.830  0
 16    561.00   250    9.936  0
 17    554.00   250    8.641  0
 18    586.00   250    9.639  0
 19    556.00   250    8.964  0
 20    557.00   250    8.207  0
 21    562.00   250    8.682  0
 22    546.00   250    7.858  0
 23    514.00   250    8.439  0
 24    520.00   250    8.424  0
 25    552.00   250    7.770  0
 26    559.00   250    8.728  0
 27    568.00   250    8.483  0
 28    570.00   250    8.086  0
 29    566.00   250    9.213  0
# avg=554.667  timeouts=0  total_time=266.7s bailed=0
