# config=thompson problem=m1_hard horizon=500 budget=270.0s n_seeds=30
# columns: seed | reward | steps | time_s | timed_out
  0    943.00   500   36.004  0
  1    863.00   500   34.211  0
  2    908.00   500   26.802  0
  3    972.00   500   32.921  0
  4    995.00   500   41.011  0
  5    928.00   500   32.736  0
  6    932.00   500   34.714  0
  7    936.00   500   39.360  0
  8    915.00   500   48.161  0
  9    942.00   500   29.391  0
 10    928.00   500   39.432  0
 11    863.00   500   36.848  0
 12    939.00   500   37.824  0
 13    925.00   500   36.817  0
 14    856.00   500   36.405  0
 15    956.00   500   34.222  0
 16    860.00   500   35.400  0
 17    870.00   500   27.420  0
 18    884.00   500   34.293  0
 19    878.00   500   32.924  0
 20    927.00   500   25.730  0
 21    883.00   500   28.717  0
 22    945.00   500   38.475  0
 23    871.00   500   25.324  0
 24    936.00   500   37.159  0
 25    898.00   500   29.809  0
 26    928.00   500   30.887  0
 27    921.00   500   26.675  0
 28    869.00   500   27.451  0
 29    901.00   500   29.645  0
# avg=912.400  timeouts=0  total_time=1006.8s bailed=0
