# config=thompson problem=m1_med horizon=375 budget=207.5s n_seeds=30
# columns: seed | reward | steps | time_s | timed_out
  0    786.00   375   14.109  0
  1    802.00   375   15.367  0
  2    794.00   375   12.876  0
  3    804.00   375   13.538  0
  4    830.00   375   13.131  0
  5    770.00   375   12.991  0
  6    827.00   375   15.739  0
  7    795.00   375   12.080  0
  8    799.00   375   13.482  0
  9    745.00   375   12.754  0
 10    793.00   375   12.796  0
 11    868.00   375   10.912  0
 12    770.00   375   12.955  0
 13    804.00   375   15.834  0
 14    837.00   375   14.615  0
 15    839.00   375   14.868  0
 16    805.00   375   12.028  0
 17    809.00   375   12.720  0
 18    814.00   375   12.029  0
 19    785.00   375   14.220  0
 20    820.00   375   11.866  0
 21    798.00   375   14.180  0
 22    807.00   375   11.298  0
 23    793.00   375   12.919  0
 24    814.00   375   11.390  0
 25    763.00   375   15.097  0
 26    823.00   375   16.413  0
 27    820.00   375   12.154  0
 28    766.00   375   11.990  0
 29    791.00   375   12.164  0
# avg=802.367  timeouts=0  total_time=398.5s bailed=0
