# config=thompson problem=m2_easy horizon=250 budget=145.0s n_seeds=30
# columns: seed | reward | steps | time_s | timed_out
  0    600.00   250    7.439  0
  1    592.00   250    8.057  0
  2    621.00   250    8.446  0
  3    589.00   250    8.484  0
  4    570.00   250    7.951  0
  5    600.00   250    7.915  0
  6    597.00   250    9.100  0
  7    586.00   250    8.533  0
  8    600.00   250    8.717  0
  9    635.00   250    8.474  0
 10    565.00   250   11.058  0
 11    594.00   250    8.477  0
 12    653.00   250    7.355  0
 13    661.00   250    7.357  0
 14    616.00   250    8.534  0
 15    605.00   250    8.297  0
 16    590.00   250    7.281  0
 17    586.00   250    7.881  0
 18    618.00   250    9.113  0
 19    564.00   250    8.909  0
 20    557.00   250    9.674  0
 21    574.00   250    7.537  0
 22    575.00   250    9.703  0
 23    598.00   250    8.029  0
 24    582.00   250    7.850  0
 25    654.00   250    9.506  0
 26    535.00   250    9.120  0
 27    633.00   250    9.071  0
 28    620.00   250    7.818  0
 29    647.00   250    8.895  0
# avg=600.567  timeouts=0  total_time=254.6s bailed=0
