# config=thompson problem=m2_hard horizon=500 budget=270.0s n_seeds=30
# columns: seed | reward | steps | time_s | timed_out
  0    933.00   500   15.947  0
  1    986.00   500   20.058  0
  2    979.00   500   17.890  0
  3    972.00   500   18.392  0
  4    920.00   500   19.053  0
  5    955.00   500   15.958  0
  6   1007.00   500   18.444  0
  7    920.00   500   16.103  0
  8   1028.00   500   17.047  0
  9    987.00   500   17.556  0
 10    950.00   500   15.643  0
 11    948.00   500   17.096  0
 12   1053.00   500   14.872  0
 13   1014.00   500   17.553  0
 14    888.00   500   15.186  0
 15    990.00   500   15.561  0
 16    967.00   500   18.006  0
 17    968.00   500   18.137  0
 18    988.00   500   15.600  0
 19    870.00   500   19.771  0
 20    904.00   500   15.022  0
 21    899.00   500   16.106  0
 22    938.00   500   17.905  0
 23    966.00   500   17.546  0
 24    936.00   500   14.687  0
 25   1000.00   500   17.225  0
 26    936.00   500   16.304  0
 27    880.00   500   15.312  0
 28    939.00   500   16.735  0
 29    854.00   500   14.372  0
# avg=952.500  timeouts=0  total_time=505.1s bailed=0
