# config=thompson problem=m2_med horizon=375 budget=207.5s n_seeds=30
# columns: seed | reward | steps | time_s | timed_out
  0    850.00   375   13.197  0
  1    882.00   375   11.683  0
  2    891.00   375   13.103  0
  3    846.00   375   11.783  0
  4    866.00   375   12.942  0
  5    807.00   375   11.404  0
  6    872.00   375   12.370  0
  7    855.00   375   12.563  0
  8    928.00   375   14.114  0
  9    860.00   375   12.073  0
 10    955.00   375   12.043  0
 11    881.00   375   13.403  0
 12    811.00   375   12.225  0
 13    916.00   375   13.489  0
 14    893.00   375   11.105  0
 15    846.00   375   13.453  0
 16    848.00   375   14.054  0
 17    871.00   375   12.974  0
 18    908.00   375   11.582  0
 19    894.00   375   12.673  0
 20    863.00   375   13.664  0
 21    842.00   375   12.493  0
 22    885.00   375   12.302  0
 23    866.00   375   11.125  0
 24    892.00   375   13.166  0
 25    787.00   375   12.542  0
 26    843.00   375   16.841  0
 27    894.00   375   10.954  0
 28    840.00   375   12.899  0
 29    865.00   375   11.837  0
# avg=868.567  timeouts=0  total_time=380.1s bailed=0
