# config=thompson problem=m3_easy horizon=250 budget=145.0s n_seeds=30
# columns: seed | reward | steps | time_s | timed_out
  0    563.00   250   13.807  0
  1    610.00   250   13.137  0
  2    628.00   250   14.828  0
  3    593.00   250   13.247  0
  4    610.00   250   12.912  0
  5    619.00   250   14.904  0
  6    574.00   250   12.900  0
  7    607.00   250   12.373  0
  8    625.00   250   12.054  0
  9    632.00   250   15.278  0
 10    611.00   250   12.974  0
 11    611.00   250   12.389  0
 12    612.00   250   13.187  0
 13    578.00   250   14.177  0
 14    606.00   250   11.758  0
 15    561.00   250   14.808  0
 16    580.00   250   13.103  0
 17    550.00   250   14.856  0
 18    599.00   250   13.012  0
 19    571.00   250   12.883  0
 20    583.00   250   13.332  0
 21    611.00   250   15.285  0
 22    611.00   250   11.795  0
 23    609.00   250   14.630  0
 24    615.00   250   13.247  0
 25    620.00   250   13.811  0
 26    562.00   250   16.021  0
 27    594.00   250   15.361  0
 28    577.00   250   15.922  0
 29    622.00   250   12.078  0
# avg=598.133  timeouts=0  total_time=410.1s bailed=0
