# config=thompson problem=m3_hard horizon=500 budget=270.0s n_seeds=30
# columns: seed | reward | steps | time_s | timed_out
  0    879.00   500   28.220  0
  1    936.00   500   28.307  0
  2    880.00   500   27.417  0
  3    911.00   500   28.859  0
  4    951.00   500   28.276  0
  5    919.00   500   26.499  0
  6    925.00   500   24.832  0
  7    955.00   500   31.567  0
  8    871.00   500   23.457  0
  9    881.00   500   26.238  0
 10    884.00   500   27.805  0
 11    915.00   500   30.503  0
 12    960.00   500   30.264  0
 13    910.00   500   26.116  0
 14    930.00   500   25.124  0
 15    835.00   500   30.211  0
 16    842.00   500   28.475  0
 17    926.00   500   30.136  0
 18    916.00   500   28.855  0
 19    912.00   500   28.779  0
 20    980.00   500   23.123  0
 21    991.00   500   27.031  0
 22    864.00   500   22.631  0
 23    924.00   500   27.094  0
 24    960.00   500   23.129  0
 25    912.00   500   26.497  0
 26    925.00   500   24.489  0
 27    905.00   500   25.897  0
 28    934.00   500   30.093  0
 29    942.00   500   30.046  0
# avg=915.833  timeouts=0  total_time=820.0s bailed=0
