# config=thompson problem=m3_med horizon=375 budget=207.5s n_seeds=30
# columns: seed | reward | steps | time_s | timed_out
  0    799.00   375   21.980  0
  1    864.00   375   20.447  0
  2    847.00   375   18.202  0
  3    895.00   375   17.570  0
  4    805.00   375   21.397  0
  5    870.00   375   18.703  0
  6    847.00   375   20.021  0
  7    907.00   375   19.526  0
  8    886.00   375   18.726  0
  9    863.00   375   22.472  0
 10    810.00   375   21.568  0
 11    891.00   375   18.946  0
 12    858.00   375   17.976  0
 13    849.00   375   21.843  0
 14    851.00   375   20.042  0
 15    836.00   375   21.913  0
 16    839.00   375   21.006  0
 17    858.00   375   20.142  0
 18    863.00   375   18.006  0
 19    894.00   375   17.167  0
 20    917.00   375   16.536  0
 21    799.00   375   22.131  0
 22    898.00   375   18.584  0
 23    864.00   375   20.082  0
 24    886.00   375   20.587  0
 25    867.00   375   17.628  0
 26    815.00   375   23.054  0
 27    868.00   375   19.109  0
 28    803.00   375   20.742  0
 29    847.00   375   20.430  0
# avg=856.533  timeouts=0  total_time=596.5s bailed=0
