# config=thompson problem=m4_easy horizon=250 budget=145.0s n_seeds=30
# columns: seed | reward | steps | time_s | timed_out
  0    688.00   250    9.946  0
  1    719.00   250    7.872  0
  2    678.00   250    9.839  0
  3    726.00   250    7.795  0
  4    713.00   250    8.542  0
  5    795.00   250    7.857  0
  6    732.00   250    7.817  0
  7    759.00   250    8.587  0
  8    678.00   250    9.033  0
  9    706.00   250    9.439  0
 10    672.00   250    9.953  0
 11    718.00   250    9.238  0
 12    739.00   250    8.927  0
 13    684.00   250    9.272  0
 14    712.00   250    8.923  0
 15    697.00   250    9.411  0
 16    666.00   250    9.411  0
 17    686.00   250    9.125  0
 18    696.00   250    9.901  0
 19    696.00   250    9.158  0
 20    723.00   250    7.965  0
 21    688.00   250    9.823  0
 22    731.00   250    7.970  0
 23    694.00   250    9.513  0
 24    694.00   250    8.989  0
 25    717.00   250    8.282  0
 26    710.00   250    9.017  0
 27    666.00   250    8.106  0
 28    670.00   250    9.731  0
 29    712.00   250    9.679  0
# avg=705.500  timeouts=0  total_time=269.1s bailed=0
