# config=thompson problem=m4_hard horizon=500 budget=270.0s n_seeds=30
# columns: seed | reward | steps | time_s | timed_out
  0   1137.00   500   15.648  0
  1   1305.00   500   13.926  0
  2   1243.00   500   15.865  0
  3   1182.00   500   14.338  0
  4   1216.00   500   16.938  0
  5   1257.00   500   14.314  0
  6   1271.00   500   15.868  0
  7   1204.00   500   16.546  0
  8   1247.00   500   17.150  0
  9   1269.00   500   14.492  0
 10   1235.00   500   18.495  0
 11   1247.00   500   17.381  0
 12   1228.00   500   16.877  0
 13   1217.00   500   15.466  0
 14   1234.00   500   13.391  0
 15   1194.00   500   14.190  0
 16   1154.00   500   14.751  0
 17   1229.00   500   14.456  0
 18   1274.00   500   15.484  0
 19   1243.00   500   17.721  0
 20   1174.00   500   15.703  0
 21   1187.00   500   14.692  0
 22   1264.00   500   15.978  0
 23   1255.00   500   14.932  0
 24   1254.00   500   15.916  0
 25   1226.00   500   15.884  0
 26   1263.00   500   16.580  0
 27   1199.00   500   13.623  0
 28   1208.00   500   16.094  0
 29   1240.00   500   15.123  0
# avg=1228.533  timeouts=0  total_time=467.8s bailed=0
