# config=thompson problem=m4_med horizon=375 budget=207.5s n_seeds=30
# columns: seed | reward | steps | time_s | timed_out
  0   1014.00   375   12.895  0
  1   1086.00   375   12.777  0
  2   1049.00   375   11.893  0
  3   1093.00   375   13.170  0
  4    996.00   375   14.690  0
  5    968.00   375   11.819  0
  6   1040.00   375   13.296  0
  7   1053.00   375   12.784  0
  8   1035.00   375   15.142  0
  9   1006.00   375   14.686  0
 10   1002.00   375   15.498  0
 11   1102.00   375   11.275  0
 12   1002.00   375   13.235  0
 13    978.00   375   14.364  0
 14   1043.00   375   11.545  0
 15   1002.00   375   12.264  0
 16    986.00   375   12.613  0
 17   1080.00   375   11.507  0
 18   1031.00   375   13.867  0
 19   1000.00   375   13.623  0
 20   1005.00   375   13.377  0
 21   1014.00   375   14.035  0
 22   1020.00   375   12.425  0
 23   1047.00   375   13.581  0
 24   1033.00   375   12.403  0
 25    982.00   375   14.035  0
 26   1034.00   375   13.475  0
 27   1016.00   375   12.915  0
 28    977.00   375   13.400  0
 29   1034.00   375   11.419  0
# avg=1024.267  timeouts=0  total_time=394.0s bailed=0
