# config=thompson problem=m5_easy horizon=250 budget=145.0s n_seeds=30
# columns: seed | reward | steps | time_s | timed_out
  0    505.00   250   14.823  0
  1    615.00   250   12.596  0
  2    591.00   250   12.920  0
  3    557.00   250   13.663  0
  4    530.00   250   14.553  0
  5    585.00   250   12.639  0
  6    570.00   250   15.581  0
  7    609.00   250   11.790  0
  8    542.00   250   13.225  0
  9    574.00   250   13.120  0
 10    545.00   250   13.913  0
 11    609.00   250   11.757  0
 12    558.00   250   15.123  0
 13    607.00   250   13.879  0
 14    534.00   250   14.651  0
 15    585.00   250   11.678  0
 16    558.00   250   15.583  0
 17    569.00   250   11.732  0
 18    563.00   250   14.645  0
 19    621.00   250   11.817  0
 20    542.00   250   13.895  0
 21    544.00   250   15.880  0
 22    558.00   250   13.715  0
 23    595.00   250   12.523  0
 24    607.00   250   12.658  0
 25    569.00   250   13.846  0
 26    548.00   250   16.757  0
 27    566.00   250   10.725  0
 28    531.00   250   12.688  0
 29    601.00   250   11.868  0
# avg=569.600  timeouts=0  total_time=404.2s bailed=0
