# config=thompson problem=m5_hard horizon=500 budget=270.0s n_seeds=30
# columns: seed | reward | steps | time_s | timed_out
  0    773.00   500   22.265  0
  1    899.00   500   22.871  0
  2    843.00   500   20.534  0
  3    931.00   500   20.769  0
  4    800.00   500   22.354  0
  5    894.00   500   21.314  0
  6    875.00   500   22.184  0
  7    847.00   500   21.135  0
  8    852.00   500   19.195  0
  9    849.00   500   23.186  0
 10    879.00   500   22.099  0
 11    890.00   500   22.289  0
 12    872.00   500   19.894  0
 13    898.00   500   22.589  0
 14    826.00   500   20.064  0
 15    824.00   500   22.851  0
 16    828.00   500   21.368  0
 17    838.00   500   23.610  0
 18    906.00   500   23.860  0
 19    900.00   500   20.366  0
 20    847.00   500   24.783  0
 21    929.00   500   19.726  0
 22    836.00   500   20.709  0
 23    899.00   500   20.929  0
 24    861.00   500   21.447  0
 25    836.00   500   20.862  0
 26    845.00   500   22.939  0
 27    829.00   500   19.661  0
 28    806.00   500   26.287  0
 29    901.00   500   17.889  0
# avg=860.433  timeouts=0  total_time=650.0s bailed=0
