# config=thompson problem=m5_med horizon=375 budget=207.5s n_seeds=30
# columns: seed | reward | steps | time_s | timed_out
  0    779.00   375   16.787  0
  1    857.00   375   16.592  0
  2    867.00   375   18.536  0
  3    849.00   375   18.051  0
  4    785.00   375   20.228  0
  5    810.00   375   19.125  0
  6    838.00   375   18.995  0
  7    903.00   375   17.832  0
  8    870.00   375   17.972  0
  9    802.00   375   19.397  0
 10    877.00   375   19.981  0
 11    855.00   375   18.243  0
 12    795.00   375   19.142  0
 13    865.00   375   18.066  0
 14    871.00   375   17.880  0
 15    810.00   375   20.678  0
 16    792.00   375   17.757  0
 17    820.00   375   17.530  0
 18    816.00   375   16.405  0
 19    873.00   375   19.112  0
 20    828.00   375   16.585  0
 21    788.00   375   22.411  0
 22    895.00   375   15.748  0
 23    792.00   375   20.911  0
 24    834.00   375   18.679  0
 25    834.00   375   15.572  0
 26    789.00   375   17.671  0
 27    790.00   375   16.547  0
 28    815.00   375   20.559  0
 29    857.00   375   16.945  0
# avg=831.867  timeouts=0  total_time=549.9s bailed=0
