# config=thompson problem=p1_easy horizon=250 budget=145.0s n_seeds=30
# columns: seed | reward | steps | time_s | timed_out
  0    831.00   250    0.229  0
  1    861.00   250    0.251  0
  2    848.00   250    0.233  0
  3    854.00   250    0.235  0
  4    818.00   250    0.243  0
  5    823.00   250    0.213  0
  6    850.00   250    0.224  0
  7    829.00   250    0.206  0
  8    851.00   250    0.212  0
  9    822.00   250    0.223  0
 10    858.00   250    0.233  0
 11    887.00   250    0.214  0
 12    910.00   250    0.227  0
 13    834.00   250    0.208  0
 14    859.00   250    0.239  0
 15    834.00   250    0.210  0
 16    814.00   250    0.206  0
 17    806.00   250    0.227  0
 18    818.00   250    0.249  0
 19    875.00   250    0.214  0
 20    827.00   250    0.218  0
 21    798.00   250    0.224  0
 22    916.00   250    0.239  0
 23    790.00   250    0.235  0
 24    830.00   250    0.211  0
 25    860.00   250    0.205  0
 26    796.00   250    0.218  0
 27    813.00   250    0.216  0
 28    844.00   250    0.207  0
 29    813.00   250    0.202  0
# avg=838.967  timeouts=0  total_time=6.7s bailed=0
