# config=thompson problem=p1_hard horizon=500 budget=270.0s n_seeds=30
# columns: seed | reward | steps | time_s | timed_out
  0   1227.00   500    0.903  0
  1   1236.00   500    0.870  0
  2   1293.00   500    0.803  0
  3   1302.00   500    0.853  0
  4   1174.00   500    0.783  0
  5   1268.00   500    0.720  0
  6   1215.00   500    0.943  0
  7   1075.00   500    0.978  0
  8   1303.00   500    0.911  0
  9   1289.00   500    0.669  0
 10   1274.00   500    0.729  0
 11   1249.00   500    0.780  0
 12   1159.00   500    0.847  0
 13   1245.00   500    0.808  0
 14   1215.00   500    0.704  0
 15   1289.00   500    0.947  0
 16   1234.00   500    0.715  0
 17   1214.00   500    0.895  0
 18   1292.00   500    0.843  0
 19   1284.00   500    0.888  0
 20   1382.00   500    0.659  0
 21   1352.00   500    0.749  0
 22   1293.00   500    0.840  0
 23   1221.00   500    0.832  0
 24   1277.00   500    0.771  0
 25   1161.00   500    1.086  0
 26   1223.00   500    0.708  0
 27   1102.00   500    0.941  0
 28   1133.00   500    0.832  0
 29   1182.00   500    0.951  0
# avg=1238.767  timeouts=0  total_time=25.0s bailed=0
