# config=thompson problem=p1_med horizon=375 budget=207.5s n_seeds=30
# columns: seed | reward | steps | time_s | timed_out
  0   1215.00   375    0.340  0
  1   1186.00   375    0.333  0
  2   1202.00   375    0.322  0
  3   1210.00   375    0.315  0
  4   1176.00   375    0.315  0
  5   1226.00   375    0.314  0
  6   1199.00   375    0.317  0
  7   1204.00   375    0.342  0
  8   1251.00   375    0.325  0
  9   1222.00   375    0.371  0
 10   1224.00   375    0.347  0
 11   1252.00   375    0.334  0
 12   1171.00   375    0.391  0
 13   1192.00   375    0.335  0
 14   1171.00   375    0.346  0
 15   1174.00   375    0.325  0
 16   1179.00   375    0.327  0
 17   1190.00   375    0.315  0
 18   1214.00   375    0.368  0
 19   1254.00   375    0.305  0
 20   1226.00   375    0.315  0
 21   1161.00   375    0.355  0
 22   1255.00   375    0.317  0
 23   1177.00   375    0.342  0
 24   1211.00   375    0.327  0
 25   1159.00   375    0.340  0
 26   1152.00   375    0.354  0
 27   1200.00   375    0.312  0
 28   1108.00   375    0.338  0
 29   1161.00   375    0.367  0
# avg=1197.400  timeouts=0  total_time=10.1s bailed=0
