# config=thompson problem=rl_easy horizon=250 budget=145.0s n_seeds=30
# columns: seed | reward | steps | time_s | timed_out
  0   2907.00   250    0.101  0
  1   2907.00   250    0.098  0
  2   2857.00   250    0.096  0
  3   2952.00   250    0.097  0
  4   2907.00   250    0.098  0
  5   2902.00   250    0.096  0
  6   2950.00   250    0.101  0
  7   2957.00   250    0.098  0
  8   2951.00   250    0.098  0
  9   3000.00   250    0.097  0
 10   2803.00   250    0.106  0
 11   3007.00   250    0.096  0
 12   3007.00   250    0.096  0
 13   2957.00   250    0.095  0
 14   2957.00   250    0.101  0
 15   2957.00   250    0.096  0
 16   2907.00   250    0.095  0
 17   3000.00   250    0.099  0
 18   2950.00   250    0.104  0
 19   2951.00   250    0.098  0
 20   3000.00   250    0.095  0
 21   2908.00   250    0.095  0
 22   3000.00   250    0.098  0
 23   2907.00   250    0.094  0
 24   2914.00   250    0.098  0
 25   3050.00   250    0.101  0
 26   2950.00   250    0.098  0
 27   2851.00   250    0.099  0
 28   2950.00   250    0.096  0
 29   3000.00   250    0.100  0
# avg=2943.867  timeouts=0  total_time=2.9s bailed=0
