# config=thompson problem=rl_hard horizon=500 budget=270.0s n_seeds=30
# columns: seed | reward | steps | time_s | timed_out
  0   5707.00   500    0.202  0
  1   5757.00   500    0.201  0
  2   5714.00   500    0.202  0
  3   5907.00   500    0.203  0
  4   5459.00   500    0.204  0
  5   5758.00   500    0.207  0
  6   5807.00   500    0.210  0
  7   5807.00   500    0.195  0
  8   5950.00   500    0.205  0
  9   5857.00   500    0.201  0
 10   5752.00   500    0.209  0
 11   5851.00   500    0.213  0
 12   5750.00   500    0.205  0
 13   5609.00   500    0.212  0
 14   5951.00   500    0.199  0
 15   5708.00   500    0.218  0
 16   5807.00   500    0.205  0
 17   5900.00   500    0.208  0
 18   5708.00   500    0.205  0
 19   5857.00   500    0.203  0
 20   5757.00   500    0.204  0
 21   5801.00   500    0.204  0
 22   5808.00   500    0.207  0
 23   5664.00   500    0.202  0
 24   5809.00   500    0.207  0
 25   5559.00   500    0.208  0
 26   5564.00   500    0.208  0
 27   5614.00   500    0.208  0
 28   5608.00   500    0.211  0
 29   5709.00   500    0.205  0
# avg=5750.300  timeouts=0  total_time=6.2s bailed=0
