# config=thompson problem=rl_med horizon=375 budget=207.5s n_seeds=30
# columns: seed | reward | steps | time_s | timed_out
  0   4257.00   375    0.149  0
  1   4258.00   375    0.143  0
  2   4307.00   375    0.150  0
  3   4500.00   375    0.150  0
  4   4157.00   375    0.148  0
  5   4357.00   375    0.151  0
  6   4258.00   375    0.157  0
  7   4307.00   375    0.156  0
  8   4401.00   375    0.152  0
  9   4401.00   375    0.152  0
 10   4307.00   375    0.156  0
 11   4357.00   375    0.161  0
 12   4202.00   375    0.148  0
 13   4307.00   375    0.154  0
 14   4500.00   375    0.149  0
 15   4214.00   375    0.156  0
 16   4307.00   375    0.151  0
 17   4352.00   375    0.152  0
 18   4351.00   375    0.153  0
 19   4357.00   375    0.150  0
 20   4307.00   375    0.149  0
 21   4357.00   375    0.149  0
 22   4302.00   375    0.153  0
 23   4350.00   375    0.154  0
 24   4401.00   375    0.150  0
 25   4300.00   375    0.154  0
 26   4158.00   375    0.161  0
 27   4251.00   375    0.152  0
 28   4250.00   375    0.152  0
 29   4258.00   375    0.151  0
# avg=4313.033  timeouts=0  total_time=4.6s bailed=0
