# config=random problem=e1_easy horizon=250 budget=145.0s n_seeds=30
# columns: seed | reward | steps | time_s | timed_out
  0     19.00   250    0.007  0
  1     10.00   250    0.005  0
  2      0.00   250    0.005  0
  3      6.00   250    0.005  0
  4     12.00   250    0.005  0
  5      5.00   250    0.005  0
  6      3.00   250    0.005  0
  7      0.00   250    0.005  0
  8      0.00   250    0.005  0
  9      7.00   250    0.005  0
 10      0.00   250    0.005  0
 11      5.00   250    0.005  0
 12     10.00   250    0.005  0
 13      0.00   250    0.005  0
 14      0.00   250    0.005  0
 15      0.00   250    0.005  0
 16      6.00   250    0.005  0
 17      5.00   250    0.005  0
 18      0.00   250    0.005  0
 19      0.00   250    0.005  0
 20     12.00   250    0.005  0
 21     20.00   250    0.005  0
 22     11.00   250    0.005  0
 23      2.00   250    0.005  0
 24      7.00   250    0.005  0
 25      7.00   250    0.005  0
 26     19.00   250    0.005  0
 27     13.00   250    0.005  0
 28      5.00   250    0.005  0
 29      5.00   250    0.005  0
# avg=6.300  timeouts=0  total_time=0.1s bailed=0
