# config=random problem=e1_hard horizon=500 budget=270.0s n_seeds=30
# columns: seed | reward | steps | time_s | timed_out
  0     11.00   500    0.010  0
  1      6.00   500    0.010  0
  2      0.00   500    0.010  0
  3     10.00   500    0.010  0
  4     12.00   500    0.010  0
  5     10.00   500    0.010  0
  6      5.00   500    0.010  0
  7      8.00   500    0.010  0
  8      5.00   500    0.010  0
  9      3.00   500    0.010  0
 10      7.00   500    0.010  0
 11      8.00   500    0.010  0
 12      9.00   500    0.010  0
 13      0.00   500    0.010  0
 14     10.00   500    0.010  0
 15     14.00   500    0.010  0
 16     10.00   500    0.010  0
 17      0.00   500    0.010  0
 18     14.00   500    0.010  0
 19     19.00   500    0.010  0
 20      3.00   500    0.011  0
 21     19.00   500    0.010  0
 22      7.00   500    0.010  0
 23      7.00   500    0.010  0
 24      7.00   500    0.010  0
 25      9.00   500    0.010  0
 26      6.00   500    0.010  0
 27      0.00   500    0.010  0
 28     12.00   500    0.010  0
 29     15.00   500    0.010  0
# avg=8.200  timeouts=0  total_time=0.3s bailed=0
