# config=random problem=e1_med horizon=375 budget=207.5s n_seeds=30
# columns: seed | reward | steps | time_s | timed_out
  0      9.00   375    0.009  0
  1      3.00   375    0.007  0
  2      5.00   375    0.007  0
  3      6.00   375    0.007  0
  4     12.00   375    0.007  0
  5      0.00   375    0.007  0
  6     11.00   375    0.007  0
  7      7.00   375    0.008  0
  8      7.00   375    0.016  0
  9      4.00   375    0.007  0
 10      0.00   375    0.007  0
 11      6.00   375    0.007  0
 12      6.00   375    0.007  0
 13      7.00   375    0.008  0
 14     14.00   375    0.007  0
 15     18.00   375    0.007  0
 16     17.00   375    0.007  0
 17      0.00   375    0.007  0
 18     16.00   375    0.007  0
 19      5.00   375    0.007  0
 20     18.00   375    0.007  0
 21      0.00   375    0.007  0
 22     15.00   375    0.007  0
 23     25.00   375    0.007  0
 24      7.00   375    0.007  0
 25     18.00   375    0.007  0
 26     17.00   375    0.007  0
 27      9.00   375    0.007  0
 28     12.00   375    0.007  0
 29      7.00   375    0.007  0
# avg=9.367  timeouts=0  total_time=0.3s bailed=0
