# config=random problem=e2_easy horizon=250 budget=145.0s n_seeds=30
# columns: seed | reward | steps | time_s | timed_out
  0     19.00   250    0.007  0
  1     11.00   250    0.005  0
  2      2.00   250    0.005  0
  3      0.00   250    0.004  0
  4      6.00   250    0.004  0
  5      8.00   250    0.004  0
  6      0.00   250    0.004  0
  7      4.00   250    0.004  0
  8      8.00   250    0.004  0
  9      0.00   250    0.004  0
 10      0.00   250    0.004  0
 11      1.00   250    0.004  0
 12      0.00   250    0.004  0
 13      0.00   250    0.004  0
 14      2.00   250    0.004  0
 15      0.00   250    0.004  0
 16      3.00   250    0.004  0
 17      5.00   250    0.005  0
 18      6.00   250    0.004  0
 19      0.00   250    0.004  0
 20      2.00   250    0.004  0
 21      0.00   250    0.004  0
 22      0.00   250    0.004  0
 23      6.00   250    0.004  0
 24      8.00   250    0.004  0
 25     12.00   250    0.004  0
 26      4.00   250    0.004  0
 27      0.00   250    0.004  0
 28      9.00   250    0.004  0
 29      4.00   250    0.004  0
# avg=4.000  timeouts=0  total_time=0.1s bailed=0
