# config=random problem=e2_hard horizon=500 budget=270.0s n_seeds=30
# columns: seed | reward | steps | time_s | timed_out
  0      6.00   500    0.010  0
  1     20.00   500    0.009  0
  2     12.00   500    0.009  0
  3     13.00   500    0.009  0
  4     23.00   500    0.009  0
  5      9.00   500    0.009  0
  6     13.00   500    0.009  0
  7      5.00   500    0.009  0
  8      9.00   500    0.009  0
  9     17.00   500    0.009  0
 10     13.00   500    0.009  0
 11     22.00   500    0.009  0
 12     18.00   500    0.009  0
 13     16.00   500    0.009  0
 14      0.00   500    0.009  0
 15      0.00   500    0.009  0
 16     19.00   500    0.009  0
 17     18.00   500    0.009  0
 18     10.00   500    0.010  0
 19      6.00   500    0.009  0
 20      0.00   500    0.010  0
 21     15.00   500    0.009  0
 22     10.00   500    0.009  0
 23     16.00   500    0.009  0
 24     11.00   500    0.009  0
 25      6.00   500    0.009  0
 26     20.00   500    0.009  0
 27     16.00   500    0.009  0
 28     15.00   500    0.009  0
 29      9.00   500    0.009  0
# avg=12.233  timeouts=0  total_time=0.3s bailed=0
