# config=random problem=e2_med horizon=375 budget=207.5s n_seeds=30
# columns: seed | reward | steps | time_s | timed_out
  0     10.00   375    0.009  0
  1      8.00   375    0.008  0
  2      6.00   375    0.018  0
  3      6.00   375    0.007  0
  4     12.00   375    0.007  0
  5     12.00   375    0.007  0
  6      6.00   375    0.007  0
  7      1.00   375    0.007  0
  8      0.00   375    0.007  0
  9      9.00   375    0.006  0
 10     16.00   375    0.006  0
 11     11.00   375    0.006  0
 12      6.00   375    0.007  0
 13      7.00   375    0.007  0
 14      0.00   375    0.007  0
 15      7.00   375    0.006  0
 16      6.00   375    0.006  0
 17      9.00   375    0.006  0
 18      2.00   375    0.007  0
 19      0.00   375    0.007  0
 20      2.00   375    0.007  0
 21      5.00   375    0.006  0
 22      0.00   375    0.006  0
 23     22.00   375    0.006  0
 24     12.00   375    0.006  0
 25      0.00   375    0.006  0
 26      2.00   375    0.007  0
 27     15.00   375    0.006  0
 28      1.00   375    0.007  0
 29     11.00   375    0.006  0
# avg=6.800  timeouts=0  total_time=0.2s bailed=0
