# config=random problem=e4_easy horizon=250 budget=145.0s n_seeds=30
# columns: seed | reward | steps | time_s | timed_out
  0     12.00   250    0.008  0
  1     28.00   250    0.005  0
  2      0.00   250    0.015  0
  3      4.00   250    0.005  0
  4      8.00   250    0.006  0
  5      0.00   250    0.006  0
  6     10.00   250    0.006  0
  7      2.00   250    0.006  0
  8      2.00   250    0.006  0
  9      6.00   250    0.005  0
 10      4.00   250    0.006  0
 11     10.00   250    0.006  0
 12      8.00   250    0.006  0
 13      8.00   250    0.005  0
 14      8.00   250    0.005  0
 15      0.00   250    0.005  0
 16      0.00   250    0.005  0
 17      6.00   250    0.005  0
 18     12.00   250    0.005  0
 19     10.00   250    0.005  0
 20     10.00   250    0.005  0
 21      0.00   250    0.005  0
 22      2.00   250    0.005  0
 23      2.00   250    0.005  0
 24      4.00   250    0.006  0
 25     16.00   250    0.006  0
 26      0.00   250    0.005  0
 27      2.00   250    0.005  0
 28      8.00   250    0.005  0
 29      8.00   250    0.005  0
# avg=6.333  timeouts=0  total_time=0.2s bailed=0
