# config=random problem=e4_hard horizon=500 budget=270.0s n_seeds=30
# columns: seed | reward | steps | time_s | timed_out
  0      6.00   500    0.011  0
  1     12.00   500    0.010  0
  2     20.00   500    0.010  0
  3      6.00   500    0.010  0
  4      6.00   500    0.010  0
  5     16.00   500    0.010  0
  6      4.00   500    0.010  0
  7      0.00   500    0.010  0
  8      0.00   500    0.010  0
  9      2.00   500    0.010  0
 10      2.00   500    0.010  0
 11     14.00   500    0.010  0
 12     14.00   500    0.010  0
 13     14.00   500    0.010  0
 14     10.00   500    0.010  0
 15     38.00   500    0.010  0
 16     12.00   500    0.010  0
 17      4.00   500    0.010  0
 18      4.00   500    0.010  0
 19      4.00   500    0.010  0
 20      0.00   500    0.010  0
 21      4.00   500    0.010  0
 22     16.00   500    0.010  0
 23     10.00   500    0.010  0
 24      8.00   500    0.010  0
 25     10.00   500    0.010  0
 26      6.00   500    0.010  0
 27      0.00   500    0.010  0
 28      0.00   500    0.010  0
 29      4.00   500    0.010  0
# avg=8.200  timeouts=0  total_time=0.3s bailed=0
