# config=random problem=e4_med horizon=375 budget=207.5s n_seeds=30
# columns: seed | reward | steps | time_s | timed_out
  0      4.00   375    0.008  0
  1      8.00   375    0.008  0
  2      6.00   375    0.007  0
  3      4.00   375    0.007  0
  4      2.00   375    0.008  0
  5      8.00   375    0.007  0
  6      8.00   375    0.007  0
  7      0.00   375    0.007  0
  8     12.00   375    0.007  0
  9      2.00   375    0.007  0
 10      8.00   375    0.007  0
 11      0.00   375    0.007  0
 12      2.00   375    0.007  0
 13     20.00   375    0.007  0
 14      0.00   375    0.007  0
 15      8.00   375    0.007  0
 16      0.00   375    0.007  0
 17     14.00   375    0.007  0
 18      6.00   375    0.007  0
 19     10.00   375    0.007  0
 20      6.00   375    0.007  0
 21      0.00   375    0.007  0
 22      4.00   375    0.007  0
 23      2.00   375    0.007  0
 24      0.00   375    0.007  0
 25     12.00   375    0.007  0
 26      0.00   375    0.007  0
 27     12.00   375    0.008  0
 28      4.00   375    0.012  0
 29      6.00   375    0.012  0
# avg=5.600  timeouts=0  total_time=0.2s bailed=0
