# config=random problem=e5_easy horizon=250 budget=145.0s n_seeds=30
# columns: seed | reward | steps | time_s | timed_out
  0      0.00   250    0.006  0
  1      0.00   250    0.005  0
  2      0.00   250    0.005  0
  3      0.00   250    0.005  0
  4      7.00   250    0.005  0
  5      6.00   250    0.005  0
  6      4.00   250    0.005  0
  7      0.00   250    0.010  0
  8      2.00   250    0.005  0
  9      6.00   250    0.005  0
 10      0.00   250    0.005  0
 11      5.00   250    0.005  0
 12      0.00   250    0.005  0
 13      0.00   250    0.005  0
 14      0.00   250    0.005  0
 15      3.00   250    0.005  0
 16      0.00   250    0.005  0
 17      0.00   250    0.005  0
 18      0.00   250    0.005  0
 19     10.00   250    0.005  0
 20      0.00   250    0.005  0
 21      0.00   250    0.005  0
 22      0.00   250    0.005  0
 23      7.00   250    0.005  0
 24      7.00   250    0.005  0
 25      0.00   250    0.005  0
 26      0.00   250    0.005  0
 27      2.00   250    0.005  0
 28      0.00   250    0.005  0
 29      0.00   250    0.004  0
# avg=1.967  timeouts=0  total_time=0.1s bailed=0
