# config=random problem=e5_hard horizon=500 budget=270.0s n_seeds=30
# columns: seed | reward | steps | time_s | timed_out
  0      7.00   500    0.010  0
  1      3.00   500    0.009  0
  2      2.00   500    0.009  0
  3      0.00   500    0.009  0
  4      0.00   500    0.009  0
  5      9.00   500    0.009  0
  6      0.00   500    0.009  0
  7      0.00   500    0.009  0
  8      0.00   500    0.009  0
  9      4.00   500    0.009  0
 10     16.00   500    0.009  0
 11      0.00   500    0.009  0
 12      6.00   500    0.009  0
 13     13.00   500    0.009  0
 14      0.00   500    0.009  0
 15      2.00   500    0.009  0
 16     11.00   500    0.009  0
 17      9.00   500    0.009  0
 18      0.00   500    0.009  0
 19      0.00   500    0.010  0
 20      0.00   500    0.009  0
 21      0.00   500    0.009  0
 22      0.00   500    0.009  0
 23      0.00   500    0.009  0
 24      0.00   500    0.009  0
 25     13.00   500    0.009  0
 26      0.00   500    0.009  0
 27      5.00   500    0.009  0
 28     14.00   500    0.009  0
 29      0.00   500    0.009  0
# avg=3.800  timeouts=0  total_time=0.3s bailed=0
