# config=random problem=m1_easy horizon=250 budget=145.0s n_seeds=30
# columns: seed | reward | steps | time_s | timed_out
  0      0.00   250    0.007  0
  1      0.00   250    0.005  0
  2      0.00   250    0.005  0
  3      0.00   250    0.005  0
  4      0.00   250    0.005  0
  5      0.00   250    0.004  0
  6      0.00   250    0.004  0
  7      0.00   250    0.004  0
  8      0.00   250    0.004  0
  9      0.00   250    0.005  0
 10      0.00   250    0.004  0
 11      0.00   250    0.004  0
 12      0.00   250    0.004  0
 13      0.00   250    0.004  0
 14      0.00   250    0.004  0
 15      0.00   250    0.004  0
 16      0.00   250    0.004  0
 17      0.00   250    0.004  0
 18      0.00   250    0.004  0
 19      0.00   250    0.005  0
 20      0.00   250    0.004  0
 21      0.00   250    0.004  0
 22      0.00   250    0.004  0
 23      0.00   250    0.004  0
 24      0.00   250    0.004  0
 25      0.00   250    0.004  0
 26      0.00   250    0.005  0
 27      0.00   250    0.005  0
 28      0.00   250    0.005  0
 29      0.00   250    0.005  0
# avg=0.000  timeouts=0  total_time=0.1s bailed=0
