# config=random problem=m2_hard horizon=500 budget=270.0s n_seeds=30
# columns: seed | reward | steps | time_s | timed_out
  0      8.00   500    0.010  0
  1      0.00   500    0.010  0
  2      0.00   500    0.009  0
  3      0.00   500    0.009  0
  4      0.00   500    0.009  0
  5      0.00   500    0.009  0
  6      0.00   500    0.010  0
  7      0.00   500    0.010  0
  8      2.00   500    0.009  0
  9      4.00   500    0.009  0
 10      0.00   500    0.010  0
 11      2.00   500    0.009  0
 12      4.00   500    0.009  0
 13      0.00   500    0.009  0
 14      2.00   500    0.010  0
 15      4.00   500    0.009  0
 16      0.00   500    0.009  0
 17      0.00   500    0.009  0
 18      0.00   500    0.010  0
 19      0.00   500    0.009  0
 20      6.00   500    0.010  0
 21      0.00   500    0.010  0
 22      0.00   500    0.009  0
 23      0.00   500    0.009  0
 24      8.00   500    0.009  0
 25      0.00   500    0.009  0
 26      2.00   500    0.010  0
 27      4.00   500    0.009  0
 28      0.00   500    0.009  0
 29      4.00   500    0.009  0
# avg=1.667  timeouts=0  total_time=0.3s bailed=0
