# config=random problem=m2_med horizon=375 budget=207.5s n_seeds=30
# columns: seed | reward | steps | time_s | timed_out
  0      8.00   375    0.008  0
  1      0.00   375    0.007  0
  2     22.00   375    0.007  0
  3      0.00   375    0.007  0
  4      0.00   375    0.007  0
  5      0.00   375    0.007  0
  6     12.00   375    0.007  0
  7      0.00   375    0.007  0
  8      2.00   375    0.007  0
  9      0.00   375    0.007  0
 10      6.00   375    0.007  0
 11     16.00   375    0.007  0
 12      0.00   375    0.007  0
 13      0.00   375    0.007  0
 14      0.00   375    0.007  0
 15      0.00   375    0.007  0
 16      0.00   375    0.007  0
 17     12.00   375    0.007  0
 18      0.00   375    0.007  0
 19      4.00   375    0.007  0
 20      0.00   375    0.007  0
 21      8.00   375    0.007  0
 22      0.00   375    0.007  0
 23      0.00   375    0.007  0
 24      0.00   375    0.007  0
 25      0.00   375    0.007  0
 26      0.00   375    0.007  0
 27      0.00   375    0.007  0
 28      0.00   375    0.007  0
 29      0.00   375    0.007  0
# avg=3.000  timeouts=0  total_time=0.2s bailed=0
