# config=random problem=m3_easy horizon=250 budget=145.0s n_seeds=30
# columns: seed | reward | steps | time_s | timed_out
  0      0.00   250    0.007  0
  1      0.00   250    0.005  0
  2      0.00   250    0.005  0
  3      0.00   250    0.005  0
  4     10.00   250    0.019  0
  5      0.00   250    0.005  0
  6      0.00   250    0.005  0
  7      0.00   250    0.005  0
  8      0.00   250    0.005  0
  9      0.00   250    0.005  0
 10      0.00   250    0.005  0
 11     14.00   250    0.005  0
 12      0.00   250    0.005  0
 13      0.00   250    0.005  0
 14      8.00   250    0.005  0
 15      0.00   250    0.005  0
 16      6.00   250    0.005  0
 17      0.00   250    0.005  0
 18      0.00   250    0.005  0
 19      8.00   250    0.005  0
 20      0.00   250    0.005  0
 21      0.00   250    0.005  0
 22      0.00   250    0.005  0
 23      0.00   250    0.005  0
 24     10.00   250    0.005  0
 25      0.00   250    0.005  0
 26      0.00   250    0.005  0
 27      0.00   250    0.005  0
 28      4.00   250    0.005  0
 29      6.00   250    0.005  0
# avg=2.200  timeouts=0  total_time=0.2s bailed=0
