# config=random problem=m3_med horizon=375 budget=207.5s n_seeds=30
# columns: seed | reward | steps | time_s | timed_out
  0      0.00   375    0.007  0
  1      0.00   375    0.007  0
  2      0.00   375    0.007  0
  3      0.00   375    0.007  0
  4      0.00   375    0.007  0
  5     10.00   375    0.007  0
  6      0.00   375    0.007  0
  7      6.00   375    0.007  0
  8     10.00   375    0.007  0
  9      6.00   375    0.007  0
 10      0.00   375    0.007  0
 11     10.00   375    0.007  0
 12      6.00   375    0.007  0
 13      0.00   375    0.007  0
 14      6.00   375    0.007  0
 15      6.00   375    0.007  0
 16      0.00   375    0.007  0
 17      6.00   375    0.007  0
 18     16.00   375    0.007  0
 19     20.00   375    0.007  0
 20      4.00   375    0.007  0
 21      0.00   375    0.007  0
 22      0.00   375    0.007  0
 23      0.00   375    0.007  0
 24      0.00   375    0.007  0
 25      0.00   375    0.007  0
 26      0.00   375    0.007  0
 27      0.00   375    0.007  0
 28      6.00   375    0.007  0
 29      0.00   375    0.007  0
# avg=3.733  timeouts=0  total_time=0.2s bailed=0
