# config=random problem=m4_easy horizon=250 budget=145.0s n_seeds=30
# columns: seed | reward | steps | time_s | timed_out
  0      8.00   250    0.007  0
  1     15.00   250    0.006  0
  2     19.00   250    0.005  0
  3      6.00   250    0.005  0
  4      4.00   250    0.005  0
  5      0.00   250    0.005  0
  6      0.00   250    0.005  0
  7      7.00   250    0.005  0
  8      0.00   250    0.005  0
  9      0.00   250    0.005  0
 10      4.00   250    0.005  0
 11      5.00   250    0.005  0
 12      0.00   250    0.005  0
 13      2.00   250    0.005  0
 14      0.00   250    0.005  0
 15     10.00   250    0.005  0
 16      0.00   250    0.005  0
 17      0.00   250    0.005  0
 18      0.00   250    0.005  0
 19      0.00   250    0.005  0
 20      4.00   250    0.005  0
 21      0.00   250    0.005  0
 22      0.00   250    0.005  0
 23      6.00   250    0.005  0
 24      0.00   250    0.005  0
 25      0.00   250    0.005  0
 26      0.00   250    0.005  0
 27      0.00   250    0.005  0
 28      2.00   250    0.006  0
 29      0.00   250    0.005  0
# avg=3.067  timeouts=0  total_time=0.2s bailed=0
