# config=random problem=m4_hard horizon=500 budget=270.0s n_seeds=30
# columns: seed | reward | steps | time_s | timed_out
  0     18.00   500    0.011  0
  1      0.00   500    0.011  0
  2      6.00   500    0.011  0
  3      0.00   500    0.011  0
  4      5.00   500    0.011  0
  5      8.00   500    0.011  0
  6      8.00   500    0.011  0
  7     10.00   500    0.011  0
  8      8.00   500    0.011  0
  9      6.00   500    0.011  0
 10     10.00   500    0.011  0
 11      0.00   500    0.011  0
 12      0.00   500    0.011  0
 13      2.00   500    0.011  0
 14      0.00   500    0.011  0
 15     11.00   500    0.011  0
 16     13.00   500    0.011  0
 17      0.00   500    0.011  0
 18      2.00   500    0.011  0
 19      2.00   500    0.011  0
 20      8.00   500    0.011  0
 21      4.00   500    0.011  0
 22     13.00   500    0.011  0
 23     14.00   500    0.011  0
 24      8.00   500    0.011  0
 25      0.00   500    0.011  0
 26     14.00   500    0.011  0
 27      0.00   500    0.011  0
 28      6.00   500    0.011  0
 29     13.00   500    0.011  0
# avg=6.300  timeouts=0  total_time=0.3s bailed=0
