# config=random problem=m4_med horizon=375 budget=207.5s n_seeds=30
# columns: seed | reward | steps | time_s | timed_out
  0      7.00   375    0.008  0
  1      6.00   375    0.008  0
  2      0.00   375    0.008  0
  3      4.00   375    0.008  0
  4      8.00   375    0.008  0
  5      6.00   375    0.008  0
  6      6.00   375    0.008  0
  7      5.00   375    0.008  0
  8      6.00   375    0.008  0
  9      8.00   375    0.008  0
 10      2.00   375    0.008  0
 11      0.00   375    0.008  0
 12      0.00   375    0.008  0
 13      0.00   375    0.008  0
 14      5.00   375    0.008  0
 15      0.00   375    0.008  0
 16      6.00   375    0.008  0
 17      2.00   375    0.008  0
 18      4.00   375    0.008  0
 19      6.00   375    0.008  0
 20      6.00   375    0.008  0
 21      2.00   375    0.008  0
 22      8.00   375    0.008  0
 23      8.00   375    0.008  0
 24      0.00   375    0.008  0
 25     16.00   375    0.008  0
 26      2.00   375    0.008  0
 27      8.00   375    0.008  0
 28      0.00   375    0.008  0
 29     12.00   375    0.008  0
# avg=4.767  timeouts=0  total_time=0.2s bailed=0
