# config=random problem=m5_hard horizon=500 budget=270.0s n_seeds=30
# columns: seed | reward | steps | time_s | timed_out
  0      0.00   500    0.010  0
  1      4.00   500    0.010  0
  2      0.00   500    0.010  0
  3      0.00   500    0.010  0
  4      0.00   500    0.010  0
  5      0.00   500    0.010  0
  6      0.00   500    0.009  0
  7      0.00   500    0.010  0
  8      0.00   500    0.010  0
  9      0.00   500    0.010  0
 10      0.00   500    0.010  0
 11      0.00   500    0.010  0
 12      0.00   500    0.010  0
 13      0.00   500    0.010  0
 14      0.00   500    0.010  0
 15      0.00   500    0.010  0
 16      0.00   500    0.010  0
 17      0.00   500    0.010  0
 18      0.00   500    0.010  0
 19      0.00   500    0.010  0
 20      0.00   500    0.010  0
 21      0.00   500    0.010  0
 22      0.00   500    0.009  0
 23      0.00   500    0.010  0
 24      0.00   500    0.010  0
 25      0.00   500    0.010  0
 26      0.00   500    0.010  0
 27      0.00   500    0.010  0
 28      0.00   500    0.010  0
 29      0.00   500    0.010  0
# avg=0.133  timeouts=0  total_time=0.3s bailed=0
