# config=random problem=p1_easy horizon=250 budget=145.0s n_seeds=30
# columns: seed | reward | steps | time_s | timed_out
  0      6.00   250    0.008  0
  1      0.00   250    0.007  0
  2      0.00   250    0.005  0
  3      0.00   250    0.006  0
  4      2.00   250    0.005  0
  5      0.00   250    0.005  0
  6      8.00   250    0.004  0
  7      6.00   250    0.005  0
  8      9.00   250    0.004  0
  9      8.00   250    0.004  0
 10      3.00   250    0.005  0
 11      1.00   250    0.004  0
 12      0.00   250    0.004  0
 13     12.00   250    0.004  0
 14      6.00   250    0.005  0
 15      0.00   250    0.004  0
 16     26.00   250    0.005  0
 17     20.00   250    0.005  0
 18      1.00   250    0.005  0
 19      0.00   250    0.004  0
 20      3.00   250    0.005  0
 21      0.00   250    0.004  0
 22      2.00   250    0.004  0
 23      6.00   250    0.004  0
 24      0.00   250    0.004  0
 25      0.00   250    0.004  0
 26     32.00   250    0.006  0
 27      0.00   250    0.005  0
 28      0.00   250    0.005  0
 29      0.00   250    0.005  0
# avg=5.033  timeouts=0  total_time=0.1s bailed=0
