# config=random problem=p1_hard horizon=500 budget=270.0s n_seeds=30
# columns: seed | reward | steps | time_s | timed_out
  0      0.00   500    0.009  0
  1     15.00   500    0.009  0
  2     32.00   500    0.009  0
  3      6.00   500    0.009  0
  4      8.00   500    0.009  0
  5     17.00   500    0.009  0
  6      0.00   500    0.009  0
  7     17.00   500    0.009  0
  8     12.00   500    0.009  0
  9     31.00   500    0.009  0
 10     12.00   500    0.009  0
 11     26.00   500    0.009  0
 12      6.00   500    0.009  0
 13      3.00   500    0.009  0
 14     13.00   500    0.009  0
 15      4.00   500    0.009  0
 16      3.00   500    0.009  0
 17      3.00   500    0.009  0
 18     10.00   500    0.009  0
 19      6.00   500    0.010  0
 20      5.00   500    0.009  0
 21     11.00   500    0.009  0
 22      7.00   500    0.009  0
 23      2.00   500    0.009  0
 24      6.00   500    0.009  0
 25      1.00   500    0.009  0
 26     13.00   500    0.009  0
 27      5.00   500    0.009  0
 28      3.00   500    0.009  0
 29      0.00   500    0.009  0
# avg=9.233  timeouts=0  total_time=0.3s bailed=0
