# config=random problem=p1_med horizon=375 budget=207.5s n_seeds=30
# columns: seed | reward | steps | time_s | timed_out
  0      3.00   375    0.009  0
  1     14.00   375    0.007  0
  2      0.00   375    0.007  0
  3     23.00   375    0.007  0
  4      8.00   375    0.007  0
  5      3.00   375    0.007  0
  6      4.00   375    0.007  0
  7      0.00   375    0.007  0
  8     10.00   375    0.007  0
  9     13.00   375    0.007  0
 10     14.00   375    0.007  0
 11     12.00   375    0.007  0
 12      6.00   375    0.007  0
 13      3.00   375    0.007  0
 14      5.00   375    0.007  0
 15      3.00   375    0.007  0
 16      2.00   375    0.007  0
 17     25.00   375    0.007  0
 18     30.00   375    0.007  0
 19      0.00   375    0.007  0
 20     16.00   375    0.007  0
 21      6.00   375    0.007  0
 22      0.00   375    0.007  0
 23     15.00   375    0.007  0
 24      6.00   375    0.007  0
 25      2.00   375    0.007  0
 26     12.00   375    0.007  0
 27     10.00   375    0.007  0
 28      0.00   375    0.007  0
 29      6.00   375    0.007  0
# avg=8.367  timeouts=0  total_time=0.2s bailed=0
