# config=random problem=rl_easy horizon=250 budget=145.0s n_seeds=30
# columns: seed | reward | steps | time_s | timed_out
  0    104.00   250    0.006  0
  1    103.00   250    0.004  0
  2    103.00   250    0.004  0
  3      3.00   250    0.004  0
  4    154.00   250    0.004  0
  5    103.00   250    0.004  0
  6     55.00   250    0.004  0
  7    106.00   250    0.004  0
  8    201.00   250    0.004  0
  9    155.00   250    0.004  0
 10     56.00   250    0.004  0
 11    254.00   250    0.004  0
 12    251.00   250    0.004  0
 13     51.00   250    0.004  0
 14    152.00   250    0.004  0
 15      2.00   250    0.004  0
 16     53.00   250    0.004  0
 17      5.00   250    0.004  0
 18    253.00   250    0.004  0
 19     53.00   250    0.004  0
 20    100.00   250    0.004  0
 21    101.00   250    0.004  0
 22    101.00   250    0.004  0
 23    301.00   250    0.004  0
 24    154.00   250    0.004  0
 25     53.00   250    0.004  0
 26    112.00   250    0.004  0
 27      2.00   250    0.004  0
 28     50.00   250    0.004  0
 29    103.00   250    0.004  0
# avg=109.800  timeouts=0  total_time=0.1s bailed=0
