# config=random problem=rl_hard horizon=500 budget=270.0s n_seeds=30
# columns: seed | reward | steps | time_s | timed_out
  0    303.00   500    0.008  0
  1    354.00   500    0.008  0
  2    114.00   500    0.008  0
  3    204.00   500    0.008  0
  4    254.00   500    0.008  0
  5    157.00   500    0.008  0
  6    206.00   500    0.008  0
  7    358.00   500    0.008  0
  8    258.00   500    0.008  0
  9    161.00   500    0.008  0
 10    254.00   500    0.008  0
 11    101.00   500    0.008  0
 12    107.00   500    0.008  0
 13    304.00   500    0.008  0
 14    206.00   500    0.008  0
 15    307.00   500    0.008  0
 16    158.00   500    0.008  0
 17    107.00   500    0.008  0
 18    158.00   500    0.008  0
 19    258.00   500    0.008  0
 20    256.00   500    0.008  0
 21    105.00   500    0.008  0
 22    255.00   500    0.008  0
 23    255.00   500    0.008  0
 24    157.00   500    0.008  0
 25    153.00   500    0.008  0
 26    254.00   500    0.008  0
 27    205.00   500    0.008  0
 28    159.00   500    0.008  0
 29    105.00   500    0.008  0
# avg=207.767  timeouts=0  total_time=0.2s bailed=0
