# config=random problem=rl_med horizon=375 budget=207.5s n_seeds=30
# columns: seed | reward | steps | time_s | timed_out
  0    101.00   375    0.006  0
  1    103.00   375    0.006  0
  2    153.00   375    0.006  0
  3    204.00   375    0.006  0
  4    103.00   375    0.006  0
  5    203.00   375    0.006  0
  6    251.00   375    0.006  0
  7     53.00   375    0.006  0
  8     54.00   375    0.006  0
  9    155.00   375    0.006  0
 10    104.00   375    0.006  0
 11    155.00   375    0.006  0
 12    257.00   375    0.006  0
 13      3.00   375    0.006  0
 14    158.00   375    0.006  0
 15    155.00   375    0.006  0
 16    101.00   375    0.006  0
 17    102.00   375    0.006  0
 18    156.00   375    0.006  0
 19    306.00   375    0.006  0
 20    157.00   375    0.006  0
 21    106.00   375    0.006  0
 22    252.00   375    0.006  0
 23    156.00   375    0.006  0
 24    102.00   375    0.006  0
 25    257.00   375    0.006  0
 26    104.00   375    0.006  0
 27      5.00   375    0.006  0
 28    157.00   375    0.006  0
 29    110.00   375    0.006  0
# avg=142.767  timeouts=0  total_time=0.2s bailed=0
