# config=explore_vi problem=e1_easy horizon=250 budget=145.0s n_seeds=30
# columns: seed | reward | steps | time_s | timed_out
  0    758.00   250    2.307  0
  1    775.00   250    2.283  0
  2    764.00   250    2.301  0
  3    814.00   250    2.285  0
  4    805.00   250    2.331  0
  5    804.00   250    2.300  0
  6    798.00   250    2.287  0
  7    806.00   250    2.295  0
  8    786.00   250    2.286  0
  9    772.00   250    2.318  0
 10    774.00   250    2.299  0
 11    762.00   250    2.308  0
 12    804.00   250    2.326  0
 13    782.00   250    2.282  0
 14    792.00   250    2.378  0
 15    807.00   250    2.293  0
 16    769.00   250    2.306  0
 17    818.00   250    2.295  0
 18    805.00   250    2.319  0
 19    795.00   250    2.321  0
 20    780.00   250    2.265  0
 21    774.00   250    2.310  0
 22    794.00   250    2.288  0
 23    792.00   250    2.339  0
 24    748.00   250    2.291  0
 25    748.00   250    2.274  0
 26    780.00   250    2.328  0
 27    794.00   250    2.395  0
 28    796.00   250    2.316  0
 29    790.00   250    2.296  0
# avg=786.200  timeouts=0  total_time=69.3s bailed=0
