# config=explore_vi problem=e1_hard horizon=500 budget=270.0s n_seeds=30
# columns: seed | reward | steps | time_s | timed_out
  0   1437.00   500    4.578  0
  1   1586.00   500    4.491  0
  2   1488.00   500    4.486  0
  3   1558.00   500    4.599  0
  4   1550.00   500    4.551  0
  5   1590.00   500    4.525  0
  6   1566.00   500    4.555  0
  7   1590.00   500    4.529  0
  8   1580.00   500    4.482  0
  9   1490.00   500    4.465  0
 10   1476.00   500    4.511  0
 11   1531.00   500    4.455  0
 12   1457.00   500    4.409  0
 13   1539.00   500    4.497  0
 14   1514.00   500    4.424  0
 15   1458.00   500    4.459  0
 16   1504.00   500    4.531  0
 17   1564.00   500    4.505  0
 18   1578.00   500    4.489  0
 19   1524.00   500    4.553  0
 20   1539.00   500    4.504  0
 21   1509.00   500    4.487  0
 22   1575.00   500    4.493  0
 23   1543.00   500    4.507  0
 24   1475.00   500    4.592  0
 25   1516.00   500    4.477  0
 26   1496.00   500    4.502  0
 27   1565.00   500    4.542  0
 28   1507.00   500    4.550  0
 29   1503.00   500    4.479  0
# avg=1526.933  timeouts=0  total_time=135.3s bailed=0
