# config=explore_vi problem=e1_med horizon=375 budget=207.5s n_seeds=30
# columns: seed | reward | steps | time_s | timed_out
  0   1114.00   375    3.579  0
  1   1140.00   375    3.391  0
  2   1154.00   375    3.411  0
  3   1174.00   375    3.423  0
  4   1084.00   375    3.579  0
  5   1136.00   375    3.439  0
  6   1165.00   375    3.421  0
  7   1144.00   375    3.436  0
  8   1206.00   375    3.430  0
  9   1168.00   375    3.432  0
 10   1152.00   375    3.442  0
 11   1178.00   375    3.407  0
 12   1092.00   375    3.447  0
 13   1136.00   375    3.455  0
 14   1173.00   375    3.433  0
 15   1166.00   375    3.436  0
 16   1146.00   375    3.437  0
 17   1204.00   375    3.431  0
 18   1134.00   375    3.579  0
 19   1154.00   375    3.428  0
 20   1150.00   375    3.419  0
 21   1140.00   375    3.441  0
 22   1153.00   375    3.446  0
 23   1102.00   375    3.418  0
 24   1162.00   375    3.444  0
 25   1075.00   375    3.523  0
 26   1143.00   375    3.422  0
 27   1109.00   375    3.429  0
 28   1102.00   375    3.473  0
 29   1132.00   375    3.432  0
# avg=1142.933  timeouts=0  total_time=103.5s bailed=0
