# config=explore_vi problem=e2_easy horizon=250 budget=145.0s n_seeds=30
# columns: seed | reward | steps | time_s | timed_out
  0    452.00   250    0.406  0
  1    584.00   250    0.430  0
  2    615.00   250    0.453  0
  3    528.00   250    0.433  0
  4    525.00   250    0.421  0
  5    431.00   250    0.407  0
  6    637.00   250    0.408  0
  7    502.00   250    0.426  0
  8    498.00   250    0.433  0
  9    499.00   250    0.419  0
 10    437.00   250    0.416  0
 11    518.00   250    0.433  0
 12    478.00   250    0.412  0
 13    427.00   250    0.404  0
 14    522.00   250    0.445  0
 15    540.00   250    0.435  0
 16    585.00   250    0.470  0
 17    544.00   250    0.430  0
 18    523.00   250    0.432  0
 19    510.00   250    0.422  0
 20    428.00   250    0.402  0
 21    464.00   250    0.419  0
 22    607.00   250    0.443  0
 23    510.00   250    0.427  0
 24    418.00   250    0.421  0
 25    656.00   250    0.452  0
 26    422.00   250    0.403  0
 27    512.00   250    0.423  0
 28    535.00   250    0.441  0
 29    569.00   250    0.460  0
# avg=515.867  timeouts=0  total_time=12.8s bailed=0
