# config=explore_vi problem=e2_hard horizon=500 budget=270.0s n_seeds=30
# columns: seed | reward | steps | time_s | timed_out
  0    857.00   500    0.797  0
  1    775.00   500    0.769  0
  2    659.00   500    0.767  0
  3    613.00   500    0.726  0
  4    704.00   500    0.781  0
  5    827.00   500    0.759  0
  6    888.00   500    0.783  0
  7    809.00   500    0.769  0
  8    735.00   500    0.761  0
  9    787.00   500    0.750  0
 10    841.00   500    0.768  0
 11    765.00   500    0.796  0
 12    926.00   500    0.800  0
 13    582.00   500    0.737  0
 14    705.00   500    0.773  0
 15    659.00   500    0.765  0
 16    742.00   500    0.817  0
 17    616.00   500    0.727  0
 18    744.00   500    0.785  0
 19    703.00   500    0.771  0
 20    706.00   500    0.774  0
 21    820.00   500    0.753  0
 22    766.00   500    0.765  0
 23    791.00   500    0.747  0
 24    807.00   500    0.759  0
 25    786.00   500    0.788  0
 26    778.00   500    0.757  0
 27    877.00   500    0.756  0
 28    756.00   500    0.770  0
 29    836.00   500    0.811  0
# avg=762.000  timeouts=0  total_time=23.1s bailed=0
