# config=explore_vi problem=e2_med horizon=375 budget=207.5s n_seeds=30
# columns: seed | reward | steps | time_s | timed_out
  0    880.00   375    0.671  0
  1    833.00   375    0.647  0
  2    776.00   375    0.635  0
  3    763.00   375    0.619  0
  4    853.00   375    0.675  0
  5    761.00   375    0.638  0
  6    902.00   375    0.663  0
  7    941.00   375    0.663  0
  8    879.00   375    0.656  0
  9    839.00   375    0.644  0
 10    736.00   375    0.611  0
 11    821.00   375    0.639  0
 12    737.00   375    0.616  0
 13    593.00   375    0.634  0
 14    872.00   375    0.626  0
 15    784.00   375    0.615  0
 16    793.00   375    0.627  0
 17    787.00   375    0.617  0
 18    852.00   375    0.613  0
 19    576.00   375    0.581  0
 20    864.00   375    0.609  0
 21    917.00   375    0.671  0
 22    911.00   375    0.665  0
 23    860.00   375    0.607  0
 24    875.00   375    0.664  0
 25    733.00   375    0.578  0
 26    842.00   375    0.654  0
 27    774.00   375    0.637  0
 28    725.00   375    0.624  0
 29    595.00   375    0.578  0
# avg=802.467  timeouts=0  total_time=19.0s bailed=0
