# config=explore_vi problem=e3_easy horizon=250 budget=145.0s n_seeds=30
# columns: seed | reward | steps | time_s | timed_out
  0    159.00   250    1.867  0
  1    166.00   250    1.876  0
  2    169.00   250    1.858  0
  3    136.00   250    1.842  0
  4    145.00   250    1.873  0
  5    140.00   250    1.862  0
  6    163.00   250    1.857  0
  7    145.00   250    1.854  0
  8    128.00   250    1.861  0
  9    169.00   250    1.851  0
 10    152.00   250    1.924  0
 11    140.00   250    1.895  0
 12    159.00   250    1.893  0
 13    158.00   250    2.018  0
 14    149.00   250    1.920  0
 15    153.00   250    1.911  0
 16    155.00   250    1.917  0
 17    153.00   250    1.915  0
 18    145.00   250    1.896  0
 19    155.00   250    1.905  0
 20    155.00   250    1.910  0
 21    153.00   250    1.947  0
 22    162.00   250    1.933  0
 23    149.00   250    1.861  0
 24    151.00   250    1.843  0
 25    147.00   250    1.857  0
 26    169.00   250    1.865  0
 27    154.00   250    1.858  0
 28    151.00   250    1.917  0
 29    144.00   250    1.889  0
# avg=152.467  timeouts=0  total_time=56.7s bailed=0
