# config=explore_vi problem=e3_hard horizon=500 budget=270.0s n_seeds=30
# columns: seed | reward | steps | time_s | timed_out
  0    223.00   500    3.801  0
  1    215.00   500    3.720  0
  2    217.00   500    3.691  0
  3    207.00   500    3.747  0
  4    160.00   500    4.501  0
  5    225.00   500    3.778  0
  6    227.00   500    3.750  0
  7    156.00   500    3.848  0
  8    196.00   500    3.671  0
  9    198.00   500    3.732  0
 10    208.00   500    3.845  0
 11    250.00   500    3.697  0
 12    197.00   500    3.720  0
 13    206.00   500    3.781  0
 14    207.00   500    3.713  0
 15    206.00   500    3.860  0
 16    193.00   500    3.748  0
 17    201.00   500    3.685  0
 18    205.00   500    4.012  0
 19    202.00   500    3.730  0
 20    224.00   500    3.704  0
 21    252.00   500    3.736  0
 22    213.00   500    3.737  0
 23    203.00   500    3.894  0
 24    193.00   500    3.864  0
 25    193.00   500    3.696  0
 26    195.00   500    3.802  0
 27    214.00   500    3.783  0
 28    225.00   500    4.002  0
 29    213.00   500    3.690  0
# avg=207.467  timeouts=0  total_time=113.9s bailed=0
