# config=explore_vi problem=e3_med horizon=375 budget=207.5s n_seeds=30
# columns: seed | reward | steps | time_s | timed_out
  0    220.00   375    2.807  0
  1    252.00   375    2.843  0
  2    263.00   375    2.828  0
  3    216.00   375    3.178  0
  4    200.00   375    2.848  0
  5    237.00   375    2.938  0
  6    214.00   375    2.809  0
  7    256.00   375    2.868  0
  8    238.00   375    2.865  0
  9    258.00   375    3.009  0
 10    264.00   375    2.850  0
 11    239.00   375    2.878  0
 12    204.00   375    2.804  0
 13    206.00   375    2.812  0
 14    241.00   375    2.839  0
 15    252.00   375    2.841  0
 16    254.00   375    2.869  0
 17    239.00   375    2.830  0
 18    249.00   375    2.888  0
 19    258.00   375    2.870  0
 20    262.00   375    2.848  0
 21    275.00   375    2.875  0
 22    258.00   375    2.866  0
 23    250.00   375    2.890  0
 24    251.00   375    2.847  0
 25    262.00   375    2.910  0
 26    253.00   375    2.854  0
 27    197.00   375    2.815  0
 28    204.00   375    2.820  0
 29    245.00   375    2.850  0
# avg=240.567  timeouts=0  total_time=86.1s bailed=0
