# config=explore_vi problem=e4_easy horizon=250 budget=145.0s n_seeds=30
# columns: seed | reward | steps | time_s | timed_out
  0    868.00   250    1.825  0
  1    916.00   250    1.794  0
  2    912.00   250    1.786  0
  3    840.00   250    1.699  0
  4    918.00   250    1.852  0
  5    902.00   250    1.827  0
  6    928.00   250    1.756  0
  7    936.00   250    1.884  0
  8    900.00   250    1.705  0
  9    916.00   250    1.847  0
 10    872.00   250    1.736  0
 11    934.00   250    1.698  0
 12    908.00   250    1.777  0
 13    918.00   250    1.738  0
 14    914.00   250    1.861  0
 15    906.00   250    1.776  0
 16    878.00   250    1.951  0
 17    904.00   250    1.722  0
 18    902.00   250    1.812  0
 19    944.00   250    1.743  0
 20    884.00   250    1.817  0
 21    932.00   250    1.765  0
 22    876.00   250    1.757  0
 23    886.00   250    1.836  0
 24    934.00   250    1.710  0
 25    902.00   250    1.729  0
 26    886.00   250    1.870  0
 27    826.00   250    1.833  0
 28    896.00   250    1.726  0
 29    894.00   250    1.740  0
# avg=901.067  timeouts=0  total_time=53.6s bailed=0
