# config=explore_vi problem=e4_hard horizon=500 budget=270.0s n_seeds=30
# columns: seed | reward | steps | time_s | timed_out
  0   1534.00   500    3.740  0
  1   1360.00   500    3.466  0
  2   1750.00   500    3.362  0
  3   1600.00   500    3.720  0
  4   1492.00   500    3.612  0
  5   1552.00   500    3.584  0
  6   1468.00   500    3.757  0
  7   1806.00   500    3.399  0
  8   1574.00   500    3.621  0
  9   1422.00   500    3.714  0
 10   1668.00   500    3.452  0
 11   1746.00   500    3.347  0
 12   1420.00   500    3.555  0
 13   1718.00   500    3.429  0
 14   1508.00   500    3.587  0
 15   1644.00   500    3.427  0
 16   1678.00   500    3.426  0
 17   1638.00   500    3.570  0
 18   1570.00   500    3.641  0
 19   1510.00   500    3.675  0
 20   1704.00   500    3.347  0
 21   1438.00   500    3.713  0
 22   1794.00   500    3.312  0
 23   1788.00   500    3.305  0
 24   1476.00   500    3.667  0
 25   1754.00   500    3.306  0
 26   1738.00   500    3.309  0
 27   1566.00   500    3.536  0
 28   1702.00   500    3.332  0
 29   1620.00   500    3.600  0
# avg=1607.933  timeouts=0  total_time=105.6s bailed=0
