# config=explore_vi problem=e4_med horizon=375 budget=207.5s n_seeds=30
# columns: seed | reward | steps | time_s | timed_out
  0   1318.00   375    2.659  0
  1   1330.00   375    2.681  0
  2   1310.00   375    2.671  0
  3   1304.00   375    2.740  0
  4   1254.00   375    2.725  0
  5   1254.00   375    2.528  0
  6   1270.00   375    2.595  0
  7   1314.00   375    2.758  0
  8   1336.00   375    2.550  0
  9   1276.00   375    2.754  0
 10   1278.00   375    2.720  0
 11   1312.00   375    2.740  0
 12   1264.00   375    2.568  0
 13   1204.00   375    2.531  0
 14   1302.00   375    2.682  0
 15   1308.00   375    2.563  0
 16   1308.00   375    2.658  0
 17   1290.00   375    2.863  0
 18   1326.00   375    2.706  0
 19   1324.00   375    2.672  0
 20   1334.00   375    2.620  0
 21   1310.00   375    2.649  0
 22   1340.00   375    2.544  0
 23   1316.00   375    2.762  0
 24   1370.00   375    2.519  0
 25   1268.00   375    2.542  0
 26   1296.00   375    2.550  0
 27   1272.00   375    2.750  0
 28   1244.00   375    2.547  0
 29   1276.00   375    2.633  0
# avg=1296.933  timeouts=0  total_time=79.5s bailed=0
