# config=explore_vi problem=e5_easy horizon=250 budget=145.0s n_seeds=30
# columns: seed | reward | steps | time_s | timed_out
  0    581.00   250    1.101  0
  1    587.00   250    1.086  0
  2    583.00   250    1.083  0
  3    614.00   250    1.077  0
  4    603.00   250    1.091  0
  5    614.00   250    1.077  0
  6    617.00   250    1.049  0
  7    598.00   250    1.092  0
  8    612.00   250    1.082  0
  9    589.00   250    1.084  0
 10    579.00   250    1.052  0
 11    622.00   250    1.093  0
 12    600.00   250    1.075  0
 13    591.00   250    1.088  0
 14    616.00   250    1.045  0
 15    587.00   250    1.071  0
 16    599.00   250    1.074  0
 17    580.00   250    1.053  0
 18    561.00   250    1.049  0
 19    579.00   250    1.065  0
 20    620.00   250    1.077  0
 21    595.00   250    1.070  0
 22    593.00   250    1.077  0
 23    599.00   250    1.054  0
 24    620.00   250    1.197  0
 25    584.00   250    1.052  0
 26    583.00   250    1.086  0
 27    573.00   250    1.070  0
 28    577.00   250    1.083  0
 29    583.00   250    1.065  0
# avg=594.633  timeouts=0  total_time=32.3s bailed=0
