# config=explore_vi problem=e5_hard horizon=500 budget=270.0s n_seeds=30
# columns: seed | reward | steps | time_s | timed_out
  0    353.00   500    1.819  0
  1    390.00   500    1.757  0
  2    302.00   500    1.802  0
  3    404.00   500    1.854  0
  4    386.00   500    1.843  0
  5    225.00   500    1.699  0
  6    278.00   500    1.813  0
  7    442.00   500    1.882  0
  8    380.00   500    1.839  0
  9    224.00   500    1.833  0
 10    252.00   500    1.803  0
 11    414.00   500    1.797  0
 12    279.00   500    1.650  0
 13    267.00   500    1.772  0
 14    535.00   500    1.918  0
 15    316.00   500    1.878  0
 16    490.00   500    1.817  0
 17    324.00   500    1.804  0
 18    316.00   500    1.724  0
 19    243.00   500    1.685  0
 20    214.00   500    1.691  0
 21    256.00   500    1.709  0
 22    411.00   500    1.827  0
 23    482.00   500    1.896  0
 24    270.00   500    1.807  0
 25    454.00   500    1.853  0
 26    271.00   500    1.790  0
 27    244.00   500    1.663  0
 28    348.00   500    1.832  0
 29    210.00   500    1.600  0
# avg=332.667  timeouts=0  total_time=53.7s bailed=0
