# config=explore_vi problem=e5_med horizon=375 budget=207.5s n_seeds=30
# columns: seed | reward | steps | time_s | timed_out
  0    826.00   375    1.565  0
  1    859.00   375    1.617  0
  2    866.00   375    1.575  0
  3    849.00   375    1.623  0
  4    845.00   375    1.650  0
  5    872.00   375    1.550  0
  6    869.00   375    1.588  0
  7    874.00   375    1.621  0
  8    895.00   375    1.634  0
  9    875.00   375    1.634  0
 10    852.00   375    1.617  0
 11    895.00   375    1.621  0
 12    878.00   375    1.636  0
 13    854.00   375    1.685  0
 14    851.00   375    1.638  0
 15    851.00   375    1.606  0
 16    856.00   375    1.591  0
 17    861.00   375    1.587  0
 18    860.00   375    1.629  0
 19    841.00   375    1.639  0
 20    846.00   375    1.553  0
 21    874.00   375    1.622  0
 22    861.00   375    1.600  0
 23    859.00   375    1.566  0
 24    871.00   375    1.570  0
 25    813.00   375    1.576  0
 26    851.00   375    1.581  0
 27    868.00   375    1.668  0
 28    810.00   375    1.595  0
 29    897.00   375    1.599  0
# avg=859.300  timeouts=0  total_time=48.2s bailed=0
