# config=explore_vi problem=m1_easy horizon=250 budget=145.0s n_seeds=30
# columns: seed | reward | steps | time_s | timed_out
  0    186.00   250    8.720  0
  1    178.00   250    8.749  0
  2    186.00   250    8.755  0
  3    181.00   250    8.798  0
  4    194.00   250    8.858  0
  5    185.00   250    8.787  0
  6    173.00   250    8.827  0
  7    187.00   250    8.822  0
  8    180.00   250    8.831  0
  9    186.00   250    8.830  0
 10    184.00   250    8.822  0
 11    171.00   250    8.862  0
 12    185.00   250    8.856  0
 13    192.00   250    8.930  0
 14    190.00   250    8.871  0
 15    191.00   250    8.870  0
 16    182.00   250    8.887  0
 17    176.00   250    8.972  0
 18    190.00   250    8.864  0
 19    181.00   250    8.876  0
 20    185.00   250    8.830  0
 21    176.00   250    8.862  0
 22    194.00   250    8.900  0
 23    174.00   250    8.865  0
 24    176.00   250    8.873  0
 25    184.00   250    8.909  0
 26    194.00   250    8.891  0
 27    192.00   250    8.888  0
 28    190.00   250    8.828  0
 29    187.00   250    8.951  0
# avg=184.333  timeouts=0  total_time=265.6s bailed=0
