# config=explore_vi problem=m1_hard horizon=500 budget=270.0s n_seeds=30
# columns: seed | reward | steps | time_s | timed_out
  0    175.00   500   16.740  0
  1    256.00   500   16.807  0
  2    238.00   500   16.855  0
  3    196.00   500   16.635  0
  4    357.00   500   17.102  0
  5    191.00   500   16.723  0
  6    189.00   500   16.861  0
  7    201.00   500   16.910  0
  8    243.00   500   17.006  0
  9    171.00   500   16.795  0
 10    177.00   500   16.639  0
 11    236.00   500   16.735  0
 12    242.00   500   16.787  0
 13    192.00   500   16.880  0
 14    183.00   500   16.883  0
 15    178.00   500   16.907  0
 16    171.00   500   16.811  0
 17    256.00   500   17.131  0
 18    243.00   500   16.889  0
 19    182.00   500   16.936  0
 20    187.00   500   16.908  0
 21    249.00   500   17.538  0
 22    179.00   500   16.804  0
 23    240.00   500   17.006  0
 24    177.00   500   17.053  0
 25    238.00   500   16.996  0
 26    176.00   500   16.999  0
 27    251.00   500   17.049  0
 28    398.00   500   17.413  0
 29    320.00   500   17.318  0
# avg=223.067  timeouts=0  total_time=508.1s bailed=0
