# config=explore_vi problem=m1_med horizon=375 budget=207.5s n_seeds=30
# columns: seed | reward | steps | time_s | timed_out
  0    197.00   375   13.158  0
  1    240.00   375   13.276  0
  2    242.00   375   13.260  0
  3    231.00   375   13.168  0
  4    175.00   375   13.171  0
  5    245.00   375   13.252  0
  6    187.00   375   13.327  0
  7    245.00   375   13.405  0
  8    244.00   375   13.424  0
  9    253.00   375   13.412  0
 10    242.00   375   13.412  0
 11    245.00   375   13.438  0
 12    187.00   375   13.330  0
 13    245.00   375   13.453  0
 14    236.00   375   13.459  0
 15    245.00   375   13.471  0
 16    247.00   375   13.424  0
 17    234.00   375   13.382  0
 18    253.00   375   13.363  0
 19    242.00   375   13.363  0
 20    236.00   375   13.371  0
 21    257.00   375   13.387  0
 22    255.00   375   13.435  0
 23    236.00   375   13.477  0
 24    243.00   375   13.355  0
 25    240.00   375   13.456  0
 26    261.00   375   13.263  0
 27    166.00   375   13.241  0
 28    184.00   375   13.274  0
 29    242.00   375   13.307  0
# avg=231.833  timeouts=0  total_time=400.5s bailed=0
