# config=explore_vi problem=m2_easy horizon=250 budget=145.0s n_seeds=30
# columns: seed | reward | steps | time_s | timed_out
  0    314.00   250    7.985  0
  1    442.00   250    7.958  0
  2    421.00   250    8.011  0
  3    397.00   250    8.069  0
  4    410.00   250    8.143  0
  5    379.00   250    8.187  0
  6    393.00   250    8.274  0
  7    474.00   250    8.232  0
  8    251.00   250    8.087  0
  9    400.00   250    8.075  0
 10    389.00   250    8.162  0
 11    355.00   250    8.192  0
 12    392.00   250    8.113  0
 13    321.00   250    8.342  0
 14    410.00   250    8.199  0
 15    413.00   250    8.256  0
 16    364.00   250    8.299  0
 17    363.00   250    8.234  0
 18    315.00   250    8.263  0
 19    309.00   250    8.262  0
 20    324.00   250    8.163  0
 21    242.00   250    8.020  0
 22    235.00   250    8.243  0
 23    341.00   250    8.113  0
 24    370.00   250    8.264  0
 25    424.00   250    8.164  0
 26    331.00   250    8.177  0
 27    360.00   250    8.204  0
 28    140.00   250    8.204  0
 29    204.00   250    8.328  0
# avg=349.433  timeouts=0  total_time=245.2s bailed=0
