# config=explore_vi problem=m2_hard horizon=500 budget=270.0s n_seeds=30
# columns: seed | reward | steps | time_s | timed_out
  0    162.00   500   14.800  0
  1    240.00   500   14.836  0
  2    229.00   500   15.033  0
  3    227.00   500   14.970  0
  4    174.00   500   15.076  0
  5    170.00   500   14.629  0
  6    232.00   500   15.014  0
  7    177.00   500   15.042  0
  8    226.00   500   14.885  0
  9    172.00   500   15.113  0
 10    236.00   500   15.032  0
 11    223.00   500   15.058  0
 12    242.00   500   14.928  0
 13    170.00   500   14.844  0
 14    234.00   500   15.542  0
 15    181.00   500   15.296  0
 16    351.00   500   15.466  0
 17    167.00   500   15.307  0
 18    186.00   500   15.195  0
 19    172.00   500   15.325  0
 20    227.00   500   15.078  0
 21    237.00   500   14.891  0
 22    171.00   500   15.009  0
 23    233.00   500   14.875  0
 24    176.00   500   15.559  0
 25    215.00   500   14.817  0
 26    178.00   500   15.016  0
 27    185.00   500   14.925  0
 28    172.00   500   15.130  0
 29    232.00   500   14.688  0
# avg=206.567  timeouts=0  total_time=451.4s bailed=0
