# config=explore_vi problem=m2_med horizon=375 budget=207.5s n_seeds=30
# columns: seed | reward | steps | time_s | timed_out
  0    469.00   375   12.127  0
  1    429.00   375   12.393  0
  2    462.00   375   12.172  0
  3    506.00   375   12.133  0
  4    411.00   375   12.210  0
  5    381.00   375   11.979  0
  6    325.00   375   12.354  0
  7    469.00   375   12.276  0
  8    321.00   375   12.367  0
  9    533.00   375   12.327  0
 10    436.00   375   12.102  0
 11    341.00   375   12.421  0
 12    591.00   375   12.334  0
 13    367.00   375   12.497  0
 14    285.00   375   12.144  0
 15    303.00   375   12.440  0
 16    187.00   375   12.110  0
 17    561.00   375   12.193  0
 18    324.00   375   12.127  0
 19    485.00   375   12.587  0
 20    530.00   375   12.384  0
 21    293.00   375   12.516  0
 22    380.00   375   12.420  0
 23    479.00   375   12.460  0
 24    476.00   375   12.267  0
 25    476.00   375   12.515  0
 26    430.00   375   12.101  0
 27    538.00   375   12.206  0
 28    475.00   375   12.270  0
 29    510.00   375   12.274  0
# avg=425.767  timeouts=0  total_time=368.7s bailed=0
