# config=explore_vi problem=m3_easy horizon=250 budget=145.0s n_seeds=30
# columns: seed | reward | steps | time_s | timed_out
  0    454.00   250   32.774  0
  1    435.00   250   33.246  0
  2    319.00   250   33.235  0
  3    441.00   250   33.821  0
  4    192.00   250   33.574  0
  5    441.00   250   33.390  0
  6    498.00   250   33.555  0
  7    388.00   250   33.670  0
  8    363.00   250   33.818  0
  9    478.00   250   33.822  0
 10    473.00   250   33.821  0
 11    427.00   250   33.703  0
 12    480.00   250   33.685  0
 13    467.00   250   33.879  0
 14    326.00   250   33.657  0
 15    422.00   250   33.708  0
 16    447.00   250   33.779  0
 17    448.00   250   33.847  0
 18    293.00   250   33.636  0
 19    479.00   250   33.743  0
 20    491.00   250   33.865  0
 21    412.00   250   33.878  0
 22    430.00   250   33.755  0
 23    356.00   250   33.832  0
 24    505.00   250   33.801  0
 25    292.00   250   33.763  0
 26    408.00   250   33.801  0
 27    471.00   250   33.766  0
 28    420.00   250   33.863  0
 29    374.00   250   33.772  0
# avg=414.333  timeouts=0  total_time=1010.5s bailed=0
