# config=explore_vi problem=m3_hard horizon=500 budget=270.0s n_seeds=30
# columns: seed | reward | steps | time_s | timed_out
  0    172.00   500   63.060  0
  1    219.00   500   63.204  0
  2    407.00   500   64.270  0
  3    266.00   500   63.108  0
  4    291.00   500   66.114  0
  5    322.00   500   65.394  0
  6    271.00   500   63.374  0
  7    285.00   500   64.010  0
  8    257.00   500   63.085  0
  9    255.00   500   63.436  0
 10    311.00   500   63.285  0
 11    315.00   500   63.702  0
 12    284.00   500   64.742  0
 13    214.00   500   64.903  0
 14    302.00   500   63.658  0
 15    309.00   500   63.772  0
 16    279.00   500   63.911  0
 17    386.00   500   63.704  0
 18    278.00   500   63.856  0
 19    275.00   500   65.236  0
 20    285.00   500   64.245  0
 21    268.00   500   63.238  0
 22    395.00   500   63.295  0
 23    321.00   500   62.192  0
 24    243.00   500   61.412  0
 25    259.00   500   61.766  0
 26    258.00   500   61.423  0
 27    252.00   500   61.319  0
 28    280.00   500   61.476  0
 29    325.00   500   60.959  0
# avg=286.133  timeouts=0  total_time=1901.2s bailed=0
