# config=explore_vi problem=m3_med horizon=375 budget=207.5s n_seeds=30
# columns: seed | reward | steps | time_s | timed_out
  0    570.00   375   49.913  0
  1    611.00   375   49.828  0
  2    539.00   375   50.080  0
  3    687.00   375   50.107  0
  4    570.00   375   50.314  0
  5    567.00   375   50.252  0
  6    639.00   375   50.421  0
  7    424.00   375   50.106  0
  8    636.00   375   49.978  0
  9    444.00   375   50.347  0
 10    431.00   375   50.097  0
 11    503.00   375   50.094  0
 12    569.00   375   50.204  0
 13    590.00   375   50.236  0
 14    544.00   375   50.215  0
 15    510.00   375   50.155  0
 16    715.00   375   50.090  0
 17    550.00   375   49.747  0
 18    652.00   375   50.310  0
 19    652.00   375   50.298  0
 20    585.00   375   50.346  0
 21    606.00   375   50.280  0
 22    454.00   375   50.367  0
 23    545.00   375   50.370  0
 24    612.00   375   50.118  0
 25    589.00   375   50.214  0
 26    459.00   375   50.378  0
 27    632.00   375   50.248  0
 28    374.00   375   50.219  0
 29    600.00   375   50.059  0
# avg=561.967  timeouts=0  total_time=1505.4s bailed=0
