# config=explore_vi problem=m4_easy horizon=250 budget=145.0s n_seeds=30
# columns: seed | reward | steps | time_s | timed_out
  0    722.00   250   30.781  0
  1    620.00   250   31.409  0
  2    735.00   250   31.454  0
  3    656.00   250   31.321  0
  4    699.00   250   31.785  0
  5    632.00   250   31.447  0
  6    740.00   250   31.397  0
  7    715.00   250   31.600  0
  8    663.00   250   31.733  0
  9    658.00   250   31.408  0
 10    700.00   250   31.465  0
 11    689.00   250   31.371  0
 12    637.00   250   31.513  0
 13    686.00   250   31.529  0
 14    670.00   250   31.217  0
 15    738.00   250   31.224  0
 16    716.00   250   31.346  0
 17    652.00   250   31.211  0
 18    650.00   250   31.394  0
 19    720.00   250   31.296  0
 20    729.00   250   31.552  0
 21    693.00   250   31.607  0
 22    671.00   250   31.705  0
 23    641.00   250   31.492  0
 24    623.00   250   31.382  0
 25    736.00   250   31.634  0
 26    667.00   250   31.611  0
 27    712.00   250   31.510  0
 28    738.00   250   31.027  0
 29    680.00   250   31.461  0
# avg=686.267  timeouts=0  total_time=943.1s bailed=0
