# config=explore_vi problem=m4_hard horizon=500 budget=270.0s n_seeds=30
# columns: seed | reward | steps | time_s | timed_out
  0   1137.00   500   59.543  0
  1   1216.00   500   59.467  0
  2   1178.00   500   59.811  0
  3   1123.00   500   59.603  0
  4   1172.00   500   59.464  0
  5   1292.00   500   59.502  0
  6   1198.00   500   59.548  0
  7   1138.00   500   59.415  0
  8   1285.00   500   59.084  0
  9   1207.00   500   58.787  0
 10   1038.00   500   59.663  0
 11   1275.00   500   59.291  0
 12   1061.00   500   59.365  0
 13   1188.00   500   59.746  0
 14   1132.00   500   59.407  0
 15   1219.00   500   59.482  0
 16   1084.00   500   59.625  0
 17   1278.00   500   59.274  0
 18   1090.00   500   59.418  0
 19   1305.00   500   59.473  0
 20   1154.00   500   59.160  0
 21   1148.00   500   59.371  0
 22   1132.00   500   59.348  0
 23   1266.00   500   58.383  0
 24   1306.00   500   58.610  0
 25   1080.00   500   58.928  0
 26   1185.00   500   58.539  0
 27   1118.00   500   58.905  0
 28   1306.00   500   57.318  0
 29   1248.00   500   56.315  0
# avg=1185.300  timeouts=0  total_time=1774.2s bailed=0
