# config=explore_vi problem=m4_med horizon=375 budget=207.5s n_seeds=30
# columns: seed | reward | steps | time_s | timed_out
  0    931.00   375   46.862  0
  1   1032.00   375   46.747  0
  2    985.00   375   47.478  0
  3   1071.00   375   46.708  0
  4   1012.00   375   48.434  0
  5    938.00   375   47.372  0
  6    989.00   375   47.523  0
  7   1050.00   375   47.136  0
  8   1032.00   375   47.458  0
  9   1042.00   375   47.260  0
 10   1021.00   375   47.455  0
 11   1095.00   375   47.111  0
 12   1024.00   375   47.432  0
 13   1013.00   375   47.032  0
 14   1049.00   375   47.066  0
 15   1075.00   375   47.220  0
 16   1016.00   375   47.466  0
 17    986.00   375   47.288  0
 18    989.00   375   46.919  0
 19   1031.00   375   47.159  0
 20   1049.00   375   47.307  0
 21   1052.00   375   47.090  0
 22   1031.00   375   47.128  0
 23    909.00   375   47.343  0
 24   1033.00   375   47.475  0
 25   1041.00   375   47.568  0
 26    932.00   375   47.794  0
 27   1051.00   375   47.407  0
 28    912.00   375   47.610  0
 29    990.00   375   47.637  0
# avg=1012.700  timeouts=0  total_time=1419.6s bailed=0
