# config=explore_vi problem=m5_easy horizon=250 budget=145.0s n_seeds=30
# columns: seed | reward | steps | time_s | timed_out
  0    380.00   250   24.923  0
  1    596.00   250   25.317  0
  2    536.00   250   25.234  0
  3    475.00   250   25.184  0
  4    533.00   250   25.436  0
  5    458.00   250   25.411  0
  6    469.00   250   25.435  0
  7    569.00   250   25.443  0
  8    540.00   250   25.632  0
  9    486.00   250   25.474  0
 10    537.00   250   25.589  0
 11    395.00   250   25.604  0
 12    546.00   250   25.773  0
 13    538.00   250   25.753  0
 14    550.00   250   25.647  0
 15    560.00   250   25.659  0
 16    456.00   250   25.560  0
 17    520.00   250   25.619  0
 18    524.00   250   25.565  0
 19    592.00   250   25.675  0
 20    462.00   250   25.603  0
 21    466.00   250   25.597  0
 22    620.00   250   25.632  0
 23    551.00   250   25.695  0
 24    535.00   250   25.506  0
 25    558.00   250   25.561  0
 26    574.00   250   25.709  0
 27    563.00   250   25.696  0
 28    535.00   250   25.734  0
 29    596.00   250   25.770  0
# avg=524.000  timeouts=0  total_time=766.5s bailed=0
