# config=explore_vi problem=m5_hard horizon=500 budget=270.0s n_seeds=30
# columns: seed | reward | steps | time_s | timed_out
  0    160.00   500   48.035  0
  1    275.00   500   48.482  0
  2    220.00   500   47.921  0
  3    264.00   500   47.769  0
  4    273.00   500   47.941  0
  5    262.00   500   47.721  0
  6    273.00   500   48.951  0
  7    276.00   500   48.777  0
  8    192.00   500   48.283  0
  9    203.00   500   48.374  0
 10    352.00   500   48.829  0
 11    355.00   500   49.030  0
 12    282.00   500   47.989  0
 13    218.00   500   49.036  0
 14    262.00   500   49.095  0
 15    215.00   500   48.194  0
 16    227.00   500   49.610  0
 17    210.00   500   49.851  0
 18    260.00   500   48.194  0
 19    275.00   500   49.724  0
 20    355.00   500   48.450  0
 21    281.00   500   48.368  0
 22    260.00   500   48.041  0
 23    266.00   500   48.520  0
 24    296.00   500   48.803  0
 25    268.00   500   47.726  0
 26    275.00   500   48.565  0
 27    292.00   500   48.407  0
 28    266.00   500   47.782  0
 29    269.00   500   47.307  0
# avg=262.733  timeouts=0  total_time=1453.8s bailed=0
