# config=explore_vi problem=m5_med horizon=375 budget=207.5s n_seeds=30
# columns: seed | reward | steps | time_s | timed_out
  0    737.00   375   38.005  0
  1    605.00   375   37.833  0
  2    637.00   375   38.076  0
  3    343.00   375   37.866  0
  4    379.00   375   37.897  0
  5    222.00   375   38.119  0
  6    553.00   375   38.144  0
  7    793.00   375   38.118  0
  8    596.00   375   37.908  0
  9    668.00   375   38.093  0
 10    469.00   375   38.472  0
 11    343.00   375   39.199  0
 12    548.00   375   38.760  0
 13    409.00   375   38.386  0
 14    538.00   375   38.175  0
 15    681.00   375   39.411  0
 16    584.00   375   38.502  0
 17    518.00   375   38.254  0
 18    482.00   375   38.338  0
 19    476.00   375   38.929  0
 20    525.00   375   39.178  0
 21    463.00   375   38.453  0
 22    613.00   375   38.568  0
 23    600.00   375   38.895  0
 24    819.00   375   38.625  0
 25    816.00   375   38.417  0
 26    421.00   375   38.253  0
 27    628.00   375   38.600  0
 28    575.00   375   38.682  0
 29    676.00   375   39.074  0
# avg=557.233  timeouts=0  total_time=1153.2s bailed=0
