# config=explore_vi problem=p1_easy horizon=250 budget=145.0s n_seeds=30
# columns: seed | reward | steps | time_s | timed_out
  0    745.00   250    0.661  0
  1    582.00   250    0.667  0
  2    657.00   250    0.656  0
  3    590.00   250    0.653  0
  4    715.00   250    0.671  0
  5    666.00   250    0.652  0
  6    714.00   250    0.663  0
  7    619.00   250    0.664  0
  8    734.00   250    0.660  0
  9    714.00   250    0.647  0
 10    710.00   250    0.651  0
 11    655.00   250    0.648  0
 12    687.00   250    0.653  0
 13    690.00   250    0.670  0
 14    749.00   250    0.660  0
 15    734.00   250    0.643  0
 16    694.00   250    0.654  0
 17    621.00   250    0.639  0
 18    678.00   250    0.668  0
 19    628.00   250    0.660  0
 20    545.00   250    0.650  0
 21    506.00   250    0.665  0
 22    671.00   250    0.657  0
 23    657.00   250    0.673  0
 24    733.00   250    0.653  0
 25    543.00   250    0.664  0
 26    730.00   250    0.650  0
 27    717.00   250    0.659  0
 28    530.00   250    0.666  0
 29    621.00   250    0.658  0
# avg=661.167  timeouts=0  total_time=19.7s bailed=0
