# config=explore_vi problem=p1_hard horizon=500 budget=270.0s n_seeds=30
# columns: seed | reward | steps | time_s | timed_out
  0    703.00   500    1.332  0
  1    704.00   500    1.354  0
  2    661.00   500    1.362  0
  3    718.00   500    1.326  0
  4    702.00   500    1.371  0
  5    689.00   500    1.299  0
  6    670.00   500    1.312  0
  7    706.00   500    1.346  0
  8    761.00   500    1.312  0
  9    612.00   500    1.355  0
 10    702.00   500    1.370  0
 11    754.00   500    1.296  0
 12    779.00   500    1.318  0
 13    672.00   500    1.331  0
 14    722.00   500    1.357  0
 15    663.00   500    1.355  0
 16    595.00   500    1.364  0
 17    624.00   500    1.327  0
 18    726.00   500    1.344  0
 19    700.00   500    1.349  0
 20    748.00   500    1.306  0
 21    685.00   500    1.340  0
 22    698.00   500    1.357  0
 23    702.00   500    1.315  0
 24    681.00   500    1.312  0
 25    753.00   500    1.306  0
 26    657.00   500    1.312  0
 27    711.00   500    1.369  0
 28    653.00   500    1.333  0
 29    677.00   500    1.311  0
# avg=694.267  timeouts=0  total_time=40.0s bailed=0
