# config=explore_vi problem=p1_med horizon=375 budget=207.5s n_seeds=30
# columns: seed | reward | steps | time_s | timed_out
  0    713.00   375    1.049  0
  1    992.00   375    1.008  0
  2   1042.00   375    0.998  0
  3    847.00   375    0.992  0
  4    904.00   375    1.001  0
  5    869.00   375    0.996  0
  6    998.00   375    1.001  0
  7    854.00   375    1.003  0
  8    856.00   375    0.999  0
  9    765.00   375    0.993  0
 10   1032.00   375    0.983  0
 11    700.00   375    0.967  0
 12    749.00   375    1.004  0
 13    943.00   375    1.012  0
 14   1084.00   375    0.973  0
 15    886.00   375    1.007  0
 16    997.00   375    0.999  0
 17    829.00   375    0.992  0
 18   1062.00   375    1.003  0
 19    987.00   375    1.003  0
 20   1055.00   375    1.001  0
 21    827.00   375    0.993  0
 22    909.00   375    0.994  0
 23    686.00   375    1.001  0
 24   1018.00   375    0.971  0
 25   1023.00   375    0.980  0
 26    861.00   375    1.005  0
 27    870.00   375    0.997  0
 28    913.00   375    1.002  0
 29    846.00   375    0.998  0
# avg=903.900  timeouts=0  total_time=29.9s bailed=0
