# config=explore_vi problem=rl_easy horizon=250 budget=145.0s n_seeds=30
# columns: seed | reward | steps | time_s | timed_out
  0   2542.00   250    0.077  0
  1   2536.00   250    0.076  0
  2   2542.00   250    0.075  0
  3   2642.00   250    0.074  0
  4   2586.00   250    0.079  0
  5   2642.00   250    0.074  0
  6   2536.00   250    0.077  0
  7   2592.00   250    0.075  0
  8   2592.00   250    0.075  0
  9   2586.00   250    0.075  0
 10   2586.00   250    0.075  0
 11   2642.00   250    0.075  0
 12   2642.00   250    0.075  0
 13   2586.00   250    0.075  0
 14   2586.00   250    0.074  0
 15   2586.00   250    0.075  0
 16   2585.00   250    0.075  0
 17   2592.00   250    0.075  0
 18   2542.00   250    0.076  0
 19   2592.00   250    0.075  0
 20   2592.00   250    0.075  0
 21   2586.00   250    0.075  0
 22   2586.00   250    0.074  0
 23   2542.00   250    0.075  0
 24   2642.00   250    0.074  0
 25   2642.00   250    0.075  0
 26   2586.00   250    0.075  0
 27   2492.00   250    0.075  0
 28   2535.00   250    0.076  0
 29   2585.00   250    0.075  0
# avg=2584.100  timeouts=0  total_time=2.3s bailed=0
