# config=explore_vi problem=rl_hard horizon=500 budget=270.0s n_seeds=30
# columns: seed | reward | steps | time_s | timed_out
  0   5027.00   500    0.151  0
  1   4978.00   500    0.150  0
  2   5027.00   500    0.150  0
  3   5178.00   500    0.149  0
  4   4877.00   500    0.151  0
  5   5027.00   500    0.149  0
  6   5077.00   500    0.148  0
  7   5028.00   500    0.148  0
  8   5128.00   500    0.148  0
  9   5077.00   500    0.149  0
 10   5028.00   500    0.150  0
 11   5078.00   500    0.147  0
 12   4977.00   500    0.148  0
 13   5021.00   500    0.149  0
 14   5127.00   500    0.149  0
 15   4977.00   500    0.149  0
 16   5027.00   500    0.150  0
 17   5028.00   500    0.148  0
 18   5027.00   500    0.150  0
 19   5078.00   500    0.148  0
 20   4978.00   500    0.149  0
 21   5027.00   500    0.149  0
 22   5127.00   500    0.148  0
 23   5028.00   500    0.149  0
 24   5134.00   500    0.148  0
 25   4927.00   500    0.149  0
 26   4877.00   500    0.149  0
 27   4977.00   500    0.150  0
 28   4927.00   500    0.150  0
 29   5027.00   500    0.149  0
# avg=5027.367  timeouts=0  total_time=4.5s bailed=0
