# config=explore_vi problem=rl_med horizon=375 budget=207.5s n_seeds=30
# columns: seed | reward | steps | time_s | timed_out
  0   3706.00   375    0.115  0
  1   3757.00   375    0.114  0
  2   3757.00   375    0.114  0
  3   3863.00   375    0.113  0
  4   3706.00   375    0.116  0
  5   3806.00   375    0.113  0
  6   3806.00   375    0.113  0
  7   3756.00   375    0.113  0
  8   3857.00   375    0.113  0
  9   3807.00   375    0.113  0
 10   3757.00   375    0.113  0
 11   3807.00   375    0.113  0
 12   3756.00   375    0.114  0
 13   3756.00   375    0.114  0
 14   3857.00   375    0.113  0
 15   3756.00   375    0.114  0
 16   3806.00   375    0.115  0
 17   3857.00   375    0.113  0
 18   3756.00   375    0.116  0
 19   3807.00   375    0.113  0
 20   3706.00   375    0.115  0
 21   3806.00   375    0.113  0
 22   3856.00   375    0.114  0
 23   3706.00   375    0.115  0
 24   3863.00   375    0.114  0
 25   3613.00   375    0.115  0
 26   3656.00   375    0.115  0
 27   3706.00   375    0.116  0
 28   3706.00   375    0.115  0
 29   3806.00   375    0.114  0
# avg=3772.000  timeouts=0  total_time=3.4s bailed=0
