# config=td problem=e1_easy horizon=250 budget=145.0s n_seeds=30
# columns: seed | reward | steps | time_s | timed_out
  0    268.00   250    0.005  0
  1     52.00   250    0.004  0
  2     81.00   250    0.004  0
  3     48.00   250    0.005  0
  4     34.00   250    0.005  0
  5     72.00   250    0.004  0
  6     70.00   250    0.005  0
  7     50.00   250    0.005  0
  8     64.00   250    0.005  0
  9     33.00   250    0.005  0
 10     66.00   250    0.005  0
 11     46.00   250    0.004  0
 12     43.00   250    0.005  0
 13     90.00   250    0.004  0
 14     62.00   250    0.004  0
 15     64.00   250    0.004  0
 16     57.00   250    0.005  0
 17     65.00   250    0.005  0
 18     39.00   250    0.005  0
 19     94.00   250    0.005  0
 20     47.00   250    0.004  0
 21     47.00   250    0.005  0
 22     63.00   250    0.004  0
 23    179.00   250    0.005  0
 24     55.00   250    0.004  0
 25    206.00   250    0.005  0
 26    101.00   250    0.005  0
 27     36.00   250    0.004  0
 28     60.00   250    0.005  0
 29    234.00   250    0.005  0
# avg=80.867  timeouts=0  total_time=0.1s bailed=0
