# config=td problem=e1_hard horizon=500 budget=270.0s n_seeds=30
# columns: seed | reward | steps | time_s | timed_out
  0     53.00   500    0.010  0
  1    122.00   500    0.008  0
  2     70.00   500    0.010  0
  3     99.00   500    0.010  0
  4    128.00   500    0.010  0
  5    107.00   500    0.008  0
  6    106.00   500    0.009  0
  7    218.00   500    0.010  0
  8    171.00   500    0.010  0
  9     91.00   500    0.010  0
 10     56.00   500    0.010  0
 11     99.00   500    0.010  0
 12     87.00   500    0.009  0
 13     95.00   500    0.010  0
 14     77.00   500    0.010  0
 15     89.00   500    0.010  0
 16     85.00   500    0.010  0
 17     83.00   500    0.010  0
 18     72.00   500    0.010  0
 19     93.00   500    0.008  0
 20     86.00   500    0.008  0
 21     90.00   500    0.008  0
 22    337.00   500    0.010  0
 23    101.00   500    0.010  0
 24    349.00   500    0.011  0
 25    218.00   500    0.010  0
 26     75.00   500    0.008  0
 27     87.00   500    0.008  0
 28     66.00   500    0.008  0
 29     97.00   500    0.008  0
# avg=116.900  timeouts=0  total_time=0.3s bailed=0
