# config=td problem=e1_med horizon=375 budget=207.5s n_seeds=30
# columns: seed | reward | steps | time_s | timed_out
  0     94.00   375    0.006  0
  1     91.00   375    0.007  0
  2     74.00   375    0.007  0
  3     88.00   375    0.007  0
  4     90.00   375    0.006  0
  5     69.00   375    0.007  0
  6     78.00   375    0.007  0
  7     46.00   375    0.007  0
  8     97.00   375    0.007  0
  9    305.00   375    0.008  0
 10     57.00   375    0.007  0
 11     68.00   375    0.007  0
 12     86.00   375    0.007  0
 13     81.00   375    0.007  0
 14    101.00   375    0.006  0
 15     82.00   375    0.006  0
 16     97.00   375    0.007  0
 17     56.00   375    0.006  0
 18     61.00   375    0.007  0
 19    115.00   375    0.007  0
 20     80.00   375    0.006  0
 21    244.00   375    0.007  0
 22     47.00   375    0.007  0
 23    136.00   375    0.006  0
 24     76.00   375    0.007  0
 25     51.00   375    0.006  0
 26     77.00   375    0.006  0
 27    316.00   375    0.008  0
 28    109.00   375    0.007  0
 29    116.00   375    0.007  0
# avg=102.933  timeouts=0  total_time=0.2s bailed=0
