# config=td problem=e2_easy horizon=250 budget=145.0s n_seeds=30
# columns: seed | reward | steps | time_s | timed_out
  0    182.00   250    0.005  0
  1     50.00   250    0.004  0
  2    184.00   250    0.005  0
  3    184.00   250    0.005  0
  4    111.00   250    0.004  0
  5    144.00   250    0.005  0
  6    154.00   250    0.005  0
  7    161.00   250    0.005  0
  8    166.00   250    0.005  0
  9    154.00   250    0.005  0
 10    121.00   250    0.005  0
 11    154.00   250    0.005  0
 12    183.00   250    0.005  0
 13    159.00   250    0.005  0
 14     36.00   250    0.005  0
 15     40.00   250    0.005  0
 16    131.00   250    0.005  0
 17    155.00   250    0.005  0
 18    149.00   250    0.005  0
 19    165.00   250    0.005  0
 20    144.00   250    0.005  0
 21    197.00   250    0.005  0
 22    112.00   250    0.004  0
 23    165.00   250    0.005  0
 24     84.00   250    0.005  0
 25    159.00   250    0.005  0
 26    130.00   250    0.005  0
 27    182.00   250    0.005  0
 28    156.00   250    0.005  0
 29     24.00   250    0.004  0
# avg=137.867  timeouts=0  total_time=0.1s bailed=0
