# config=td problem=e2_hard horizon=500 budget=270.0s n_seeds=30
# columns: seed | reward | steps | time_s | timed_out
  0    307.00   500    0.010  0
  1    314.00   500    0.010  0
  2    368.00   500    0.010  0
  3    348.00   500    0.010  0
  4    250.00   500    0.010  0
  5    326.00   500    0.010  0
  6    342.00   500    0.010  0
  7    308.00   500    0.010  0
  8    370.00   500    0.010  0
  9    333.00   500    0.010  0
 10    348.00   500    0.010  0
 11    339.00   500    0.010  0
 12    328.00   500    0.010  0
 13    346.00   500    0.010  0
 14    338.00   500    0.010  0
 15    300.00   500    0.010  0
 16    323.00   500    0.010  0
 17    309.00   500    0.010  0
 18    340.00   500    0.010  0
 19    354.00   500    0.010  0
 20    320.00   500    0.010  0
 21    287.00   500    0.010  0
 22    336.00   500    0.010  0
 23    308.00   500    0.010  0
 24    366.00   500    0.010  0
 25    355.00   500    0.010  0
 26    330.00   500    0.010  0
 27    306.00   500    0.010  0
 28    368.00   500    0.010  0
 29    315.00   500    0.010  0
# avg=329.400  timeouts=0  total_time=0.3s bailed=0
