# config=td problem=e2_med horizon=375 budget=207.5s n_seeds=30
# columns: seed | reward | steps | time_s | timed_out
  0     35.00   375    0.006  0
  1    271.00   375    0.008  0
  2    232.00   375    0.008  0
  3    229.00   375    0.007  0
  4    102.00   375    0.007  0
  5     57.00   375    0.007  0
  6    268.00   375    0.008  0
  7    245.00   375    0.008  0
  8    249.00   375    0.008  0
  9    286.00   375    0.008  0
 10    258.00   375    0.008  0
 11    246.00   375    0.008  0
 12     32.00   375    0.007  0
 13    249.00   375    0.008  0
 14    159.00   375    0.007  0
 15     29.00   375    0.007  0
 16     58.00   375    0.007  0
 17    221.00   375    0.008  0
 18    233.00   375    0.008  0
 19    245.00   375    0.008  0
 20     17.00   375    0.005  0
 21    266.00   375    0.007  0
 22     58.00   375    0.007  0
 23    215.00   375    0.007  0
 24     79.00   375    0.006  0
 25    248.00   375    0.008  0
 26    268.00   375    0.008  0
 27     69.00   375    0.006  0
 28    245.00   375    0.008  0
 29    269.00   375    0.008  0
# avg=181.267  timeouts=0  total_time=0.2s bailed=0
