# config=td problem=e4_easy horizon=250 budget=145.0s n_seeds=30
# columns: seed | reward | steps | time_s | timed_out
  0     96.00   250    0.004  0
  1     58.00   250    0.005  0
  2     98.00   250    0.005  0
  3     78.00   250    0.005  0
  4     34.00   250    0.004  0
  5     70.00   250    0.004  0
  6     70.00   250    0.005  0
  7     46.00   250    0.005  0
  8     58.00   250    0.005  0
  9     78.00   250    0.004  0
 10     96.00   250    0.004  0
 11     84.00   250    0.005  0
 12     68.00   250    0.005  0
 13    196.00   250    0.005  0
 14     52.00   250    0.005  0
 15     70.00   250    0.005  0
 16     64.00   250    0.004  0
 17    236.00   250    0.005  0
 18     58.00   250    0.005  0
 19    208.00   250    0.005  0
 20     54.00   250    0.005  0
 21    216.00   250    0.005  0
 22     66.00   250    0.005  0
 23     54.00   250    0.005  0
 24    190.00   250    0.005  0
 25    236.00   250    0.005  0
 26    276.00   250    0.005  0
 27     94.00   250    0.004  0
 28     78.00   250    0.004  0
 29     70.00   250    0.004  0
# avg=105.067  timeouts=0  total_time=0.1s bailed=0
