# config=td problem=e4_hard horizon=500 budget=270.0s n_seeds=30
# columns: seed | reward | steps | time_s | timed_out
  0     68.00   500    0.009  0
  1    118.00   500    0.010  0
  2    294.00   500    0.010  0
  3     50.00   500    0.009  0
  4    336.00   500    0.010  0
  5    330.00   500    0.010  0
  6    354.00   500    0.010  0
  7     60.00   500    0.010  0
  8    120.00   500    0.010  0
  9     74.00   500    0.008  0
 10    408.00   500    0.010  0
 11    382.00   500    0.010  0
 12     78.00   500    0.010  0
 13    136.00   500    0.008  0
 14    386.00   500    0.010  0
 15     72.00   500    0.008  0
 16     78.00   500    0.009  0
 17     78.00   500    0.009  0
 18    334.00   500    0.010  0
 19     74.00   500    0.010  0
 20    100.00   500    0.010  0
 21     98.00   500    0.008  0
 22    342.00   500    0.010  0
 23    316.00   500    0.010  0
 24    376.00   500    0.010  0
 25    100.00   500    0.010  0
 26    114.00   500    0.010  0
 27     64.00   500    0.010  0
 28     90.00   500    0.008  0
 29    124.00   500    0.008  0
# avg=185.133  timeouts=0  total_time=0.3s bailed=0
