# config=td problem=e4_med horizon=375 budget=207.5s n_seeds=30
# columns: seed | reward | steps | time_s | timed_out
  0    118.00   375    0.007  0
  1    252.00   375    0.007  0
  2    318.00   375    0.007  0
  3    144.00   375    0.006  0
  4     82.00   375    0.007  0
  5     78.00   375    0.007  0
  6    108.00   375    0.007  0
  7     80.00   375    0.006  0
  8    348.00   375    0.008  0
  9     84.00   375    0.007  0
 10    304.00   375    0.008  0
 11    172.00   375    0.007  0
 12     84.00   375    0.007  0
 13     96.00   375    0.006  0
 14    106.00   375    0.006  0
 15    254.00   375    0.007  0
 16    102.00   375    0.007  0
 17    120.00   375    0.007  0
 18     58.00   375    0.007  0
 19    332.00   375    0.008  0
 20     70.00   375    0.007  0
 21     60.00   375    0.006  0
 22     90.00   375    0.006  0
 23     74.00   375    0.007  0
 24    104.00   375    0.007  0
 25    118.00   375    0.007  0
 26     90.00   375    0.006  0
 27    102.00   375    0.006  0
 28    394.00   375    0.008  0
 29     86.00   375    0.006  0
# avg=147.600  timeouts=0  total_time=0.2s bailed=0
