# config=td problem=e5_easy horizon=250 budget=145.0s n_seeds=30
# columns: seed | reward | steps | time_s | timed_out
  0     19.00   250    0.005  0
  1     40.00   250    0.005  0
  2     33.00   250    0.005  0
  3     28.00   250    0.005  0
  4     63.00   250    0.005  0
  5     15.00   250    0.004  0
  6     31.00   250    0.004  0
  7     23.00   250    0.005  0
  8     41.00   250    0.005  0
  9     22.00   250    0.004  0
 10     55.00   250    0.005  0
 11     31.00   250    0.005  0
 12     57.00   250    0.005  0
 13     34.00   250    0.005  0
 14     43.00   250    0.005  0
 15     60.00   250    0.005  0
 16     47.00   250    0.005  0
 17     31.00   250    0.005  0
 18     23.00   250    0.005  0
 19     31.00   250    0.005  0
 20     37.00   250    0.005  0
 21     20.00   250    0.004  0
 22     15.00   250    0.004  0
 23     29.00   250    0.005  0
 24     69.00   250    0.005  0
 25     54.00   250    0.005  0
 26     26.00   250    0.005  0
 27     47.00   250    0.005  0
 28     26.00   250    0.005  0
 29     44.00   250    0.005  0
# avg=36.467  timeouts=0  total_time=0.1s bailed=0
