# config=td problem=e5_hard horizon=500 budget=270.0s n_seeds=30
# columns: seed | reward | steps | time_s | timed_out
  0     49.00   500    0.010  0
  1     64.00   500    0.010  0
  2     56.00   500    0.010  0
  3     49.00   500    0.009  0
  4     50.00   500    0.010  0
  5     57.00   500    0.010  0
  6     57.00   500    0.010  0
  7     57.00   500    0.010  0
  8     18.00   500    0.010  0
  9     14.00   500    0.008  0
 10     51.00   500    0.010  0
 11     62.00   500    0.010  0
 12     30.00   500    0.010  0
 13     56.00   500    0.010  0
 14     38.00   500    0.010  0
 15     35.00   500    0.010  0
 16     12.00   500    0.009  0
 17     37.00   500    0.010  0
 18     21.00   500    0.010  0
 19     58.00   500    0.010  0
 20     85.00   500    0.010  0
 21     60.00   500    0.010  0
 22     26.00   500    0.010  0
 23     60.00   500    0.010  0
 24     46.00   500    0.010  0
 25     73.00   500    0.010  0
 26     81.00   500    0.010  0
 27     38.00   500    0.010  0
 28     44.00   500    0.010  0
 29     18.00   500    0.009  0
# avg=46.733  timeouts=0  total_time=0.3s bailed=0
