# config=td problem=e5_med horizon=375 budget=207.5s n_seeds=30
# columns: seed | reward | steps | time_s | timed_out
  0     39.00   375    0.008  0
  1     29.00   375    0.007  0
  2     48.00   375    0.007  0
  3     32.00   375    0.007  0
  4     15.00   375    0.006  0
  5     26.00   375    0.007  0
  6     40.00   375    0.007  0
  7     16.00   375    0.006  0
  8     13.00   375    0.007  0
  9     25.00   375    0.007  0
 10     47.00   375    0.007  0
 11     46.00   375    0.007  0
 12     52.00   375    0.007  0
 13     17.00   375    0.006  0
 14     55.00   375    0.007  0
 15     54.00   375    0.007  0
 16     98.00   375    0.008  0
 17     32.00   375    0.007  0
 18     89.00   375    0.008  0
 19     30.00   375    0.007  0
 20     21.00   375    0.007  0
 21     15.00   375    0.006  0
 22     31.00   375    0.006  0
 23     26.00   375    0.006  0
 24     28.00   375    0.006  0
 25     72.00   375    0.007  0
 26     60.00   375    0.007  0
 27     15.00   375    0.006  0
 28     72.00   375    0.007  0
 29     38.00   375    0.006  0
# avg=39.367  timeouts=0  total_time=0.2s bailed=0
