# config=td problem=m2_easy horizon=250 budget=145.0s n_seeds=30
# columns: seed | reward | steps | time_s | timed_out
  0     22.00   250    0.005  0
  1     38.00   250    0.005  0
  2     32.00   250    0.005  0
  3     30.00   250    0.005  0
  4     52.00   250    0.005  0
  5     48.00   250    0.005  0
  6     22.00   250    0.005  0
  7     22.00   250    0.005  0
  8     44.00   250    0.005  0
  9     34.00   250    0.005  0
 10     22.00   250    0.005  0
 11     42.00   250    0.005  0
 12     26.00   250    0.005  0
 13     22.00   250    0.005  0
 14     44.00   250    0.005  0
 15     30.00   250    0.005  0
 16      6.00   250    0.005  0
 17     30.00   250    0.006  0
 18     30.00   250    0.005  0
 19     22.00   250    0.005  0
 20     40.00   250    0.005  0
 21     24.00   250    0.005  0
 22     52.00   250    0.005  0
 23     20.00   250    0.005  0
 24     76.00   250    0.005  0
 25     62.00   250    0.005  0
 26     20.00   250    0.005  0
 27     36.00   250    0.005  0
 28     58.00   250    0.005  0
 29     46.00   250    0.005  0
# avg=35.067  timeouts=0  total_time=0.2s bailed=0
