# config=td problem=m2_hard horizon=500 budget=270.0s n_seeds=30
# columns: seed | reward | steps | time_s | timed_out
  0     14.00   500    0.011  0
  1     18.00   500    0.011  0
  2     14.00   500    0.011  0
  3     20.00   500    0.011  0
  4     10.00   500    0.012  0
  5     30.00   500    0.011  0
  6      4.00   500    0.011  0
  7      4.00   500    0.011  0
  8     12.00   500    0.011  0
  9     10.00   500    0.011  0
 10     20.00   500    0.010  0
 11     16.00   500    0.011  0
 12      2.00   500    0.011  0
 13      6.00   500    0.011  0
 14      0.00   500    0.011  0
 15     24.00   500    0.011  0
 16     18.00   500    0.011  0
 17     20.00   500    0.011  0
 18     10.00   500    0.011  0
 19     32.00   500    0.011  0
 20     14.00   500    0.011  0
 21     24.00   500    0.011  0
 22     30.00   500    0.011  0
 23     32.00   500    0.011  0
 24     32.00   500    0.011  0
 25     22.00   500    0.011  0
 26     10.00   500    0.011  0
 27      2.00   500    0.011  0
 28      6.00   500    0.011  0
 29     22.00   500    0.011  0
# avg=15.933  timeouts=0  total_time=0.3s bailed=0
