# config=td problem=m2_med horizon=375 budget=207.5s n_seeds=30
# columns: seed | reward | steps | time_s | timed_out
  0     48.00   375    0.008  0
  1     74.00   375    0.008  0
  2     56.00   375    0.008  0
  3     30.00   375    0.008  0
  4     62.00   375    0.008  0
  5     18.00   375    0.007  0
  6     62.00   375    0.008  0
  7     36.00   375    0.008  0
  8     60.00   375    0.008  0
  9     40.00   375    0.008  0
 10     26.00   375    0.008  0
 11     26.00   375    0.008  0
 12     38.00   375    0.008  0
 13     30.00   375    0.008  0
 14     40.00   375    0.008  0
 15     46.00   375    0.008  0
 16     30.00   375    0.008  0
 17     46.00   375    0.008  0
 18     54.00   375    0.008  0
 19     24.00   375    0.007  0
 20     30.00   375    0.008  0
 21     34.00   375    0.008  0
 22     62.00   375    0.008  0
 23     50.00   375    0.008  0
 24     30.00   375    0.008  0
 25     18.00   375    0.008  0
 26     24.00   375    0.007  0
 27     28.00   375    0.007  0
 28     32.00   375    0.007  0
 29     44.00   375    0.008  0
# avg=39.933  timeouts=0  total_time=0.2s bailed=0
