# config=td problem=m3_easy horizon=250 budget=145.0s n_seeds=30
# columns: seed | reward | steps | time_s | timed_out
  0     32.00   250    0.005  0
  1     20.00   250    0.005  0
  2     70.00   250    0.006  0
  3     52.00   250    0.006  0
  4     38.00   250    0.005  0
  5     80.00   250    0.006  0
  6     30.00   250    0.005  0
  7     72.00   250    0.006  0
  8     42.00   250    0.005  0
  9     80.00   250    0.006  0
 10     34.00   250    0.005  0
 11     26.00   250    0.006  0
 12     28.00   250    0.006  0
 13     22.00   250    0.005  0
 14     86.00   250    0.005  0
 15     94.00   250    0.006  0
 16     58.00   250    0.006  0
 17     52.00   250    0.006  0
 18     80.00   250    0.005  0
 19     58.00   250    0.006  0
 20     30.00   250    0.005  0
 21     26.00   250    0.005  0
 22     58.00   250    0.006  0
 23     36.00   250    0.006  0
 24     18.00   250    0.005  0
 25     60.00   250    0.006  0
 26     28.00   250    0.013  0
 27     62.00   250    0.006  0
 28     44.00   250    0.005  0
 29     52.00   250    0.005  0
# avg=48.933  timeouts=0  total_time=0.2s bailed=0
