# config=td problem=m3_hard horizon=500 budget=270.0s n_seeds=30
# columns: seed | reward | steps | time_s | timed_out
  0     56.00   500    0.012  0
  1     24.00   500    0.010  0
  2     36.00   500    0.010  0
  3     32.00   500    0.011  0
  4     26.00   500    0.011  0
  5     50.00   500    0.010  0
  6     36.00   500    0.011  0
  7     38.00   500    0.012  0
  8     62.00   500    0.011  0
  9     22.00   500    0.010  0
 10     28.00   500    0.010  0
 11     22.00   500    0.011  0
 12     16.00   500    0.011  0
 13     30.00   500    0.012  0
 14     34.00   500    0.011  0
 15     28.00   500    0.012  0
 16     70.00   500    0.012  0
 17     36.00   500    0.011  0
 18     32.00   500    0.011  0
 19     38.00   500    0.011  0
 20     58.00   500    0.012  0
 21     32.00   500    0.011  0
 22     26.00   500    0.011  0
 23     44.00   500    0.012  0
 24     44.00   500    0.011  0
 25     40.00   500    0.011  0
 26     28.00   500    0.012  0
 27     30.00   500    0.010  0
 28     36.00   500    0.011  0
 29     42.00   500    0.011  0
# avg=36.533  timeouts=0  total_time=0.3s bailed=0
