# config=td problem=m3_med horizon=375 budget=207.5s n_seeds=30
# columns: seed | reward | steps | time_s | timed_out
  0     44.00   375    0.009  0
  1     26.00   375    0.007  0
  2     38.00   375    0.007  0
  3     62.00   375    0.008  0
  4     62.00   375    0.008  0
  5    112.00   375    0.008  0
  6     46.00   375    0.007  0
  7     82.00   375    0.009  0
  8     56.00   375    0.008  0
  9    120.00   375    0.008  0
 10     54.00   375    0.007  0
 11    116.00   375    0.008  0
 12     28.00   375    0.007  0
 13     82.00   375    0.009  0
 14     34.00   375    0.007  0
 15     32.00   375    0.007  0
 16     24.00   375    0.007  0
 17     16.00   375    0.007  0
 18     40.00   375    0.007  0
 19     32.00   375    0.007  0
 20     88.00   375    0.008  0
 21     96.00   375    0.008  0
 22     30.00   375    0.007  0
 23     60.00   375    0.008  0
 24     36.00   375    0.008  0
 25     34.00   375    0.007  0
 26     54.00   375    0.009  0
 27     70.00   375    0.008  0
 28     50.00   375    0.008  0
 29     60.00   375    0.008  0
# avg=56.133  timeouts=0  total_time=0.2s bailed=0
