# config=td problem=m4_easy horizon=250 budget=145.0s n_seeds=30
# columns: seed | reward | steps | time_s | timed_out
  0     59.00   250    0.006  0
  1     62.00   250    0.005  0
  2     56.00   250    0.005  0
  3     48.00   250    0.005  0
  4     46.00   250    0.006  0
  5     55.00   250    0.005  0
  6     61.00   250    0.005  0
  7     74.00   250    0.005  0
  8     49.00   250    0.005  0
  9     50.00   250    0.005  0
 10    102.00   250    0.006  0
 11     52.00   250    0.005  0
 12     94.00   250    0.005  0
 13     35.00   250    0.005  0
 14     59.00   250    0.005  0
 15     47.00   250    0.004  0
 16     53.00   250    0.005  0
 17     56.00   250    0.005  0
 18     84.00   250    0.005  0
 19     57.00   250    0.005  0
 20    213.00   250    0.006  0
 21    181.00   250    0.006  0
 22     35.00   250    0.005  0
 23     52.00   250    0.005  0
 24     46.00   250    0.005  0
 25     45.00   250    0.005  0
 26     39.00   250    0.006  0
 27     65.00   250    0.005  0
 28     66.00   250    0.005  0
 29     69.00   250    0.005  0
# avg=67.000  timeouts=0  total_time=0.2s bailed=0
