# config=td problem=m4_hard horizon=500 budget=270.0s n_seeds=30
# columns: seed | reward | steps | time_s | timed_out
  0     80.00   500    0.011  0
  1     95.00   500    0.011  0
  2    104.00   500    0.010  0
  3    110.00   500    0.012  0
  4     90.00   500    0.010  0
  5    285.00   500    0.012  0
  6     78.00   500    0.011  0
  7     60.00   500    0.011  0
  8     76.00   500    0.010  0
  9     53.00   500    0.010  0
 10     69.00   500    0.012  0
 11    305.00   500    0.012  0
 12     87.00   500    0.009  0
 13     54.00   500    0.009  0
 14    281.00   500    0.012  0
 15     93.00   500    0.010  0
 16    283.00   500    0.011  0
 17     98.00   500    0.010  0
 18    300.00   500    0.012  0
 19     96.00   500    0.010  0
 20    105.00   500    0.010  0
 21     64.00   500    0.011  0
 22     66.00   500    0.011  0
 23     94.00   500    0.010  0
 24    100.00   500    0.011  0
 25    278.00   500    0.012  0
 26     60.00   500    0.010  0
 27     76.00   500    0.011  0
 28     32.00   500    0.011  0
 29     74.00   500    0.010  0
# avg=121.533  timeouts=0  total_time=0.3s bailed=0
