# config=td problem=m4_med horizon=375 budget=207.5s n_seeds=30
# columns: seed | reward | steps | time_s | timed_out
  0     91.00   375    0.007  0
  1     84.00   375    0.008  0
  2     88.00   375    0.007  0
  3     86.00   375    0.007  0
  4     84.00   375    0.007  0
  5     63.00   375    0.007  0
  6     60.00   375    0.008  0
  7     48.00   375    0.008  0
  8     64.00   375    0.007  0
  9     78.00   375    0.008  0
 10     70.00   375    0.007  0
 11     95.00   375    0.008  0
 12     80.00   375    0.008  0
 13     81.00   375    0.007  0
 14    169.00   375    0.008  0
 15     95.00   375    0.007  0
 16     69.00   375    0.008  0
 17    287.00   375    0.009  0
 18     86.00   375    0.007  0
 19    271.00   375    0.009  0
 20     57.00   375    0.007  0
 21     90.00   375    0.008  0
 22     70.00   375    0.007  0
 23     68.00   375    0.007  0
 24    129.00   375    0.008  0
 25     55.00   375    0.007  0
 26     70.00   375    0.008  0
 27     69.00   375    0.008  0
 28     60.00   375    0.008  0
 29    124.00   375    0.007  0
# avg=94.700  timeouts=0  total_time=0.2s bailed=0
