# config=td problem=p1_easy horizon=250 budget=145.0s n_seeds=30
# columns: seed | reward | steps | time_s | timed_out
  0    186.00   250    0.005  0
  1     89.00   250    0.004  0
  2     46.00   250    0.004  0
  3     87.00   250    0.005  0
  4     70.00   250    0.004  0
  5     76.00   250    0.004  0
  6     43.00   250    0.004  0
  7     39.00   250    0.005  0
  8     83.00   250    0.004  0
  9     64.00   250    0.005  0
 10     54.00   250    0.004  0
 11     43.00   250    0.005  0
 12     87.00   250    0.004  0
 13     77.00   250    0.004  0
 14     69.00   250    0.004  0
 15    216.00   250    0.005  0
 16     61.00   250    0.005  0
 17     46.00   250    0.005  0
 18     68.00   250    0.005  0
 19     75.00   250    0.005  0
 20     66.00   250    0.005  0
 21    149.00   250    0.005  0
 22     42.00   250    0.005  0
 23     38.00   250    0.005  0
 24     53.00   250    0.005  0
 25     86.00   250    0.004  0
 26     70.00   250    0.004  0
 27     52.00   250    0.004  0
 28     65.00   250    0.004  0
 29     51.00   250    0.004  0
# avg=75.033  timeouts=0  total_time=0.1s bailed=0
