# config=td problem=p1_hard horizon=500 budget=270.0s n_seeds=30
# columns: seed | reward | steps | time_s | timed_out
  0    387.00   500    0.010  0
  1    121.00   500    0.008  0
  2    115.00   500    0.008  0
  3     73.00   500    0.008  0
  4     99.00   500    0.008  0
  5    313.00   500    0.010  0
  6    408.00   500    0.011  0
  7     90.00   500    0.009  0
  8    116.00   500    0.008  0
  9     39.00   500    0.009  0
 10     95.00   500    0.008  0
 11     70.00   500    0.009  0
 12    143.00   500    0.008  0
 13     96.00   500    0.008  0
 14    442.00   500    0.011  0
 15    117.00   500    0.008  0
 16     94.00   500    0.010  0
 17     92.00   500    0.008  0
 18    105.00   500    0.008  0
 19     88.00   500    0.008  0
 20     82.00   500    0.009  0
 21     63.00   500    0.010  0
 22    104.00   500    0.008  0
 23     59.00   500    0.009  0
 24    125.00   500    0.010  0
 25    357.00   500    0.011  0
 26     92.00   500    0.010  0
 27     95.00   500    0.008  0
 28    129.00   500    0.008  0
 29     95.00   500    0.009  0
# avg=143.467  timeouts=0  total_time=0.3s bailed=0
