# config=td problem=p1_med horizon=375 budget=207.5s n_seeds=30
# columns: seed | reward | steps | time_s | timed_out
  0     75.00   375    0.007  0
  1     52.00   375    0.006  0
  2    339.00   375    0.008  0
  3    249.00   375    0.008  0
  4    105.00   375    0.007  0
  5     88.00   375    0.006  0
  6     93.00   375    0.007  0
  7     81.00   375    0.007  0
  8    325.00   375    0.008  0
  9     83.00   375    0.007  0
 10     88.00   375    0.006  0
 11     73.00   375    0.007  0
 12     90.00   375    0.006  0
 13     67.00   375    0.006  0
 14     68.00   375    0.007  0
 15     64.00   375    0.007  0
 16     78.00   375    0.006  0
 17     91.00   375    0.007  0
 18    226.00   375    0.008  0
 19    114.00   375    0.006  0
 20     95.00   375    0.006  0
 21    102.00   375    0.007  0
 22     82.00   375    0.006  0
 23     89.00   375    0.006  0
 24     72.00   375    0.007  0
 25    304.00   375    0.008  0
 26     38.00   375    0.007  0
 27     91.00   375    0.006  0
 28    103.00   375    0.007  0
 29     76.00   375    0.006  0
# avg=116.700  timeouts=0  total_time=0.2s bailed=0
