# config=td problem=rl_easy horizon=250 budget=145.0s n_seeds=30
# columns: seed | reward | steps | time_s | timed_out
  0    205.00   250    0.003  0
  1    766.00   250    0.005  0
  2    265.00   250    0.004  0
  3    970.00   250    0.005  0
  4    509.00   250    0.004  0
  5    218.00   250    0.004  0
  6    208.00   250    0.004  0
  7    108.00   250    0.004  0
  8    211.00   250    0.004  0
  9    160.00   250    0.004  0
 10    773.00   250    0.004  0
 11    154.00   250    0.004  0
 12    876.00   250    0.004  0
 13    334.00   250    0.005  0
 14    406.00   250    0.004  0
 15    157.00   250    0.004  0
 16    727.00   250    0.005  0
 17    409.00   250    0.004  0
 18    153.00   250    0.003  0
 19    304.00   250    0.004  0
 20    168.00   250    0.004  0
 21    107.00   250    0.003  0
 22    160.00   250    0.004  0
 23    257.00   250    0.004  0
 24    879.00   250    0.004  0
 25    308.00   250    0.004  0
 26    252.00   250    0.004  0
 27    255.00   250    0.004  0
 28    207.00   250    0.004  0
 29    161.00   250    0.004  0
# avg=355.567  timeouts=0  total_time=0.1s bailed=0
