# config=td problem=rl_hard horizon=500 budget=270.0s n_seeds=30
# columns: seed | reward | steps | time_s | timed_out
  0    312.00   500    0.007  0
  1   1896.00   500    0.009  0
  2   1839.00   500    0.009  0
  3   1457.00   500    0.009  0
  4    461.00   500    0.007  0
  5    212.00   500    0.008  0
  6    363.00   500    0.007  0
  7   1480.00   500    0.008  0
  8   1389.00   500    0.009  0
  9    463.00   500    0.008  0
 10    610.00   500    0.008  0
 11    360.00   500    0.007  0
 12    353.00   500    0.007  0
 13    608.00   500    0.009  0
 14    508.00   500    0.007  0
 15    317.00   500    0.008  0
 16   2537.00   500    0.009  0
 17    366.00   500    0.008  0
 18    477.00   500    0.008  0
 19    695.00   500    0.009  0
 20    762.00   500    0.007  0
 21    388.00   500    0.009  0
 22    459.00   500    0.009  0
 23    271.00   500    0.008  0
 24   2071.00   500    0.009  0
 25   1994.00   500    0.009  0
 26    421.00   500    0.007  0
 27    610.00   500    0.007  0
 28    570.00   500    0.008  0
 29    460.00   500    0.007  0
# avg=823.633  timeouts=0  total_time=0.2s bailed=0
