# config=td problem=rl_med horizon=375 budget=207.5s n_seeds=30
# columns: seed | reward | steps | time_s | timed_out
  0    163.00   375    0.006  0
  1   1377.00   375    0.007  0
  2   1883.00   375    0.007  0
  3    266.00   375    0.006  0
  4    407.00   375    0.005  0
  5    224.00   375    0.006  0
  6   1755.00   375    0.007  0
  7    214.00   375    0.005  0
  8    412.00   375    0.005  0
  9    204.00   375    0.006  0
 10    369.00   375    0.005  0
 11    306.00   375    0.005  0
 12   1186.00   375    0.007  0
 13   1379.00   375    0.007  0
 14   1283.00   375    0.007  0
 15   1080.00   375    0.007  0
 16    409.00   375    0.005  0
 17    464.00   375    0.006  0
 18    781.00   375    0.006  0
 19    409.00   375    0.005  0
 20    315.00   375    0.006  0
 21    162.00   375    0.006  0
 22   1286.00   375    0.007  0
 23    264.00   375    0.006  0
 24    452.00   375    0.006  0
 25   1522.00   375    0.007  0
 26   1336.00   375    0.007  0
 27    253.00   375    0.005  0
 28    211.00   375    0.005  0
 29    162.00   375    0.005  0
# avg=684.467  timeouts=0  total_time=0.2s bailed=0
