# config=explore_astar problem=e1_easy horizon=250 budget=145.0s n_seeds=30
# columns: seed | reward | steps | time_s | timed_out
  0    792.00   250    0.400  0
  1    779.00   250    0.310  0
  2    792.00   250    0.338  0
  3    812.00   250    0.196  0
  4    780.00   250    0.314  0
  5    808.00   250    0.270  0
  6    812.00   250    0.319  0
  7    810.00   250    0.244  0
  8    824.00   250    0.286  0
  9    804.00   250    0.295  0
 10    778.00   250    0.330  0
 11    812.00   250    0.275  0
 12    824.00   250    0.305  0
 13    784.00   250    0.259  0
 14    810.00   250    0.271  0
 15    806.00   250    0.300  0
 16    771.00   250    0.333  0
 17    804.00   250    0.283  0
 18    803.00   250    0.405  0
 19    824.00   250    0.364  0
 20    832.00   250    0.259  0
 21    784.00   250    0.291  0
 22    810.00   250    0.270  0
 23    789.00   250    0.326  0
 24    814.00   250    0.274  0
 25    770.00   250    0.292  0
 26    782.00   250    0.431  0
 27    786.00   250    0.341  0
 28    791.00   250    0.308  0
 29    782.00   250    0.323  0
# avg=798.967  timeouts=0  total_time=9.2s bailed=0
