# config=explore_astar problem=e1_hard horizon=500 budget=270.0s n_seeds=30
# columns: seed | reward | steps | time_s | timed_out
  0   1476.00   500    0.843  0
  1   1582.00   500    0.743  0
  2   1564.00   500    0.667  0
  3   1572.00   500    0.625  0
  4   1502.00   500    0.797  0
  5   1570.00   500    0.779  0
  6   1481.00   500    0.636  0
  7   1554.00   500    0.573  0
  8   1563.00   500    0.697  0
  9   1610.00   500    0.604  0
 10   1508.00   500    0.818  0
 11   1510.00   500    0.686  0
 12   1545.00   500    0.675  0
 13   1558.00   500    0.628  0
 14   1554.00   500    0.649  0
 15   1540.00   500    0.744  0
 16   1492.00   500    0.609  0
 17   1486.00   500    0.815  0
 18   1582.00   500    0.723  0
 19   1520.00   500    0.810  0
 20   1506.00   500    0.758  0
 21   1524.00   500    0.728  0
 22   1584.00   500    0.606  0
 23   1508.00   500    0.725  0
 24   1572.00   500    0.668  0
 25   1542.00   500    0.722  0
 26   1498.00   500    0.784  0
 27   1546.00   500    0.811  0
 28   1486.00   500    0.786  0
 29   1503.00   500    0.766  0
# avg=1534.600  timeouts=0  total_time=21.5s bailed=0
