# config=explore_astar problem=e1_med horizon=375 budget=207.5s n_seeds=30
# columns: seed | reward | steps | time_s | timed_out
  0   1115.00   375    0.580  0
  1   1146.00   375    0.568  0
  2   1140.00   375    0.605  0
  3   1166.00   375    0.513  0
  4   1122.00   375    0.614  0
  5   1192.00   375    0.572  0
  6   1128.00   375    0.494  0
  7   1168.00   375    0.576  0
  8   1218.00   375    0.519  0
  9   1144.00   375    0.547  0
 10   1142.00   375    0.549  0
 11   1160.00   375    0.512  0
 12   1130.00   375    0.535  0
 13   1134.00   375    0.594  0
 14   1171.00   375    0.536  0
 15   1161.00   375    0.477  0
 16   1152.00   375    0.553  0
 17   1190.00   375    0.540  0
 18   1163.00   375    0.523  0
 19   1158.00   375    0.485  0
 20   1116.00   375    0.562  0
 21   1150.00   375    0.507  0
 22   1210.00   375    0.421  0
 23   1134.00   375    0.607  0
 24   1170.00   375    0.544  0
 25   1113.00   375    0.641  0
 26   1145.00   375    0.547  0
 27   1136.00   375    0.577  0
 28   1103.00   375    0.678  0
 29   1132.00   375    0.559  0
# avg=1150.300  timeouts=0  total_time=16.5s bailed=0
