# config=explore_astar problem=e2_easy horizon=250 budget=145.0s n_seeds=30
# columns: seed | reward | steps | time_s | timed_out
  0    616.00   250    0.080  0
  1    661.00   250    0.057  0
  2    641.00   250    0.072  0
  3    680.00   250    0.054  0
  4    651.00   250    0.059  0
  5    657.00   250    0.051  0
  6    659.00   250    0.065  0
  7    700.00   250    0.041  0
  8    657.00   250    0.060  0
  9    653.00   250    0.063  0
 10    657.00   250    0.068  0
 11    666.00   250    0.057  0
 12    690.00   250    0.058  0
 13    643.00   250    0.066  0
 14    631.00   250    0.050  0
 15    681.00   250    0.056  0
 16    647.00   250    0.059  0
 17    686.00   250    0.045  0
 18    659.00   250    0.074  0
 19    653.00   250    0.052  0
 20    645.00   250    0.050  0
 21    667.00   250    0.052  0
 22    686.00   250    0.050  0
 23    645.00   250    0.075  0
 24    694.00   250    0.049  0
 25    677.00   250    0.053  0
 26    665.00   250    0.058  0
 27    677.00   250    0.075  0
 28    643.00   250    0.066  0
 29    677.00   250    0.058  0
# avg=662.133  timeouts=0  total_time=1.8s bailed=0
