# config=explore_astar problem=e2_hard horizon=500 budget=270.0s n_seeds=30
# columns: seed | reward | steps | time_s | timed_out
  0    934.00   500    0.139  0
  1    878.00   500    0.140  0
  2    938.00   500    0.133  0
  3    977.00   500    0.135  0
  4    903.00   500    0.154  0
  5    966.00   500    0.137  0
  6    967.00   500    0.140  0
  7    909.00   500    0.123  0
  8    901.00   500    0.129  0
  9    950.00   500    0.132  0
 10    979.00   500    0.145  0
 11    990.00   500    0.135  0
 12    959.00   500    0.151  0
 13    926.00   500    0.130  0
 14    901.00   500    0.124  0
 15    861.00   500    0.120  0
 16    921.00   500    0.133  0
 17    946.00   500    0.122  0
 18   1041.00   500    0.134  0
 19    960.00   500    0.131  0
 20   1004.00   500    0.137  0
 21   1002.00   500    0.139  0
 22    934.00   500    0.132  0
 23    907.00   500    0.133  0
 24    905.00   500    0.130  0
 25    800.00   500    0.125  0
 26    911.00   500    0.132  0
 27    892.00   500    0.133  0
 28    893.00   500    0.135  0
 29    919.00   500    0.140  0
# avg=932.467  timeouts=0  total_time=4.0s bailed=0
