# config=explore_astar problem=e2_med horizon=375 budget=207.5s n_seeds=30
# columns: seed | reward | steps | time_s | timed_out
  0    909.00   375    0.098  0
  1    957.00   375    0.090  0
  2    918.00   375    0.098  0
  3    961.00   375    0.095  0
  4    909.00   375    0.125  0
  5    951.00   375    0.093  0
  6    973.00   375    0.101  0
  7    944.00   375    0.105  0
  8    951.00   375    0.102  0
  9    973.00   375    0.098  0
 10    971.00   375    0.118  0
 11    934.00   375    0.081  0
 12    934.00   375    0.109  0
 13    914.00   375    0.095  0
 14    983.00   375    0.092  0
 15    943.00   375    0.089  0
 16    942.00   375    0.100  0
 17    957.00   375    0.094  0
 18    918.00   375    0.120  0
 19    969.00   375    0.102  0
 20    916.00   375    0.098  0
 21    922.00   375    0.119  0
 22    939.00   375    0.105  0
 23    971.00   375    0.112  0
 24    973.00   375    0.101  0
 25    936.00   375    0.093  0
 26    954.00   375    0.106  0
 27    952.00   375    0.105  0
 28    887.00   375    0.100  0
 29    953.00   375    0.097  0
# avg=943.800  timeouts=0  total_time=3.0s bailed=0
