# config=explore_astar problem=e3_easy horizon=250 budget=145.0s n_seeds=30
# columns: seed | reward | steps | time_s | timed_out
  0    629.00   250    1.523  0
  1    658.00   250    1.750  0
  2    639.00   250    1.512  0
  3    619.00   250    1.381  0
  4    683.00   250    1.217  0
  5    641.00   250    0.984  0
  6    649.00   250    1.350  0
  7    666.00   250    1.147  0
  8    642.00   250    1.774  0
  9    683.00   250    1.476  0
 10    581.00   250    1.563  0
 11    668.00   250    1.516  0
 12    653.00   250    1.108  0
 13    674.00   250    1.582  0
 14    674.00   250    1.159  0
 15    688.00   250    1.474  0
 16    636.00   250    1.523  0
 17    669.00   250    0.960  0
 18    613.00   250    1.825  0
 19    677.00   250    1.295  0
 20    648.00   250    1.283  0
 21    637.00   250    1.351  0
 22    634.00   250    1.386  0
 23    671.00   250    1.756  0
 24    638.00   250    1.408  0
 25    678.00   250    1.044  0
 26    660.00   250    1.457  0
 27    638.00   250    1.557  0
 28    639.00   250    1.144  0
 29    641.00   250    1.618  0
# avg=650.867  timeouts=0  total_time=42.1s bailed=0
