# config=explore_astar problem=e3_hard horizon=500 budget=270.0s n_seeds=30
# columns: seed | reward | steps | time_s | timed_out
  0    923.00   500    3.467  0
  1    944.00   500    3.307  0
  2   1004.00   500    3.433  0
  3    985.00   500    3.654  0
  4    950.00   500    3.905  0
  5    930.00   500    3.247  0
  6    968.00   500    3.429  0
  7    938.00   500    3.090  0
  8    941.00   500    3.269  0
  9    999.00   500    3.008  0
 10   1004.00   500    3.310  0
 11    975.00   500    3.436  0
 12   1005.00   500    4.014  0
 13   1006.00   500    3.561  0
 14   1000.00   500    3.498  0
 15    936.00   500    3.424  0
 16   1003.00   500    3.580  0
 17    968.00   500    3.617  0
 18    994.00   500    3.222  0
 19   1030.00   500    3.527  0
 20    949.00   500    3.498  0
 21    991.00   500    3.712  0
 22    997.00   500    3.490  0
 23   1021.00   500    3.278  0
 24   1043.00   500    3.538  0
 25   1024.00   500    3.508  0
 26    980.00   500    3.413  0
 27    973.00   500    3.166  0
 28    968.00   500    3.850  0
 29    913.00   500    3.291  0
# avg=978.733  timeouts=0  total_time=103.7s bailed=0
