# config=explore_astar problem=e3_med horizon=375 budget=207.5s n_seeds=30
# columns: seed | reward | steps | time_s | timed_out
  0    936.00   375    3.203  0
  1    919.00   375    2.446  0
  2    918.00   375    2.309  0
  3    928.00   375    2.474  0
  4    830.00   375    2.888  0
  5    923.00   375    2.290  0
  6    917.00   375    2.404  0
  7    940.00   375    2.242  0
  8    950.00   375    2.255  0
  9    938.00   375    2.343  0
 10    957.00   375    2.924  0
 11    955.00   375    2.234  0
 12    892.00   375    2.815  0
 13    936.00   375    2.782  0
 14    922.00   375    2.591  0
 15    901.00   375    2.622  0
 16    966.00   375    1.882  0
 17    925.00   375    2.340  0
 18    934.00   375    2.503  0
 19    933.00   375    2.374  0
 20    880.00   375    2.357  0
 21    928.00   375    2.393  0
 22    971.00   375    2.108  0
 23    903.00   375    2.617  0
 24    900.00   375    2.147  0
 25    923.00   375    2.676  0
 26    920.00   375    2.644  0
 27    928.00   375    2.670  0
 28    878.00   375    3.004  0
 29    927.00   375    2.043  0
# avg=922.600  timeouts=0  total_time=74.6s bailed=0
