# config=explore_astar problem=e4_easy horizon=250 budget=145.0s n_seeds=30
# columns: seed | reward | steps | time_s | timed_out
  0    876.00   250    0.074  0
  1    898.00   250    0.082  0
  2    918.00   250    0.072  0
  3    914.00   250    0.047  0
  4    898.00   250    0.072  0
  5    914.00   250    0.054  0
  6    932.00   250    0.070  0
  7    938.00   250    0.058  0
  8    918.00   250    0.064  0
  9    932.00   250    0.073  0
 10    896.00   250    0.070  0
 11    936.00   250    0.063  0
 12    932.00   250    0.063  0
 13    968.00   250    0.065  0
 14    918.00   250    0.060  0
 15    908.00   250    0.082  0
 16    870.00   250    0.072  0
 17    918.00   250    0.046  0
 18    932.00   250    0.080  0
 19    910.00   250    0.075  0
 20    908.00   250    0.059  0
 21    926.00   250    0.060  0
 22    904.00   250    0.063  0
 23    880.00   250    0.079  0
 24    930.00   250    0.050  0
 25    902.00   250    0.052  0
 26    842.00   250    0.092  0
 27    864.00   250    0.078  0
 28    882.00   250    0.056  0
 29    892.00   250    0.075  0
# avg=908.533  timeouts=0  total_time=2.0s bailed=0
