# config=explore_astar problem=e4_hard horizon=500 budget=270.0s n_seeds=30
# columns: seed | reward | steps | time_s | timed_out
  0   1798.00   500    0.147  0
  1   1774.00   500    0.143  0
  2   1742.00   500    0.151  0
  3   1814.00   500    0.124  0
  4   1724.00   500    0.183  0
  5   1774.00   500    0.157  0
  6   1674.00   500    0.167  0
  7   1768.00   500    0.132  0
  8   1744.00   500    0.156  0
  9   1772.00   500    0.153  0
 10   1700.00   500    0.182  0
 11   1714.00   500    0.155  0
 12   1762.00   500    0.167  0
 13   1742.00   500    0.130  0
 14   1830.00   500    0.119  0
 15   1722.00   500    0.150  0
 16   1668.00   500    0.140  0
 17   1702.00   500    0.150  0
 18   1830.00   500    0.139  0
 19   1746.00   500    0.152  0
 20   1780.00   500    0.152  0
 21   1826.00   500    0.154  0
 22   1776.00   500    0.129  0
 23   1746.00   500    0.149  0
 24   1808.00   500    0.141  0
 25   1722.00   500    0.158  0
 26   1668.00   500    0.161  0
 27   1740.00   500    0.163  0
 28   1652.00   500    0.190  0
 29   1656.00   500    0.183  0
# avg=1745.800  timeouts=0  total_time=4.6s bailed=0
