# config=explore_astar problem=e4_med horizon=375 budget=207.5s n_seeds=30
# columns: seed | reward | steps | time_s | timed_out
  0   1354.00   375    0.111  0
  1   1308.00   375    0.141  0
  2   1300.00   375    0.126  0
  3   1342.00   375    0.108  0
  4   1254.00   375    0.133  0
  5   1310.00   375    0.112  0
  6   1312.00   375    0.120  0
  7   1358.00   375    0.122  0
  8   1342.00   375    0.115  0
  9   1314.00   375    0.111  0
 10   1310.00   375    0.109  0
 11   1346.00   375    0.105  0
 12   1274.00   375    0.121  0
 13   1314.00   375    0.123  0
 14   1360.00   375    0.094  0
 15   1312.00   375    0.127  0
 16   1302.00   375    0.133  0
 17   1318.00   375    0.105  0
 18   1360.00   375    0.117  0
 19   1358.00   375    0.091  0
 20   1338.00   375    0.118  0
 21   1326.00   375    0.133  0
 22   1374.00   375    0.092  0
 23   1318.00   375    0.131  0
 24   1370.00   375    0.107  0
 25   1250.00   375    0.131  0
 26   1290.00   375    0.147  0
 27   1260.00   375    0.119  0
 28   1272.00   375    0.136  0
 29   1330.00   375    0.104  0
# avg=1319.200  timeouts=0  total_time=3.5s bailed=0
