# config=explore_astar problem=e5_easy horizon=250 budget=145.0s n_seeds=30
# columns: seed | reward | steps | time_s | timed_out
  0    730.00   250    0.204  0
  1    754.00   250    0.157  0
  2    738.00   250    0.204  0
  3    730.00   250    0.130  0
  4    722.00   250    0.165  0
  5    754.00   250    0.145  0
  6    732.00   250    0.152  0
  7    736.00   250    0.133  0
  8    738.00   250    0.178  0
  9    744.00   250    0.143  0
 10    744.00   250    0.127  0
 11    722.00   250    0.169  0
 12    758.00   250    0.143  0
 13    760.00   250    0.166  0
 14    734.00   250    0.182  0
 15    758.00   250    0.156  0
 16    746.00   250    0.208  0
 17    742.00   250    0.132  0
 18    742.00   250    0.191  0
 19    744.00   250    0.150  0
 20    734.00   250    0.141  0
 21    740.00   250    0.178  0
 22    738.00   250    0.134  0
 23    696.00   250    0.205  0
 24    746.00   250    0.141  0
 25    738.00   250    0.146  0
 26    687.00   250    0.136  0
 27    718.00   250    0.216  0
 28    722.00   250    0.188  0
 29    760.00   250    0.186  0
# avg=736.900  timeouts=0  total_time=4.9s bailed=0
