# config=explore_astar problem=e5_hard horizon=500 budget=270.0s n_seeds=30
# columns: seed | reward | steps | time_s | timed_out
  0    963.00   500    0.392  0
  1   1026.00   500    0.365  0
  2   1084.00   500    0.372  0
  3   1002.00   500    0.351  0
  4   1010.00   500    0.442  0
  5    968.00   500    0.367  0
  6   1024.00   500    0.357  0
  7   1028.00   500    0.366  0
  8   1074.00   500    0.364  0
  9   1066.00   500    0.359  0
 10   1082.00   500    0.397  0
 11    946.00   500    0.357  0
 12   1070.00   500    0.405  0
 13    988.00   500    0.379  0
 14   1007.00   500    0.397  0
 15    982.00   500    0.343  0
 16    986.00   500    0.341  0
 17   1070.00   500    0.345  0
 18   1104.00   500    0.370  0
 19    983.00   500    0.342  0
 20   1056.00   500    0.441  0
 21   1052.00   500    0.404  0
 22    991.00   500    0.367  0
 23    958.00   500    0.350  0
 24   1030.00   500    0.354  0
 25    950.00   500    0.376  0
 26   1050.00   500    0.416  0
 27   1026.00   500    0.373  0
 28    958.00   500    0.411  0
 29   1028.00   500    0.353  0
# avg=1018.733  timeouts=0  total_time=11.3s bailed=0
