# config=explore_astar problem=e5_med horizon=375 budget=207.5s n_seeds=30
# columns: seed | reward | steps | time_s | timed_out
  0   1032.00   375    0.300  0
  1   1084.00   375    0.293  0
  2   1096.00   375    0.277  0
  3   1070.00   375    0.290  0
  4    992.00   375    0.335  0
  5   1042.00   375    0.296  0
  6   1038.00   375    0.294  0
  7   1078.00   375    0.247  0
  8   1090.00   375    0.254  0
  9   1066.00   375    0.261  0
 10   1058.00   375    0.293  0
 11   1058.00   375    0.277  0
 12   1030.00   375    0.346  0
 13   1040.00   375    0.313  0
 14   1072.00   375    0.315  0
 15   1018.00   375    0.342  0
 16   1066.00   375    0.324  0
 17   1042.00   375    0.267  0
 18   1012.00   375    0.260  0
 19   1080.00   375    0.275  0
 20   1072.00   375    0.278  0
 21   1024.00   375    0.328  0
 22   1080.00   375    0.215  0
 23   1068.00   375    0.280  0
 24   1064.00   375    0.301  0
 25   1032.00   375    0.314  0
 26   1024.00   375    0.311  0
 27   1032.00   375    0.324  0
 28   1006.00   375    0.322  0
 29   1066.00   375    0.302  0
# avg=1051.067  timeouts=0  total_time=8.8s bailed=0
