# config=explore_astar problem=m1_easy horizon=250 budget=145.0s n_seeds=30
# columns: seed | reward | steps | time_s | timed_out
  0    556.00   250   10.151  0
  1    570.00   250   10.282  0
  2    570.00   250   10.293  0
  3    617.00   250    7.178  0
  4    571.00   250   11.072  0
  5    607.00   250    6.585  0
  6    576.00   250    7.894  0
  7    601.00   250    7.282  0
  8    605.00   250    8.569  0
  9    586.00   250    8.331  0
 10    543.00   250    7.917  0
 11    610.00   250   10.429  0
 12    623.00   250    5.944  0
 13    541.00   250    7.988  0
 14    619.00   250    8.702  0
 15    568.00   250    8.673  0
 16    575.00   250    7.631  0
 17    612.00   250    8.988  0
 18    584.00   250   10.826  0
 19    563.00   250    8.608  0
 20    606.00   250    8.191  0
 21    617.00   250    7.387  0
 22    619.00   250    8.710  0
 23    569.00   250   10.328  0
 24    639.00   250    8.734  0
 25    595.00   250    6.582  0
 26    564.00   250    8.303  0
 27    548.00   250   10.720  0
 28    564.00   250   10.279  0
 29    561.00   250    8.763  0
# avg=585.967  timeouts=0  total_time=261.4s bailed=0
