# config=explore_astar problem=m1_hard horizon=500 budget=270.0s n_seeds=30
# columns: seed | reward | steps | time_s | timed_out
  0    854.00   500   44.368  0
  1   1002.00   500   41.592  0
  2    987.00   500   41.353  0
  3    972.00   500   35.786  0
  4    995.00   500   44.342  0
  5    965.00   500   29.793  0
  6    940.00   500   40.443  0
  7    943.00   500   39.420  0
  8    915.00   500   52.613  0
  9    918.00   500   44.701  0
 10    934.00   500   29.530  0
 11    942.00   500   36.039  0
 12   1013.00   500   35.293  0
 13    969.00   500   39.711  0
 14    945.00   500   37.064  0
 15    890.00   500   51.499  0
 16    994.00   500   28.309  0
 17    917.00   500   38.174  0
 18    937.00   500   32.934  0
 19    923.00   500   39.270  0
 20    936.00   500   27.389  0
 21    868.00   500   32.757  0
 22   1010.00   500   25.016  0
 23    909.00   500   37.140  0
 24    954.00   500   41.103  0
 25    932.00   500   43.455  0
 26    928.00   500   34.998  0
 27    936.00   500   30.775  0
 28    869.00   500   34.743  0
 29    899.00   500   38.783  0
# avg=939.867  timeouts=0  total_time=1128.4s bailed=0
