# config=explore_astar problem=m1_med horizon=375 budget=207.5s n_seeds=30
# columns: seed | reward | steps | time_s | timed_out
  0    798.00   375   20.349  0
  1    862.00   375   17.019  0
  2    856.00   375   17.243  0
  3    790.00   375   16.303  0
  4    795.00   375   23.826  0
  5    865.00   375   16.991  0
  6    815.00   375   19.207  0
  7    799.00   375   18.803  0
  8    856.00   375   15.565  0
  9    819.00   375   19.280  0
 10    806.00   375   18.847  0
 11    851.00   375   15.555  0
 12    814.00   375   20.401  0
 13    815.00   375   18.306  0
 14    856.00   375   18.164  0
 15    798.00   375   17.267  0
 16    858.00   375   14.786  0
 17    845.00   375   16.348  0
 18    865.00   375   16.876  0
 19    864.00   375   18.049  0
 20    800.00   375   16.914  0
 21    816.00   375   19.966  0
 22    862.00   375   12.378  0
 23    860.00   375   17.430  0
 24    851.00   375   16.359  0
 25    791.00   375   21.098  0
 26    809.00   375   21.393  0
 27    801.00   375   18.243  0
 28    735.00   375   20.608  0
 29    831.00   375   15.324  0
# avg=826.100  timeouts=0  total_time=538.9s bailed=0
