# config=explore_astar problem=m2_easy horizon=250 budget=145.0s n_seeds=30
# columns: seed | reward | steps | time_s | timed_out
  0    642.00   250    8.385  0
  1    636.00   250    8.475  0
  2    644.00   250    7.535  0
  3    669.00   250    5.399  0
  4    637.00   250    8.820  0
  5    603.00   250    6.069  0
  6    669.00   250    6.282  0
  7    643.00   250    5.413  0
  8    674.00   250    7.476  0
  9    640.00   250    6.346  0
 10    631.00   250    8.917  0
 11    638.00   250    6.776  0
 12    653.00   250    6.363  0
 13    661.00   250    6.625  0
 14    621.00   250    7.035  0
 15    614.00   250    8.149  0
 16    608.00   250    6.662  0
 17    642.00   250    6.113  0
 18    643.00   250    9.038  0
 19    587.00   250    7.922  0
 20    622.00   250    7.186  0
 21    622.00   250    6.704  0
 22    596.00   250    7.290  0
 23    612.00   250    8.239  0
 24    657.00   250    5.812  0
 25    640.00   250    5.023  0
 26    651.00   250    7.846  0
 27    633.00   250    8.850  0
 28    620.00   250    7.649  0
 29    638.00   250    6.140  0
# avg=634.867  timeouts=0  total_time=214.5s bailed=0
