# config=explore_astar problem=m2_hard horizon=500 budget=270.0s n_seeds=30
# columns: seed | reward | steps | time_s | timed_out
  0    979.00   500   17.966  0
  1    972.00   500   22.191  0
  2   1024.00   500   16.190  0
  3   1027.00   500   17.398  0
  4    987.00   500   17.894  0
  5    937.00   500   16.458  0
  6   1006.00   500   18.752  0
  7    946.00   500   18.373  0
  8   1005.00   500   17.255  0
  9   1012.00   500   17.679  0
 10   1016.00   500   19.244  0
 11    948.00   500   17.621  0
 12   1053.00   500   17.914  0
 13   1011.00   500   18.274  0
 14    888.00   500   17.113  0
 15    990.00   500   16.751  0
 16    980.00   500   15.367  0
 17    980.00   500   16.094  0
 18   1042.00   500   18.208  0
 19   1016.00   500   16.397  0
 20    950.00   500   18.163  0
 21   1005.00   500   18.714  0
 22   1035.00   500   18.287  0
 23    982.00   500   18.027  0
 24   1003.00   500   16.960  0
 25   1002.00   500   18.671  0
 26    964.00   500   18.835  0
 27    923.00   500   20.784  0
 28    937.00   500   18.054  0
 29   1037.00   500   16.636  0
# avg=988.567  timeouts=0  total_time=536.3s bailed=0
