# config=explore_astar problem=m2_med horizon=375 budget=207.5s n_seeds=30
# columns: seed | reward | steps | time_s | timed_out
  0    859.00   375   12.020  0
  1    827.00   375   13.813  0
  2    966.00   375   10.358  0
  3    914.00   375   12.350  0
  4    881.00   375   14.310  0
  5    849.00   375   11.018  0
  6    847.00   375   14.587  0
  7    872.00   375   11.878  0
  8    936.00   375   12.441  0
  9    860.00   375   12.036  0
 10    939.00   375   14.431  0
 11    928.00   375   11.204  0
 12    867.00   375   13.117  0
 13    885.00   375   13.867  0
 14    911.00   375   12.815  0
 15    886.00   375   10.863  0
 16    866.00   375   11.353  0
 17    949.00   375   10.432  0
 18    891.00   375   12.405  0
 19    904.00   375   10.496  0
 20    957.00   375   11.787  0
 21    940.00   375   12.375  0
 22    871.00   375   12.776  0
 23    879.00   375   12.789  0
 24    914.00   375   11.481  0
 25    890.00   375   12.919  0
 26    876.00   375   12.894  0
 27    869.00   375   12.956  0
 28    896.00   375   14.461  0
 29    842.00   375   11.246  0
# avg=892.367  timeouts=0  total_time=371.5s bailed=0
