# config=explore_astar problem=m3_easy horizon=250 budget=145.0s n_seeds=30
# columns: seed | reward | steps | time_s | timed_out
  0    397.00   250    5.176  0
  1    372.00   250    5.853  0
  2    366.00   250    4.108  0
  3    354.00   250    3.967  0
  4    402.00   250    5.779  0
  5    371.00   250    4.325  0
  6    349.00   250    5.199  0
  7    404.00   250    3.988  0
  8    402.00   250    4.897  0
  9    428.00   250    3.981  0
 10    348.00   250    5.988  0
 11    384.00   250    3.955  0
 12    431.00   250    3.946  0
 13    374.00   250    4.990  0
 14    349.00   250    4.952  0
 15    374.00   250    4.023  0
 16    382.00   250    4.044  0
 17    369.00   250    4.098  0
 18    425.00   250    4.137  0
 19    388.00   250    4.298  0
 20    393.00   250    4.951  0
 21    374.00   250    5.145  0
 22    369.00   250    5.422  0
 23    397.00   250    4.259  0
 24    417.00   250    3.959  0
 25    362.00   250    4.094  0
 26    381.00   250    4.137  0
 27    381.00   250    4.202  0
 28    395.00   250    5.524  0
 29    355.00   250    5.248  0
# avg=383.100  timeouts=0  total_time=138.6s bailed=0
