# config=explore_astar problem=m3_hard horizon=500 budget=270.0s n_seeds=30
# columns: seed | reward | steps | time_s | timed_out
  0    569.00   500    8.177  0
  1    602.00   500    9.742  0
  2    563.00   500    9.210  0
  3    501.00   500    7.834  0
  4    471.00   500    9.154  0
  5    605.00   500    9.180  0
  6    530.00   500    9.439  0
  7    551.00   500    9.273  0
  8    475.00   500    8.643  0
  9    559.00   500    9.318  0
 10    559.00   500    6.972  0
 11    561.00   500    9.365  0
 12    558.00   500    8.670  0
 13    507.00   500   11.045  0
 14    542.00   500   11.055  0
 15    431.00   500    9.095  0
 16    459.00   500    8.967  0
 17    580.00   500    6.874  0
 18    587.00   500   10.451  0
 19    559.00   500    8.046  0
 20    518.00   500    8.427  0
 21    528.00   500    7.626  0
 22    565.00   500    7.227  0
 23    485.00   500    7.516  0
 24    590.00   500    8.338  0
 25    535.00   500    8.122  0
 26    596.00   500    8.623  0
 27    533.00   500    8.164  0
 28    555.00   500    7.782  0
 29    562.00   500    7.961  0
# avg=541.200  timeouts=0  total_time=260.3s bailed=0
