# config=explore_astar problem=m3_med horizon=375 budget=207.5s n_seeds=30
# columns: seed | reward | steps | time_s | timed_out
  0    529.00   375    6.934  0
  1    607.00   375    6.988  0
  2    580.00   375    7.082  0
  3    576.00   375    5.150  0
  4    540.00   375    7.443  0
  5    504.00   375    6.169  0
  6    533.00   375    6.349  0
  7    519.00   375    7.245  0
  8    607.00   375    7.105  0
  9    512.00   375    5.991  0
 10    558.00   375    5.931  0
 11    585.00   375    5.260  0
 12    526.00   375    5.345  0
 13    547.00   375    5.789  0
 14    587.00   375    6.024  0
 15    568.00   375    6.057  0
 16    536.00   375    6.699  0
 17    580.00   375    5.105  0
 18    581.00   375    6.102  0
 19    593.00   375    6.016  0
 20    608.00   375    5.343  0
 21    542.00   375    5.212  0
 22    539.00   375    6.557  0
 23    528.00   375    6.687  0
 24    588.00   375    6.578  0
 25    584.00   375    5.070  0
 26    567.00   375    5.395  0
 27    551.00   375    7.412  0
 28    554.00   375    6.260  0
 29    563.00   375    5.246  0
# avg=559.733  timeouts=0  total_time=184.5s bailed=0
