# config=explore_astar problem=m4_easy horizon=250 budget=145.0s n_seeds=30
# columns: seed | reward | steps | time_s | timed_out
  0    402.00   250    2.414  0
  1    323.00   250    2.726  0
  2    734.00   250    6.296  0
  3    757.00   250    4.815  0
  4    377.00   250    2.598  0
  5    795.00   250    5.696  0
  6    732.00   250    5.067  0
  7    325.00   250    2.848  0
  8    361.00   250    2.908  0
  9    740.00   250    6.141  0
 10    710.00   250    6.553  0
 11    752.00   250    6.695  0
 12    350.00   250    2.338  0
 13    722.00   250    6.753  0
 14    779.00   250    5.353  0
 15    349.00   250    2.529  0
 16    334.00   250    2.929  0
 17    753.00   250    5.497  0
 18    380.00   250    2.469  0
 19    357.00   250    2.365  0
 20    361.00   250    2.370  0
 21    349.00   250    2.420  0
 22    327.00   250    2.430  0
 23    373.00   250    2.396  0
 24    366.00   250    2.353  0
 25    402.00   250    2.401  0
 26    746.00   250    6.169  0
 27    339.00   250    2.512  0
 28    714.00   250    5.610  0
 29    746.00   250    5.575  0
# avg=525.167  timeouts=0  total_time=119.2s bailed=0
