# config=explore_astar problem=m4_hard horizon=500 budget=270.0s n_seeds=30
# columns: seed | reward | steps | time_s | timed_out
  0   1230.00   500   14.500  0
  1   1301.00   500   13.819  0
  2   1279.00   500   13.390  0
  3   1202.00   500   13.111  0
  4   1254.00   500   14.990  0
  5   1291.00   500   13.145  0
  6   1304.00   500   13.376  0
  7   1240.00   500   12.851  0
  8   1236.00   500   13.207  0
  9   1374.00   500   14.457  0
 10   1273.00   500   14.778  0
 11   1279.00   500   15.186  0
 12   1309.00   500   14.129  0
 13   1302.00   500   13.772  0
 14   1232.00   500   13.013  0
 15   1194.00   500   12.997  0
 16   1253.00   500   13.545  0
 17   1287.00   500   13.558  0
 18   1316.00   500   13.255  0
 19   1303.00   500   13.762  0
 20   1249.00   500   14.439  0
 21   1279.00   500   14.152  0
 22   1322.00   500   13.594  0
 23   1287.00   500   13.670  0
 24   1256.00   500   12.101  0
 25   1293.00   500   13.611  0
 26   1274.00   500   13.120  0
 27   1250.00   500   13.972  0
 28   1252.00   500   13.534  0
 29   1234.00   500   13.655  0
# avg=1271.833  timeouts=0  total_time=410.7s bailed=0
