# config=explore_astar problem=m4_med horizon=375 budget=207.5s n_seeds=30
# columns: seed | reward | steps | time_s | timed_out
  0   1046.00   375   10.638  0
  1    505.00   375    4.191  0
  2    509.00   375    4.058  0
  3   1075.00   375    9.680  0
  4    532.00   375    4.906  0
  5   1043.00   375   10.494  0
  6   1064.00   375   10.781  0
  7    534.00   375    3.770  0
  8   1079.00   375   12.057  0
  9   1077.00   375    9.051  0
 10    534.00   375    4.261  0
 11    523.00   375    4.576  0
 12    525.00   375    3.417  0
 13   1091.00   375    9.630  0
 14   1073.00   375   11.524  0
 15   1067.00   375   10.137  0
 16    526.00   375    3.433  0
 17    496.00   375    3.303  0
 18    535.00   375    3.392  0
 19    514.00   375    3.515  0
 20    521.00   375    3.760  0
 21    527.00   375    3.814  0
 22    533.00   375    4.105  0
 23   1069.00   375   10.974  0
 24   1107.00   375   10.884  0
 25   1024.00   375   10.138  0
 26   1028.00   375   11.236  0
 27    516.00   375    3.977  0
 28   1019.00   375    9.910  0
 29   1030.00   375   11.121  0
# avg=790.733  timeouts=0  total_time=216.7s bailed=0
