# config=explore_astar problem=m5_easy horizon=250 budget=145.0s n_seeds=30
# columns: seed | reward | steps | time_s | timed_out
  0    606.00   250   14.068  0
  1    648.00   250   15.039  0
  2    602.00   250   12.541  0
  3    605.00   250    7.545  0
  4    598.00   250   14.001  0
  5    588.00   250   10.086  0
  6    592.00   250   10.616  0
  7    598.00   250   11.152  0
  8    614.00   250   11.874  0
  9    592.00   250   12.904  0
 10    614.00   250   14.397  0
 11    616.00   250   10.834  0
 12    606.00   250   10.568  0
 13    590.00   250   10.090  0
 14    626.00   250   12.133  0
 15    598.00   250   12.056  0
 16    602.00   250   10.687  0
 17    603.00   250    8.967  0
 18    598.00   250   12.534  0
 19    614.00   250   11.299  0
 20    586.00   250   11.283  0
 21    596.00   250   13.236  0
 22    598.00   250    9.771  0
 23    614.00   250   14.344  0
 24    598.00   250    7.412  0
 25    615.00   250    9.597  0
 26    584.00   250   12.898  0
 27    600.00   250   15.184  0
 28    600.00   250   11.934  0
 29    616.00   250   11.727  0
# avg=603.900  timeouts=0  total_time=350.8s bailed=0
