# config=explore_astar problem=m5_hard horizon=500 budget=270.0s n_seeds=30
# columns: seed | reward | steps | time_s | timed_out
  0    807.00   500   22.032  0
  1    949.00   500   26.573  0
  2    933.00   500   23.199  0
  3    892.00   500   23.425  0
  4    880.00   500   25.218  0
  5    900.00   500   25.976  0
  6    881.00   500   22.345  0
  7    831.00   500   23.088  0
  8    854.00   500   24.746  0
  9    977.00   500   24.781  0
 10    854.00   500   22.060  0
 11    895.00   500   27.896  0
 12    863.00   500   25.358  0
 13    887.00   500   23.207  0
 14    864.00   500   22.128  0
 15    891.00   500   21.945  0
 16    922.00   500   26.000  0
 17    868.00   500   23.971  0
 18    949.00   500   23.111  0
 19    904.00   500   22.326  0
 20    954.00   500   27.847  0
 21    938.00   500   23.638  0
 22    888.00   500   23.827  0
 23    953.00   500   22.337  0
 24    889.00   500   19.809  0
 25    815.00   500   22.541  0
 26    891.00   500   26.247  0
 27    865.00   500   24.213  0
 28    892.00   500   22.136  0
 29    889.00   500   26.587  0
# avg=892.500  timeouts=0  total_time=718.6s bailed=0
