# config=explore_astar problem=m5_med horizon=375 budget=207.5s n_seeds=30
# columns: seed | reward | steps | time_s | timed_out
  0    860.00   375   21.872  0
  1    860.00   375   21.689  0
  2    840.00   375   22.936  0
  3    881.00   375   21.100  0
  4    864.00   375   22.587  0
  5    868.00   375   20.272  0
  6    896.00   375   20.347  0
  7    874.00   375   20.201  0
  8    885.00   375   18.681  0
  9    840.00   375   19.154  0
 10    865.00   375   18.610  0
 11    882.00   375   16.387  0
 12    815.00   375   23.838  0
 13    864.00   375   23.409  0
 14    873.00   375   22.470  0
 15    826.00   375   19.768  0
 16    842.00   375   27.084  0
 17    844.00   375   21.784  0
 18    848.00   375   19.334  0
 19    881.00   375   17.798  0
 20    860.00   375   19.444  0
 21    858.00   375   21.380  0
 22    879.00   375   16.683  0
 23    858.00   375   27.556  0
 24    864.00   375   24.083  0
 25    890.00   375   20.942  0
 26    803.00   375   22.302  0
 27    874.00   375   26.481  0
 28    805.00   375   27.080  0
 29    850.00   375   21.085  0
# avg=858.300  timeouts=0  total_time=646.4s bailed=0
