# config=explore_astar problem=p1_easy horizon=250 budget=145.0s n_seeds=30
# columns: seed | reward | steps | time_s | timed_out
  0    896.00   250    0.206  0
  1    878.00   250    0.181  0
  2    879.00   250    0.190  0
  3    370.00   250    0.069  0
  4    847.00   250    0.169  0
  5    830.00   250    0.120  0
  6    404.00   250    0.067  0
  7    882.00   250    0.133  0
  8    813.00   250    0.169  0
  9    832.00   250    0.134  0
 10    404.00   250    0.072  0
 11    847.00   250    0.151  0
 12    882.00   250    0.130  0
 13    845.00   250    0.142  0
 14    887.00   250    0.157  0
 15    857.00   250    0.166  0
 16    860.00   250    0.205  0
 17    848.00   250    0.106  0
 18    868.00   250    0.195  0
 19    902.00   250    0.152  0
 20    847.00   250    0.124  0
 21    389.00   250    0.069  0
 22    869.00   250    0.123  0
 23    820.00   250    0.185  0
 24    896.00   250    0.128  0
 25    859.00   250    0.135  0
 26    903.00   250    0.158  0
 27    812.00   250    0.181  0
 28    841.00   250    0.182  0
 29    847.00   250    0.193  0
# avg=797.133  timeouts=0  total_time=4.4s bailed=0
