# config=explore_astar problem=p1_hard horizon=500 budget=270.0s n_seeds=30
# columns: seed | reward | steps | time_s | timed_out
  0   1264.00   500    0.903  0
  1   1231.00   500    0.900  0
  2   1293.00   500    0.840  0
  3   1286.00   500    0.831  0
  4   1174.00   500    0.799  0
  5   1250.00   500    0.700  0
  6   1239.00   500    1.007  0
  7   1108.00   500    1.064  0
  8   1177.00   500    0.937  0
  9   1336.00   500    0.721  0
 10   1249.00   500    0.777  0
 11   1305.00   500    0.822  0
 12   1138.00   500    0.875  0
 13   1251.00   500    0.853  0
 14   1255.00   500    0.806  0
 15   1240.00   500    0.894  0
 16   1219.00   500    0.756  0
 17   1239.00   500    0.906  0
 18   1312.00   500    0.794  0
 19   1266.00   500    0.776  0
 20   1344.00   500    0.708  0
 21   1333.00   500    0.791  0
 22   1370.00   500    0.737  0
 23   1256.00   500    0.781  0
 24   1313.00   500    0.696  0
 25   1181.00   500    1.076  0
 26   1252.00   500    0.748  0
 27   1115.00   500    0.959  0
 28   1200.00   500    0.808  0
 29   1239.00   500    0.830  0
# avg=1247.833  timeouts=0  total_time=25.1s bailed=0
