# config=explore_astar problem=p1_med horizon=375 budget=207.5s n_seeds=30
# columns: seed | reward | steps | time_s | timed_out
  0   1258.00   375    0.362  0
  1   1278.00   375    0.316  0
  2   1301.00   375    0.273  0
  3    511.00   375    0.112  0
  4   1212.00   375    0.363  0
  5   1228.00   375    0.336  0
  6   1260.00   375    0.283  0
  7   1184.00   375    0.378  0
  8    594.00   375    0.116  0
  9   1255.00   375    0.295  0
 10   1251.00   375    0.344  0
 11   1241.00   375    0.278  0
 12   1213.00   375    0.397  0
 13   1196.00   375    0.260  0
 14    589.00   375    0.122  0
 15   1235.00   375    0.310  0
 16    535.00   375    0.124  0
 17    549.00   375    0.103  0
 18   1227.00   375    0.321  0
 19   1280.00   375    0.272  0
 20   1241.00   375    0.318  0
 21    585.00   375    0.101  0
 22   1237.00   375    0.264  0
 23   1246.00   375    0.307  0
 24   1238.00   375    0.292  0
 25   1144.00   375    0.302  0
 26    604.00   375    0.125  0
 27    584.00   375    0.105  0
 28   1205.00   375    0.385  0
 29    591.00   375    0.123  0
# avg=1035.733  timeouts=0  total_time=7.7s bailed=0
