# config=explore_astar problem=rl_easy horizon=250 budget=145.0s n_seeds=30
# columns: seed | reward | steps | time_s | timed_out
  0   1482.00   250    0.032  0
  1   1482.00   250    0.028  0
  2   1482.00   250    0.031  0
  3   2649.00   250    0.014  0
  4   2592.00   250    0.014  0
  5   1484.00   250    0.023  0
  6   2543.00   250    0.015  0
  7   1484.00   250    0.021  0
  8   2593.00   250    0.015  0
  9   1483.00   250    0.023  0
 10   1427.00   250    0.030  0
 11   1484.00   250    0.022  0
 12   1539.00   250    0.024  0
 13   1482.00   250    0.026  0
 14   1483.00   250    0.026  0
 15   2642.00   250    0.015  0
 16   1482.00   250    0.022  0
 17   1539.00   250    0.019  0
 18   1482.00   250    0.033  0
 19   1482.00   250    0.027  0
 20   1484.00   250    0.023  0
 21   2643.00   250    0.014  0
 22   2593.00   250    0.014  0
 23   1482.00   250    0.032  0
 24   1484.00   250    0.023  0
 25   1539.00   250    0.020  0
 26   1483.00   250    0.026  0
 27   1482.00   250    0.034  0
 28   2592.00   250    0.013  0
 29   1482.00   250    0.027  0
# avg=1786.000  timeouts=0  total_time=0.7s bailed=0
