# config=explore_astar problem=rl_hard horizon=500 budget=270.0s n_seeds=30
# columns: seed | reward | steps | time_s | timed_out
  0   2852.00   500    0.064  0
  1   2907.00   500    0.058  0
  2   2907.00   500    0.056  0
  3   5191.00   500    0.027  0
  4   4934.00   500    0.033  0
  5   2907.00   500    0.061  0
  6   5135.00   500    0.026  0
  7   2908.00   500    0.053  0
  8   5191.00   500    0.028  0
  9   5191.00   500    0.028  0
 10   2908.00   500    0.062  0
 11   2908.00   500    0.056  0
 12   5034.00   500    0.031  0
 13   5135.00   500    0.029  0
 14   2909.00   500    0.056  0
 15   4985.00   500    0.027  0
 16   5084.00   500    0.029  0
 17   2851.00   500    0.066  0
 18   5091.00   500    0.026  0
 19   2907.00   500    0.058  0
 20   2907.00   500    0.055  0
 21   5085.00   500    0.028  0
 22   5241.00   500    0.028  0
 23   5141.00   500    0.029  0
 24   2965.00   500    0.058  0
 25   2794.00   500    0.066  0
 26   4935.00   500    0.030  0
 27   2851.00   500    0.058  0
 28   2794.00   500    0.064  0
 29   2850.00   500    0.059  0
# avg=3916.600  timeouts=0  total_time=1.3s bailed=0
