# config=explore_astar problem=rl_med horizon=375 budget=207.5s n_seeds=30
# columns: seed | reward | steps | time_s | timed_out
  0   2110.00   375    0.051  0
  1   2167.00   375    0.047  0
  2   3820.00   375    0.021  0
  3   3920.00   375    0.020  0
  4   3713.00   375    0.028  0
  5   3814.00   375    0.023  0
  6   3863.00   375    0.020  0
  7   3820.00   375    0.020  0
  8   2167.00   375    0.045  0
  9   3870.00   375    0.021  0
 10   2166.00   375    0.053  0
 11   2167.00   375    0.046  0
 12   3813.00   375    0.025  0
 13   3813.00   375    0.022  0
 14   2166.00   375    0.045  0
 15   2109.00   375    0.049  0
 16   2166.00   375    0.048  0
 17   2110.00   375    0.048  0
 18   2111.00   375    0.052  0
 19   2166.00   375    0.045  0
 20   2110.00   375    0.048  0
 21   3813.00   375    0.022  0
 22   3920.00   375    0.021  0
 23   2166.00   375    0.053  0
 24   2168.00   375    0.041  0
 25   2054.00   375    0.061  0
 26   3713.00   375    0.027  0
 27   3763.00   375    0.024  0
 28   3713.00   375    0.024  0
 29   2110.00   375    0.051  0
# avg=2919.367  timeouts=0  total_time=1.1s bailed=0
